{"C:\\Users\\s.shamsundar.chandak\\Documents\\ec-ui code\\github-ec-ui\\web-ui\\src\\App.js": {"path":"C:\\Users\\s.shamsundar.chandak\\Documents\\ec-ui code\\github-ec-ui\\web-ui\\src\\App.js","statementMap":{"0":{"start":{"line":11,"column":18},"end":{"line":11,"column":64}},"1":{"start":{"line":11,"column":29},"end":{"line":11,"column":63}},"2":{"start":{"line":12,"column":30},"end":{"line":14,"column":1}},"3":{"start":{"line":13,"column":2},"end":{"line":13,"column":61}},"4":{"start":{"line":15,"column":24},"end":{"line":17,"column":1}},"5":{"start":{"line":16,"column":2},"end":{"line":16,"column":64}},"6":{"start":{"line":18,"column":13},"end":{"line":18,"column":49}},"7":{"start":{"line":18,"column":24},"end":{"line":18,"column":48}},"8":{"start":{"line":19,"column":17},"end":{"line":19,"column":61}},"9":{"start":{"line":19,"column":28},"end":{"line":19,"column":60}},"10":{"start":{"line":20,"column":22},"end":{"line":20,"column":71}},"11":{"start":{"line":20,"column":33},"end":{"line":20,"column":70}},"12":{"start":{"line":21,"column":23},"end":{"line":21,"column":73}},"13":{"start":{"line":21,"column":34},"end":{"line":21,"column":72}},"14":{"start":{"line":22,"column":20},"end":{"line":22,"column":67}},"15":{"start":{"line":22,"column":31},"end":{"line":22,"column":66}},"16":{"start":{"line":23,"column":21},"end":{"line":23,"column":69}},"17":{"start":{"line":23,"column":32},"end":{"line":23,"column":68}},"18":{"start":{"line":24,"column":18},"end":{"line":24,"column":63}},"19":{"start":{"line":24,"column":29},"end":{"line":24,"column":62}},"20":{"start":{"line":25,"column":28},"end":{"line":27,"column":1}},"21":{"start":{"line":26,"column":2},"end":{"line":26,"column":45}},"22":{"start":{"line":32,"column":26},"end":{"line":32,"column":79}},"23":{"start":{"line":32,"column":37},"end":{"line":32,"column":78}},"24":{"start":{"line":33,"column":22},"end":{"line":33,"column":71}},"25":{"start":{"line":33,"column":33},"end":{"line":33,"column":70}},"26":{"start":{"line":34,"column":23},"end":{"line":34,"column":73}},"27":{"start":{"line":34,"column":34},"end":{"line":34,"column":72}},"28":{"start":{"line":35,"column":20},"end":{"line":35,"column":67}},"29":{"start":{"line":35,"column":31},"end":{"line":35,"column":66}},"30":{"start":{"line":36,"column":20},"end":{"line":36,"column":67}},"31":{"start":{"line":36,"column":31},"end":{"line":36,"column":66}},"32":{"start":{"line":39,"column":21},"end":{"line":39,"column":68}},"33":{"start":{"line":39,"column":32},"end":{"line":39,"column":67}},"34":{"start":{"line":40,"column":14},"end":{"line":40,"column":54}},"35":{"start":{"line":40,"column":25},"end":{"line":40,"column":53}},"36":{"start":{"line":41,"column":21},"end":{"line":41,"column":68}},"37":{"start":{"line":41,"column":32},"end":{"line":41,"column":67}},"38":{"start":{"line":43,"column":15},"end":{"line":43,"column":55}},"39":{"start":{"line":43,"column":26},"end":{"line":43,"column":54}},"40":{"start":{"line":44,"column":23},"end":{"line":44,"column":73}},"41":{"start":{"line":44,"column":34},"end":{"line":44,"column":72}},"42":{"start":{"line":45,"column":20},"end":{"line":45,"column":67}},"43":{"start":{"line":45,"column":31},"end":{"line":45,"column":66}},"44":{"start":{"line":46,"column":17},"end":{"line":46,"column":61}},"45":{"start":{"line":46,"column":28},"end":{"line":46,"column":60}},"46":{"start":{"line":47,"column":15},"end":{"line":47,"column":55}},"47":{"start":{"line":47,"column":26},"end":{"line":47,"column":54}},"48":{"start":{"line":48,"column":15},"end":{"line":48,"column":55}},"49":{"start":{"line":48,"column":26},"end":{"line":48,"column":54}},"50":{"start":{"line":49,"column":16},"end":{"line":49,"column":58}},"51":{"start":{"line":49,"column":27},"end":{"line":49,"column":57}},"52":{"start":{"line":50,"column":27},"end":{"line":52,"column":1}},"53":{"start":{"line":51,"column":2},"end":{"line":51,"column":54}},"54":{"start":{"line":53,"column":20},"end":{"line":53,"column":70}},"55":{"start":{"line":53,"column":31},"end":{"line":53,"column":69}},"56":{"start":{"line":54,"column":15},"end":{"line":54,"column":55}},"57":{"start":{"line":54,"column":26},"end":{"line":54,"column":54}},"58":{"start":{"line":56,"column":17},"end":{"line":56,"column":37}},"59":{"start":{"line":60,"column":2},"end":{"line":62,"column":26}},"60":{"start":{"line":66,"column":4},"end":{"line":66,"column":17}},"61":{"start":{"line":67,"column":4},"end":{"line":99,"column":6}},"62":{"start":{"line":661,"column":4},"end":{"line":661,"column":45}},"63":{"start":{"line":662,"column":4},"end":{"line":662,"column":59}},"64":{"start":{"line":663,"column":4},"end":{"line":663,"column":51}},"65":{"start":{"line":664,"column":4},"end":{"line":664,"column":58}},"66":{"start":{"line":672,"column":21},"end":{"line":672,"column":22}},"67":{"start":{"line":673,"column":21},"end":{"line":673,"column":22}},"68":{"start":{"line":674,"column":4},"end":{"line":827,"column":5}},"69":{"start":{"line":675,"column":6},"end":{"line":675,"column":59}},"70":{"start":{"line":676,"column":6},"end":{"line":703,"column":9}},"71":{"start":{"line":687,"column":10},"end":{"line":692,"column":11}},"72":{"start":{"line":687,"column":23},"end":{"line":687,"column":24}},"73":{"start":{"line":688,"column":12},"end":{"line":691,"column":14}},"74":{"start":{"line":697,"column":10},"end":{"line":701,"column":11}},"75":{"start":{"line":698,"column":12},"end":{"line":698,"column":45}},"76":{"start":{"line":700,"column":12},"end":{"line":700,"column":45}},"77":{"start":{"line":704,"column":11},"end":{"line":827,"column":5}},"78":{"start":{"line":705,"column":6},"end":{"line":705,"column":75}},"79":{"start":{"line":706,"column":6},"end":{"line":734,"column":9}},"80":{"start":{"line":717,"column":10},"end":{"line":722,"column":11}},"81":{"start":{"line":717,"column":23},"end":{"line":717,"column":24}},"82":{"start":{"line":718,"column":12},"end":{"line":721,"column":14}},"83":{"start":{"line":728,"column":10},"end":{"line":732,"column":11}},"84":{"start":{"line":729,"column":12},"end":{"line":729,"column":45}},"85":{"start":{"line":731,"column":12},"end":{"line":731,"column":45}},"86":{"start":{"line":735,"column":11},"end":{"line":827,"column":5}},"87":{"start":{"line":736,"column":6},"end":{"line":736,"column":74}},"88":{"start":{"line":737,"column":6},"end":{"line":765,"column":9}},"89":{"start":{"line":748,"column":10},"end":{"line":753,"column":11}},"90":{"start":{"line":748,"column":23},"end":{"line":748,"column":24}},"91":{"start":{"line":749,"column":12},"end":{"line":752,"column":14}},"92":{"start":{"line":759,"column":10},"end":{"line":763,"column":11}},"93":{"start":{"line":760,"column":12},"end":{"line":760,"column":45}},"94":{"start":{"line":762,"column":12},"end":{"line":762,"column":45}},"95":{"start":{"line":766,"column":11},"end":{"line":827,"column":5}},"96":{"start":{"line":767,"column":6},"end":{"line":767,"column":67}},"97":{"start":{"line":768,"column":6},"end":{"line":796,"column":9}},"98":{"start":{"line":779,"column":10},"end":{"line":784,"column":11}},"99":{"start":{"line":779,"column":23},"end":{"line":779,"column":24}},"100":{"start":{"line":780,"column":12},"end":{"line":783,"column":14}},"101":{"start":{"line":790,"column":10},"end":{"line":794,"column":11}},"102":{"start":{"line":791,"column":12},"end":{"line":791,"column":45}},"103":{"start":{"line":793,"column":12},"end":{"line":793,"column":45}},"104":{"start":{"line":798,"column":6},"end":{"line":798,"column":65}},"105":{"start":{"line":799,"column":6},"end":{"line":826,"column":9}},"106":{"start":{"line":810,"column":10},"end":{"line":815,"column":11}},"107":{"start":{"line":810,"column":23},"end":{"line":810,"column":24}},"108":{"start":{"line":811,"column":12},"end":{"line":814,"column":14}},"109":{"start":{"line":820,"column":10},"end":{"line":824,"column":11}},"110":{"start":{"line":821,"column":12},"end":{"line":821,"column":45}},"111":{"start":{"line":823,"column":12},"end":{"line":823,"column":45}},"112":{"start":{"line":828,"column":4},"end":{"line":828,"column":33}},"113":{"start":{"line":829,"column":4},"end":{"line":829,"column":49}},"114":{"start":{"line":830,"column":4},"end":{"line":830,"column":51}}},"fnMap":{"0":{"name":"(anonymous_0)","decl":{"start":{"line":11,"column":23},"end":{"line":11,"column":24}},"loc":{"start":{"line":11,"column":29},"end":{"line":11,"column":63}},"line":11},"1":{"name":"(anonymous_1)","decl":{"start":{"line":12,"column":35},"end":{"line":12,"column":36}},"loc":{"start":{"line":13,"column":2},"end":{"line":13,"column":61}},"line":13},"2":{"name":"(anonymous_2)","decl":{"start":{"line":15,"column":29},"end":{"line":15,"column":30}},"loc":{"start":{"line":16,"column":2},"end":{"line":16,"column":64}},"line":16},"3":{"name":"(anonymous_3)","decl":{"start":{"line":18,"column":18},"end":{"line":18,"column":19}},"loc":{"start":{"line":18,"column":24},"end":{"line":18,"column":48}},"line":18},"4":{"name":"(anonymous_4)","decl":{"start":{"line":19,"column":22},"end":{"line":19,"column":23}},"loc":{"start":{"line":19,"column":28},"end":{"line":19,"column":60}},"line":19},"5":{"name":"(anonymous_5)","decl":{"start":{"line":20,"column":27},"end":{"line":20,"column":28}},"loc":{"start":{"line":20,"column":33},"end":{"line":20,"column":70}},"line":20},"6":{"name":"(anonymous_6)","decl":{"start":{"line":21,"column":28},"end":{"line":21,"column":29}},"loc":{"start":{"line":21,"column":34},"end":{"line":21,"column":72}},"line":21},"7":{"name":"(anonymous_7)","decl":{"start":{"line":22,"column":25},"end":{"line":22,"column":26}},"loc":{"start":{"line":22,"column":31},"end":{"line":22,"column":66}},"line":22},"8":{"name":"(anonymous_8)","decl":{"start":{"line":23,"column":26},"end":{"line":23,"column":27}},"loc":{"start":{"line":23,"column":32},"end":{"line":23,"column":68}},"line":23},"9":{"name":"(anonymous_9)","decl":{"start":{"line":24,"column":23},"end":{"line":24,"column":24}},"loc":{"start":{"line":24,"column":29},"end":{"line":24,"column":62}},"line":24},"10":{"name":"(anonymous_10)","decl":{"start":{"line":25,"column":33},"end":{"line":25,"column":34}},"loc":{"start":{"line":26,"column":2},"end":{"line":26,"column":45}},"line":26},"11":{"name":"(anonymous_11)","decl":{"start":{"line":32,"column":31},"end":{"line":32,"column":32}},"loc":{"start":{"line":32,"column":37},"end":{"line":32,"column":78}},"line":32},"12":{"name":"(anonymous_12)","decl":{"start":{"line":33,"column":27},"end":{"line":33,"column":28}},"loc":{"start":{"line":33,"column":33},"end":{"line":33,"column":70}},"line":33},"13":{"name":"(anonymous_13)","decl":{"start":{"line":34,"column":28},"end":{"line":34,"column":29}},"loc":{"start":{"line":34,"column":34},"end":{"line":34,"column":72}},"line":34},"14":{"name":"(anonymous_14)","decl":{"start":{"line":35,"column":25},"end":{"line":35,"column":26}},"loc":{"start":{"line":35,"column":31},"end":{"line":35,"column":66}},"line":35},"15":{"name":"(anonymous_15)","decl":{"start":{"line":36,"column":25},"end":{"line":36,"column":26}},"loc":{"start":{"line":36,"column":31},"end":{"line":36,"column":66}},"line":36},"16":{"name":"(anonymous_16)","decl":{"start":{"line":39,"column":26},"end":{"line":39,"column":27}},"loc":{"start":{"line":39,"column":32},"end":{"line":39,"column":67}},"line":39},"17":{"name":"(anonymous_17)","decl":{"start":{"line":40,"column":19},"end":{"line":40,"column":20}},"loc":{"start":{"line":40,"column":25},"end":{"line":40,"column":53}},"line":40},"18":{"name":"(anonymous_18)","decl":{"start":{"line":41,"column":26},"end":{"line":41,"column":27}},"loc":{"start":{"line":41,"column":32},"end":{"line":41,"column":67}},"line":41},"19":{"name":"(anonymous_19)","decl":{"start":{"line":43,"column":20},"end":{"line":43,"column":21}},"loc":{"start":{"line":43,"column":26},"end":{"line":43,"column":54}},"line":43},"20":{"name":"(anonymous_20)","decl":{"start":{"line":44,"column":28},"end":{"line":44,"column":29}},"loc":{"start":{"line":44,"column":34},"end":{"line":44,"column":72}},"line":44},"21":{"name":"(anonymous_21)","decl":{"start":{"line":45,"column":25},"end":{"line":45,"column":26}},"loc":{"start":{"line":45,"column":31},"end":{"line":45,"column":66}},"line":45},"22":{"name":"(anonymous_22)","decl":{"start":{"line":46,"column":22},"end":{"line":46,"column":23}},"loc":{"start":{"line":46,"column":28},"end":{"line":46,"column":60}},"line":46},"23":{"name":"(anonymous_23)","decl":{"start":{"line":47,"column":20},"end":{"line":47,"column":21}},"loc":{"start":{"line":47,"column":26},"end":{"line":47,"column":54}},"line":47},"24":{"name":"(anonymous_24)","decl":{"start":{"line":48,"column":20},"end":{"line":48,"column":21}},"loc":{"start":{"line":48,"column":26},"end":{"line":48,"column":54}},"line":48},"25":{"name":"(anonymous_25)","decl":{"start":{"line":49,"column":21},"end":{"line":49,"column":22}},"loc":{"start":{"line":49,"column":27},"end":{"line":49,"column":57}},"line":49},"26":{"name":"(anonymous_26)","decl":{"start":{"line":50,"column":32},"end":{"line":50,"column":33}},"loc":{"start":{"line":51,"column":2},"end":{"line":51,"column":54}},"line":51},"27":{"name":"(anonymous_27)","decl":{"start":{"line":53,"column":25},"end":{"line":53,"column":26}},"loc":{"start":{"line":53,"column":31},"end":{"line":53,"column":69}},"line":53},"28":{"name":"(anonymous_28)","decl":{"start":{"line":54,"column":20},"end":{"line":54,"column":21}},"loc":{"start":{"line":54,"column":26},"end":{"line":54,"column":54}},"line":54},"29":{"name":"(anonymous_29)","decl":{"start":{"line":65,"column":2},"end":{"line":65,"column":3}},"loc":{"start":{"line":65,"column":21},"end":{"line":100,"column":3}},"line":65},"30":{"name":"(anonymous_30)","decl":{"start":{"line":660,"column":2},"end":{"line":660,"column":3}},"loc":{"start":{"line":660,"column":31},"end":{"line":669,"column":3}},"line":660},"31":{"name":"(anonymous_31)","decl":{"start":{"line":671,"column":2},"end":{"line":671,"column":3}},"loc":{"start":{"line":671,"column":36},"end":{"line":831,"column":3}},"line":671},"32":{"name":"(anonymous_32)","decl":{"start":{"line":686,"column":20},"end":{"line":686,"column":21}},"loc":{"start":{"line":686,"column":52},"end":{"line":693,"column":9}},"line":686},"33":{"name":"(anonymous_33)","decl":{"start":{"line":696,"column":24},"end":{"line":696,"column":25}},"loc":{"start":{"line":696,"column":45},"end":{"line":702,"column":9}},"line":696},"34":{"name":"(anonymous_34)","decl":{"start":{"line":716,"column":20},"end":{"line":716,"column":21}},"loc":{"start":{"line":716,"column":52},"end":{"line":723,"column":9}},"line":716},"35":{"name":"(anonymous_35)","decl":{"start":{"line":727,"column":24},"end":{"line":727,"column":25}},"loc":{"start":{"line":727,"column":45},"end":{"line":733,"column":9}},"line":727},"36":{"name":"(anonymous_36)","decl":{"start":{"line":747,"column":20},"end":{"line":747,"column":21}},"loc":{"start":{"line":747,"column":52},"end":{"line":754,"column":9}},"line":747},"37":{"name":"(anonymous_37)","decl":{"start":{"line":758,"column":24},"end":{"line":758,"column":25}},"loc":{"start":{"line":758,"column":45},"end":{"line":764,"column":9}},"line":758},"38":{"name":"(anonymous_38)","decl":{"start":{"line":778,"column":20},"end":{"line":778,"column":21}},"loc":{"start":{"line":778,"column":52},"end":{"line":785,"column":9}},"line":778},"39":{"name":"(anonymous_39)","decl":{"start":{"line":789,"column":24},"end":{"line":789,"column":25}},"loc":{"start":{"line":789,"column":45},"end":{"line":795,"column":9}},"line":789},"40":{"name":"(anonymous_40)","decl":{"start":{"line":809,"column":20},"end":{"line":809,"column":21}},"loc":{"start":{"line":809,"column":52},"end":{"line":816,"column":9}},"line":809},"41":{"name":"(anonymous_41)","decl":{"start":{"line":819,"column":24},"end":{"line":819,"column":25}},"loc":{"start":{"line":819,"column":45},"end":{"line":825,"column":9}},"line":819},"42":{"name":"(anonymous_42)","decl":{"start":{"line":868,"column":2},"end":{"line":868,"column":3}},"loc":{"start":{"line":868,"column":22},"end":{"line":870,"column":3}},"line":868},"43":{"name":"(anonymous_43)","decl":{"start":{"line":872,"column":2},"end":{"line":872,"column":3}},"loc":{"start":{"line":872,"column":22},"end":{"line":876,"column":3}},"line":872},"44":{"name":"(anonymous_44)","decl":{"start":{"line":939,"column":2},"end":{"line":939,"column":3}},"loc":{"start":{"line":939,"column":11},"end":{"line":1159,"column":3}},"line":939}},"branchMap":{"0":{"loc":{"start":{"line":60,"column":2},"end":{"line":62,"column":26}},"type":"cond-expr","locations":[{"start":{"line":61,"column":6},"end":{"line":61,"column":62}},{"start":{"line":62,"column":6},"end":{"line":62,"column":26}}],"line":60},"1":{"loc":{"start":{"line":60,"column":2},"end":{"line":60,"column":74}},"type":"binary-expr","locations":[{"start":{"line":60,"column":2},"end":{"line":60,"column":27}},{"start":{"line":60,"column":31},"end":{"line":60,"column":74}}],"line":60},"2":{"loc":{"start":{"line":674,"column":4},"end":{"line":827,"column":5}},"type":"if","locations":[{"start":{"line":674,"column":4},"end":{"line":827,"column":5}},{"start":{"line":674,"column":4},"end":{"line":827,"column":5}}],"line":674},"3":{"loc":{"start":{"line":697,"column":10},"end":{"line":701,"column":11}},"type":"if","locations":[{"start":{"line":697,"column":10},"end":{"line":701,"column":11}},{"start":{"line":697,"column":10},"end":{"line":701,"column":11}}],"line":697},"4":{"loc":{"start":{"line":704,"column":11},"end":{"line":827,"column":5}},"type":"if","locations":[{"start":{"line":704,"column":11},"end":{"line":827,"column":5}},{"start":{"line":704,"column":11},"end":{"line":827,"column":5}}],"line":704},"5":{"loc":{"start":{"line":728,"column":10},"end":{"line":732,"column":11}},"type":"if","locations":[{"start":{"line":728,"column":10},"end":{"line":732,"column":11}},{"start":{"line":728,"column":10},"end":{"line":732,"column":11}}],"line":728},"6":{"loc":{"start":{"line":735,"column":11},"end":{"line":827,"column":5}},"type":"if","locations":[{"start":{"line":735,"column":11},"end":{"line":827,"column":5}},{"start":{"line":735,"column":11},"end":{"line":827,"column":5}}],"line":735},"7":{"loc":{"start":{"line":759,"column":10},"end":{"line":763,"column":11}},"type":"if","locations":[{"start":{"line":759,"column":10},"end":{"line":763,"column":11}},{"start":{"line":759,"column":10},"end":{"line":763,"column":11}}],"line":759},"8":{"loc":{"start":{"line":766,"column":11},"end":{"line":827,"column":5}},"type":"if","locations":[{"start":{"line":766,"column":11},"end":{"line":827,"column":5}},{"start":{"line":766,"column":11},"end":{"line":827,"column":5}}],"line":766},"9":{"loc":{"start":{"line":790,"column":10},"end":{"line":794,"column":11}},"type":"if","locations":[{"start":{"line":790,"column":10},"end":{"line":794,"column":11}},{"start":{"line":790,"column":10},"end":{"line":794,"column":11}}],"line":790},"10":{"loc":{"start":{"line":820,"column":10},"end":{"line":824,"column":11}},"type":"if","locations":[{"start":{"line":820,"column":10},"end":{"line":824,"column":11}},{"start":{"line":820,"column":10},"end":{"line":824,"column":11}}],"line":820}},"s":{"0":1,"1":0,"2":1,"3":0,"4":1,"5":0,"6":1,"7":0,"8":1,"9":0,"10":1,"11":0,"12":1,"13":0,"14":1,"15":0,"16":1,"17":0,"18":1,"19":0,"20":1,"21":0,"22":1,"23":0,"24":1,"25":0,"26":1,"27":0,"28":1,"29":0,"30":1,"31":0,"32":1,"33":0,"34":1,"35":0,"36":1,"37":0,"38":1,"39":0,"40":1,"41":0,"42":1,"43":0,"44":1,"45":0,"46":1,"47":0,"48":1,"49":0,"50":1,"51":0,"52":1,"53":0,"54":1,"55":0,"56":1,"57":0,"58":1,"59":1,"60":6,"61":6,"62":0,"63":0,"64":0,"65":0,"66":0,"67":0,"68":0,"69":0,"70":0,"71":0,"72":0,"73":0,"74":0,"75":0,"76":0,"77":0,"78":0,"79":0,"80":0,"81":0,"82":0,"83":0,"84":0,"85":0,"86":0,"87":0,"88":0,"89":0,"90":0,"91":0,"92":0,"93":0,"94":0,"95":0,"96":0,"97":0,"98":0,"99":0,"100":0,"101":0,"102":0,"103":0,"104":0,"105":0,"106":0,"107":0,"108":0,"109":0,"110":0,"111":0,"112":0,"113":0,"114":0},"f":{"0":0,"1":0,"2":0,"3":0,"4":0,"5":0,"6":0,"7":0,"8":0,"9":0,"10":0,"11":0,"12":0,"13":0,"14":0,"15":0,"16":0,"17":0,"18":0,"19":0,"20":0,"21":0,"22":0,"23":0,"24":0,"25":0,"26":0,"27":0,"28":0,"29":6,"30":0,"31":0,"32":0,"33":0,"34":0,"35":0,"36":0,"37":0,"38":0,"39":0,"40":0,"41":0,"42":0,"43":0,"44":3},"b":{"0":[0,1],"1":[1,0],"2":[0,0],"3":[0,0],"4":[0,0],"5":[0,0],"6":[0,0],"7":[0,0],"8":[0,0],"9":[0,0],"10":[0,0]},"_coverageSchema":"43e27e138ebf9cfc5966b082cf9a028302ed4184","hash":"5478f2750b47088646fa0dbea5392d78cc7e0e8d"}
,"C:\\Users\\s.shamsundar.chandak\\Documents\\ec-ui code\\github-ec-ui\\web-ui\\src\\custom-service-worker.js": {"path":"C:\\Users\\s.shamsundar.chandak\\Documents\\ec-ui code\\github-ec-ui\\web-ui\\src\\custom-service-worker.js","statementMap":{"0":{"start":{"line":1,"column":0},"end":{"line":4,"column":1}},"1":{"start":{"line":2,"column":4},"end":{"line":2,"column":71}}},"fnMap":{"0":{"name":"(anonymous_0)","decl":{"start":{"line":1,"column":33},"end":{"line":1,"column":34}},"loc":{"start":{"line":1,"column":37},"end":{"line":3,"column":2}},"line":1}},"branchMap":{},"s":{"0":0,"1":0},"f":{"0":0},"b":{},"hash":"83c855e903ebd164c67d8932e70afbba8411930d"}
,"C:\\Users\\s.shamsundar.chandak\\Documents\\ec-ui code\\github-ec-ui\\web-ui\\src\\index.js": {"path":"C:\\Users\\s.shamsundar.chandak\\Documents\\ec-ui code\\github-ec-ui\\web-ui\\src\\index.js","statementMap":{"0":{"start":{"line":31,"column":0},"end":{"line":52,"column":1}},"1":{"start":{"line":32,"column":15},"end":{"line":32,"column":32}},"2":{"start":{"line":33,"column":15},"end":{"line":33,"column":45}},"3":{"start":{"line":34,"column":17},"end":{"line":34,"column":54}},"4":{"start":{"line":35,"column":18},"end":{"line":35,"column":39}},"5":{"start":{"line":36,"column":12},"end":{"line":36,"column":32}},"6":{"start":{"line":37,"column":16},"end":{"line":41,"column":3}},"7":{"start":{"line":42,"column":2},"end":{"line":42,"column":32}},"8":{"start":{"line":43,"column":2},"end":{"line":45,"column":4}},"9":{"start":{"line":44,"column":4},"end":{"line":44,"column":74}},"10":{"start":{"line":55,"column":19},"end":{"line":55,"column":29}},"11":{"start":{"line":56,"column":22},"end":{"line":56,"column":57}},"12":{"start":{"line":57,"column":11},"end":{"line":57,"column":35}},"13":{"start":{"line":58,"column":2},"end":{"line":66,"column":3}},"14":{"start":{"line":58,"column":15},"end":{"line":58,"column":16}},"15":{"start":{"line":59,"column":12},"end":{"line":59,"column":17}},"16":{"start":{"line":60,"column":4},"end":{"line":62,"column":5}},"17":{"start":{"line":61,"column":6},"end":{"line":61,"column":25}},"18":{"start":{"line":63,"column":4},"end":{"line":65,"column":5}},"19":{"start":{"line":64,"column":6},"end":{"line":64,"column":54}},"20":{"start":{"line":69,"column":0},"end":{"line":74,"column":2}},"21":{"start":{"line":79,"column":0},"end":{"line":79,"column":25}}},"fnMap":{"0":{"name":"(anonymous_0)","decl":{"start":{"line":43,"column":23},"end":{"line":43,"column":24}},"loc":{"start":{"line":43,"column":36},"end":{"line":45,"column":3}},"line":43},"1":{"name":"getToken","decl":{"start":{"line":54,"column":9},"end":{"line":54,"column":17}},"loc":{"start":{"line":54,"column":24},"end":{"line":67,"column":1}},"line":54}},"branchMap":{"0":{"loc":{"start":{"line":31,"column":0},"end":{"line":52,"column":1}},"type":"if","locations":[{"start":{"line":31,"column":0},"end":{"line":52,"column":1}},{"start":{"line":31,"column":0},"end":{"line":52,"column":1}}],"line":31},"1":{"loc":{"start":{"line":63,"column":4},"end":{"line":65,"column":5}},"type":"if","locations":[{"start":{"line":63,"column":4},"end":{"line":65,"column":5}},{"start":{"line":63,"column":4},"end":{"line":65,"column":5}}],"line":63}},"s":{"0":0,"1":0,"2":0,"3":0,"4":0,"5":0,"6":0,"7":0,"8":0,"9":0,"10":0,"11":0,"12":0,"13":0,"14":0,"15":0,"16":0,"17":0,"18":0,"19":0,"20":0,"21":0},"f":{"0":0,"1":0},"b":{"0":[0,0],"1":[0,0]},"hash":"5c345a12597c0b9f02793dc92ff8e44195fcd1e4"}
,"C:\\Users\\s.shamsundar.chandak\\Documents\\ec-ui code\\github-ec-ui\\web-ui\\src\\serviceWorker.js": {"path":"C:\\Users\\s.shamsundar.chandak\\Documents\\ec-ui code\\github-ec-ui\\web-ui\\src\\serviceWorker.js","statementMap":{"0":{"start":{"line":13,"column":20},"end":{"line":21,"column":1}},"1":{"start":{"line":24,"column":2},"end":{"line":54,"column":3}},"2":{"start":{"line":26,"column":22},"end":{"line":26,"column":75}},"3":{"start":{"line":27,"column":4},"end":{"line":32,"column":5}},"4":{"start":{"line":31,"column":6},"end":{"line":31,"column":13}},"5":{"start":{"line":34,"column":4},"end":{"line":53,"column":7}},"6":{"start":{"line":35,"column":20},"end":{"line":35,"column":72}},"7":{"start":{"line":37,"column":6},"end":{"line":52,"column":7}},"8":{"start":{"line":39,"column":8},"end":{"line":39,"column":47}},"9":{"start":{"line":43,"column":8},"end":{"line":48,"column":11}},"10":{"start":{"line":44,"column":10},"end":{"line":47,"column":12}},"11":{"start":{"line":51,"column":8},"end":{"line":51,"column":39}},"12":{"start":{"line":58,"column":2},"end":{"line":98,"column":7}},"13":{"start":{"line":61,"column":6},"end":{"line":94,"column":8}},"14":{"start":{"line":62,"column":33},"end":{"line":62,"column":56}},"15":{"start":{"line":63,"column":8},"end":{"line":65,"column":9}},"16":{"start":{"line":64,"column":10},"end":{"line":64,"column":17}},"17":{"start":{"line":66,"column":8},"end":{"line":93,"column":10}},"18":{"start":{"line":67,"column":10},"end":{"line":92,"column":11}},"19":{"start":{"line":68,"column":12},"end":{"line":91,"column":13}},"20":{"start":{"line":72,"column":14},"end":{"line":75,"column":16}},"21":{"start":{"line":78,"column":14},"end":{"line":80,"column":15}},"22":{"start":{"line":79,"column":16},"end":{"line":79,"column":46}},"23":{"start":{"line":85,"column":14},"end":{"line":85,"column":64}},"24":{"start":{"line":88,"column":14},"end":{"line":90,"column":15}},"25":{"start":{"line":89,"column":16},"end":{"line":89,"column":47}},"26":{"start":{"line":97,"column":6},"end":{"line":97,"column":72}},"27":{"start":{"line":103,"column":2},"end":{"line":128,"column":7}},"28":{"start":{"line":108,"column":26},"end":{"line":108,"column":62}},"29":{"start":{"line":109,"column":6},"end":{"line":122,"column":7}},"30":{"start":{"line":114,"column":8},"end":{"line":118,"column":11}},"31":{"start":{"line":115,"column":10},"end":{"line":117,"column":13}},"32":{"start":{"line":116,"column":12},"end":{"line":116,"column":37}},"33":{"start":{"line":121,"column":8},"end":{"line":121,"column":39}},"34":{"start":{"line":125,"column":6},"end":{"line":127,"column":8}},"35":{"start":{"line":132,"column":2},"end":{"line":140,"column":3}},"36":{"start":{"line":133,"column":4},"end":{"line":139,"column":9}},"37":{"start":{"line":135,"column":8},"end":{"line":135,"column":34}},"38":{"start":{"line":138,"column":8},"end":{"line":138,"column":37}}},"fnMap":{"0":{"name":"register","decl":{"start":{"line":23,"column":16},"end":{"line":23,"column":24}},"loc":{"start":{"line":23,"column":33},"end":{"line":55,"column":1}},"line":23},"1":{"name":"(anonymous_1)","decl":{"start":{"line":34,"column":36},"end":{"line":34,"column":37}},"loc":{"start":{"line":34,"column":42},"end":{"line":53,"column":5}},"line":34},"2":{"name":"(anonymous_2)","decl":{"start":{"line":43,"column":43},"end":{"line":43,"column":44}},"loc":{"start":{"line":43,"column":49},"end":{"line":48,"column":9}},"line":43},"3":{"name":"registerValidSW","decl":{"start":{"line":57,"column":9},"end":{"line":57,"column":24}},"loc":{"start":{"line":57,"column":40},"end":{"line":99,"column":1}},"line":57},"4":{"name":"(anonymous_4)","decl":{"start":{"line":60,"column":10},"end":{"line":60,"column":11}},"loc":{"start":{"line":60,"column":28},"end":{"line":95,"column":5}},"line":60},"5":{"name":"(anonymous_5)","decl":{"start":{"line":61,"column":35},"end":{"line":61,"column":36}},"loc":{"start":{"line":61,"column":41},"end":{"line":94,"column":7}},"line":61},"6":{"name":"(anonymous_6)","decl":{"start":{"line":66,"column":41},"end":{"line":66,"column":42}},"loc":{"start":{"line":66,"column":47},"end":{"line":93,"column":9}},"line":66},"7":{"name":"(anonymous_7)","decl":{"start":{"line":96,"column":11},"end":{"line":96,"column":12}},"loc":{"start":{"line":96,"column":22},"end":{"line":98,"column":5}},"line":96},"8":{"name":"checkValidServiceWorker","decl":{"start":{"line":101,"column":9},"end":{"line":101,"column":32}},"loc":{"start":{"line":101,"column":48},"end":{"line":129,"column":1}},"line":101},"9":{"name":"(anonymous_9)","decl":{"start":{"line":106,"column":10},"end":{"line":106,"column":11}},"loc":{"start":{"line":106,"column":24},"end":{"line":123,"column":5}},"line":106},"10":{"name":"(anonymous_10)","decl":{"start":{"line":114,"column":43},"end":{"line":114,"column":44}},"loc":{"start":{"line":114,"column":61},"end":{"line":118,"column":9}},"line":114},"11":{"name":"(anonymous_11)","decl":{"start":{"line":115,"column":41},"end":{"line":115,"column":42}},"loc":{"start":{"line":115,"column":47},"end":{"line":117,"column":11}},"line":115},"12":{"name":"(anonymous_12)","decl":{"start":{"line":124,"column":11},"end":{"line":124,"column":12}},"loc":{"start":{"line":124,"column":17},"end":{"line":128,"column":5}},"line":124},"13":{"name":"unregister","decl":{"start":{"line":131,"column":16},"end":{"line":131,"column":26}},"loc":{"start":{"line":131,"column":29},"end":{"line":141,"column":1}},"line":131},"14":{"name":"(anonymous_14)","decl":{"start":{"line":134,"column":12},"end":{"line":134,"column":13}},"loc":{"start":{"line":134,"column":30},"end":{"line":136,"column":7}},"line":134},"15":{"name":"(anonymous_15)","decl":{"start":{"line":137,"column":13},"end":{"line":137,"column":14}},"loc":{"start":{"line":137,"column":24},"end":{"line":139,"column":7}},"line":137}},"branchMap":{"0":{"loc":{"start":{"line":14,"column":2},"end":{"line":20,"column":5}},"type":"binary-expr","locations":[{"start":{"line":14,"column":2},"end":{"line":14,"column":42}},{"start":{"line":16,"column":4},"end":{"line":16,"column":40}},{"start":{"line":18,"column":4},"end":{"line":20,"column":5}}],"line":14},"1":{"loc":{"start":{"line":24,"column":2},"end":{"line":54,"column":3}},"type":"if","locations":[{"start":{"line":24,"column":2},"end":{"line":54,"column":3}},{"start":{"line":24,"column":2},"end":{"line":54,"column":3}}],"line":24},"2":{"loc":{"start":{"line":24,"column":6},"end":{"line":24,"column":75}},"type":"binary-expr","locations":[{"start":{"line":24,"column":6},"end":{"line":24,"column":43}},{"start":{"line":24,"column":47},"end":{"line":24,"column":75}}],"line":24},"3":{"loc":{"start":{"line":27,"column":4},"end":{"line":32,"column":5}},"type":"if","locations":[{"start":{"line":27,"column":4},"end":{"line":32,"column":5}},{"start":{"line":27,"column":4},"end":{"line":32,"column":5}}],"line":27},"4":{"loc":{"start":{"line":37,"column":6},"end":{"line":52,"column":7}},"type":"if","locations":[{"start":{"line":37,"column":6},"end":{"line":52,"column":7}},{"start":{"line":37,"column":6},"end":{"line":52,"column":7}}],"line":37},"5":{"loc":{"start":{"line":63,"column":8},"end":{"line":65,"column":9}},"type":"if","locations":[{"start":{"line":63,"column":8},"end":{"line":65,"column":9}},{"start":{"line":63,"column":8},"end":{"line":65,"column":9}}],"line":63},"6":{"loc":{"start":{"line":67,"column":10},"end":{"line":92,"column":11}},"type":"if","locations":[{"start":{"line":67,"column":10},"end":{"line":92,"column":11}},{"start":{"line":67,"column":10},"end":{"line":92,"column":11}}],"line":67},"7":{"loc":{"start":{"line":68,"column":12},"end":{"line":91,"column":13}},"type":"if","locations":[{"start":{"line":68,"column":12},"end":{"line":91,"column":13}},{"start":{"line":68,"column":12},"end":{"line":91,"column":13}}],"line":68},"8":{"loc":{"start":{"line":78,"column":14},"end":{"line":80,"column":15}},"type":"if","locations":[{"start":{"line":78,"column":14},"end":{"line":80,"column":15}},{"start":{"line":78,"column":14},"end":{"line":80,"column":15}}],"line":78},"9":{"loc":{"start":{"line":78,"column":18},"end":{"line":78,"column":43}},"type":"binary-expr","locations":[{"start":{"line":78,"column":18},"end":{"line":78,"column":24}},{"start":{"line":78,"column":28},"end":{"line":78,"column":43}}],"line":78},"10":{"loc":{"start":{"line":88,"column":14},"end":{"line":90,"column":15}},"type":"if","locations":[{"start":{"line":88,"column":14},"end":{"line":90,"column":15}},{"start":{"line":88,"column":14},"end":{"line":90,"column":15}}],"line":88},"11":{"loc":{"start":{"line":88,"column":18},"end":{"line":88,"column":44}},"type":"binary-expr","locations":[{"start":{"line":88,"column":18},"end":{"line":88,"column":24}},{"start":{"line":88,"column":28},"end":{"line":88,"column":44}}],"line":88},"12":{"loc":{"start":{"line":109,"column":6},"end":{"line":122,"column":7}},"type":"if","locations":[{"start":{"line":109,"column":6},"end":{"line":122,"column":7}},{"start":{"line":109,"column":6},"end":{"line":122,"column":7}}],"line":109},"13":{"loc":{"start":{"line":110,"column":8},"end":{"line":111,"column":73}},"type":"binary-expr","locations":[{"start":{"line":110,"column":8},"end":{"line":110,"column":31}},{"start":{"line":111,"column":9},"end":{"line":111,"column":28}},{"start":{"line":111,"column":32},"end":{"line":111,"column":72}}],"line":110},"14":{"loc":{"start":{"line":132,"column":2},"end":{"line":140,"column":3}},"type":"if","locations":[{"start":{"line":132,"column":2},"end":{"line":140,"column":3}},{"start":{"line":132,"column":2},"end":{"line":140,"column":3}}],"line":132}},"s":{"0":0,"1":0,"2":0,"3":0,"4":0,"5":0,"6":0,"7":0,"8":0,"9":0,"10":0,"11":0,"12":0,"13":0,"14":0,"15":0,"16":0,"17":0,"18":0,"19":0,"20":0,"21":0,"22":0,"23":0,"24":0,"25":0,"26":0,"27":0,"28":0,"29":0,"30":0,"31":0,"32":0,"33":0,"34":0,"35":0,"36":0,"37":0,"38":0},"f":{"0":0,"1":0,"2":0,"3":0,"4":0,"5":0,"6":0,"7":0,"8":0,"9":0,"10":0,"11":0,"12":0,"13":0,"14":0,"15":0},"b":{"0":[0,0,0],"1":[0,0],"2":[0,0],"3":[0,0],"4":[0,0],"5":[0,0],"6":[0,0],"7":[0,0],"8":[0,0],"9":[0,0],"10":[0,0],"11":[0,0],"12":[0,0],"13":[0,0,0],"14":[0,0]},"hash":"07db154338c1a82c6cd1266b315133ed976b5f2d"}
,"C:\\Users\\s.shamsundar.chandak\\Documents\\ec-ui code\\github-ec-ui\\web-ui\\src\\user-worker.js": {"path":"C:\\Users\\s.shamsundar.chandak\\Documents\\ec-ui code\\github-ec-ui\\web-ui\\src\\user-worker.js","statementMap":{"0":{"start":{"line":1,"column":0},"end":{"line":3,"column":2}},"1":{"start":{"line":2,"column":3},"end":{"line":2,"column":18}},"2":{"start":{"line":7,"column":1},"end":{"line":23,"column":7}},"3":{"start":{"line":15,"column":6},"end":{"line":22,"column":7}},"4":{"start":{"line":16,"column":8},"end":{"line":21,"column":11}},"5":{"start":{"line":17,"column":10},"end":{"line":17,"column":31}},"6":{"start":{"line":18,"column":10},"end":{"line":20,"column":13}}},"fnMap":{"0":{"name":"(anonymous_0)","decl":{"start":{"line":1,"column":17},"end":{"line":1,"column":18}},"loc":{"start":{"line":1,"column":30},"end":{"line":3,"column":1}},"line":1},"1":{"name":"getUserRole","decl":{"start":{"line":6,"column":9},"end":{"line":6,"column":20}},"loc":{"start":{"line":6,"column":23},"end":{"line":24,"column":1}},"line":6},"2":{"name":"(anonymous_2)","decl":{"start":{"line":14,"column":12},"end":{"line":14,"column":13}},"loc":{"start":{"line":14,"column":26},"end":{"line":23,"column":5}},"line":14},"3":{"name":"(anonymous_3)","decl":{"start":{"line":16,"column":29},"end":{"line":16,"column":30}},"loc":{"start":{"line":16,"column":43},"end":{"line":21,"column":9}},"line":16}},"branchMap":{"0":{"loc":{"start":{"line":15,"column":6},"end":{"line":22,"column":7}},"type":"if","locations":[{"start":{"line":15,"column":6},"end":{"line":22,"column":7}},{"start":{"line":15,"column":6},"end":{"line":22,"column":7}}],"line":15}},"s":{"0":0,"1":0,"2":0,"3":0,"4":0,"5":0,"6":0},"f":{"0":0,"1":0,"2":0,"3":0},"b":{"0":[0,0]},"hash":"7dd3cf5b9fa5bf2a7e25da0a8fc39f99fd2a05a6"}
,"C:\\Users\\s.shamsundar.chandak\\Documents\\ec-ui code\\github-ec-ui\\web-ui\\src\\worker.js": {"path":"C:\\Users\\s.shamsundar.chandak\\Documents\\ec-ui code\\github-ec-ui\\web-ui\\src\\worker.js","statementMap":{"0":{"start":{"line":1,"column":15},"end":{"line":31,"column":1}},"1":{"start":{"line":3,"column":2},"end":{"line":8,"column":4}},"2":{"start":{"line":4,"column":4},"end":{"line":4,"column":19}},"3":{"start":{"line":5,"column":4},"end":{"line":7,"column":15}},"4":{"start":{"line":6,"column":6},"end":{"line":6,"column":21}},"5":{"start":{"line":11,"column":15},"end":{"line":11,"column":19}},"6":{"start":{"line":12,"column":24},"end":{"line":12,"column":67}},"7":{"start":{"line":13,"column":4},"end":{"line":29,"column":7}},"8":{"start":{"line":21,"column":6},"end":{"line":28,"column":7}},"9":{"start":{"line":22,"column":8},"end":{"line":27,"column":11}},"10":{"start":{"line":24,"column":10},"end":{"line":26,"column":13}}},"fnMap":{"0":{"name":"(anonymous_0)","decl":{"start":{"line":1,"column":15},"end":{"line":1,"column":16}},"loc":{"start":{"line":1,"column":21},"end":{"line":31,"column":1}},"line":1},"1":{"name":"(anonymous_1)","decl":{"start":{"line":3,"column":19},"end":{"line":3,"column":20}},"loc":{"start":{"line":3,"column":26},"end":{"line":8,"column":3}},"line":3},"2":{"name":"(anonymous_2)","decl":{"start":{"line":5,"column":16},"end":{"line":5,"column":17}},"loc":{"start":{"line":5,"column":22},"end":{"line":7,"column":5}},"line":5},"3":{"name":"getSnapData","decl":{"start":{"line":9,"column":11},"end":{"line":9,"column":22}},"loc":{"start":{"line":9,"column":26},"end":{"line":30,"column":3}},"line":9},"4":{"name":"(anonymous_4)","decl":{"start":{"line":20,"column":12},"end":{"line":20,"column":13}},"loc":{"start":{"line":20,"column":26},"end":{"line":29,"column":5}},"line":20},"5":{"name":"(anonymous_5)","decl":{"start":{"line":22,"column":29},"end":{"line":22,"column":30}},"loc":{"start":{"line":22,"column":43},"end":{"line":27,"column":9}},"line":22}},"branchMap":{"0":{"loc":{"start":{"line":21,"column":6},"end":{"line":28,"column":7}},"type":"if","locations":[{"start":{"line":21,"column":6},"end":{"line":28,"column":7}},{"start":{"line":21,"column":6},"end":{"line":28,"column":7}}],"line":21}},"s":{"0":0,"1":0,"2":0,"3":0,"4":0,"5":0,"6":0,"7":0,"8":0,"9":0,"10":0},"f":{"0":0,"1":0,"2":0,"3":0,"4":0,"5":0},"b":{"0":[0,0]},"hash":"b747a549d91e3cdb12bcdbf8995f1f701b83cbeb"}
,"C:\\Users\\s.shamsundar.chandak\\Documents\\ec-ui code\\github-ec-ui\\web-ui\\src\\Cookienotification\\Cookienotification.js": {"path":"C:\\Users\\s.shamsundar.chandak\\Documents\\ec-ui code\\github-ec-ui\\web-ui\\src\\Cookienotification\\Cookienotification.js","statementMap":{"0":{"start":{"line":24,"column":4},"end":{"line":26,"column":13}},"1":{"start":{"line":25,"column":6},"end":{"line":25,"column":37}},"2":{"start":{"line":30,"column":4},"end":{"line":30,"column":37}}},"fnMap":{"0":{"name":"(anonymous_0)","decl":{"start":{"line":23,"column":2},"end":{"line":23,"column":3}},"loc":{"start":{"line":23,"column":19},"end":{"line":27,"column":3}},"line":23},"1":{"name":"(anonymous_1)","decl":{"start":{"line":24,"column":15},"end":{"line":24,"column":16}},"loc":{"start":{"line":24,"column":27},"end":{"line":26,"column":5}},"line":24},"2":{"name":"(anonymous_2)","decl":{"start":{"line":29,"column":2},"end":{"line":29,"column":3}},"loc":{"start":{"line":29,"column":19},"end":{"line":31,"column":3}},"line":29},"3":{"name":"(anonymous_3)","decl":{"start":{"line":61,"column":2},"end":{"line":61,"column":3}},"loc":{"start":{"line":61,"column":11},"end":{"line":95,"column":3}},"line":61}},"branchMap":{},"s":{"0":0,"1":0,"2":0},"f":{"0":0,"1":0,"2":0,"3":0},"b":{},"hash":"18890de85348579eb4c217e9955fad90ab2ca453"}
,"C:\\Users\\s.shamsundar.chandak\\Documents\\ec-ui code\\github-ec-ui\\web-ui\\src\\Dashboard\\Dashboard.js": {"path":"C:\\Users\\s.shamsundar.chandak\\Documents\\ec-ui code\\github-ec-ui\\web-ui\\src\\Dashboard\\Dashboard.js","statementMap":{},"fnMap":{"0":{"name":"(anonymous_0)","decl":{"start":{"line":237,"column":2},"end":{"line":237,"column":3}},"loc":{"start":{"line":237,"column":11},"end":{"line":267,"column":3}},"line":237}},"branchMap":{},"s":{},"f":{"0":0},"b":{},"hash":"2aa068c373be17c29a00df808b01212fffd403a9"}
,"C:\\Users\\s.shamsundar.chandak\\Documents\\ec-ui code\\github-ec-ui\\web-ui\\src\\FloaterHelp\\FloaterHelp.js": {"path":"C:\\Users\\s.shamsundar.chandak\\Documents\\ec-ui code\\github-ec-ui\\web-ui\\src\\FloaterHelp\\FloaterHelp.js","statementMap":{"0":{"start":{"line":6,"column":4},"end":{"line":33,"column":6}}},"fnMap":{"0":{"name":"(anonymous_0)","decl":{"start":{"line":5,"column":2},"end":{"line":5,"column":3}},"loc":{"start":{"line":5,"column":11},"end":{"line":34,"column":3}},"line":5}},"branchMap":{},"s":{"0":0},"f":{"0":0},"b":{},"hash":"1f4f690d2b26337d8a58c061ce385dfa20de5bcb"}
,"C:\\Users\\s.shamsundar.chandak\\Documents\\ec-ui code\\github-ec-ui\\web-ui\\src\\Footer\\Footer.js": {"path":"C:\\Users\\s.shamsundar.chandak\\Documents\\ec-ui code\\github-ec-ui\\web-ui\\src\\Footer\\Footer.js","statementMap":{"0":{"start":{"line":3,"column":15},"end":{"line":77,"column":1}},"1":{"start":{"line":4,"column":2},"end":{"line":76,"column":4}}},"fnMap":{"0":{"name":"(anonymous_0)","decl":{"start":{"line":3,"column":15},"end":{"line":3,"column":16}},"loc":{"start":{"line":3,"column":21},"end":{"line":77,"column":1}},"line":3}},"branchMap":{},"s":{"0":0,"1":0},"f":{"0":0},"b":{},"hash":"88cd013fd9161c031623d3a347606ad57836781e"}
,"C:\\Users\\s.shamsundar.chandak\\Documents\\ec-ui code\\github-ec-ui\\web-ui\\src\\Header\\Header.js": {"path":"C:\\Users\\s.shamsundar.chandak\\Documents\\ec-ui code\\github-ec-ui\\web-ui\\src\\Header\\Header.js","statementMap":{},"fnMap":{},"branchMap":{},"s":{},"f":{},"b":{},"_coverageSchema":"43e27e138ebf9cfc5966b082cf9a028302ed4184","hash":"5fed77263bd18eb06116044eabcbadd200171fd7"}
,"C:\\Users\\s.shamsundar.chandak\\Documents\\ec-ui code\\github-ec-ui\\web-ui\\src\\Loader\\Loader.js": {"path":"C:\\Users\\s.shamsundar.chandak\\Documents\\ec-ui code\\github-ec-ui\\web-ui\\src\\Loader\\Loader.js","statementMap":{"0":{"start":{"line":5,"column":4},"end":{"line":12,"column":6}}},"fnMap":{"0":{"name":"(anonymous_0)","decl":{"start":{"line":4,"column":2},"end":{"line":4,"column":3}},"loc":{"start":{"line":4,"column":11},"end":{"line":13,"column":3}},"line":4}},"branchMap":{},"s":{"0":0},"f":{"0":0},"b":{},"_coverageSchema":"43e27e138ebf9cfc5966b082cf9a028302ed4184","hash":"d493537f8a1e51d5b970db5b5ee1bff91d3023f0"}
,"C:\\Users\\s.shamsundar.chandak\\Documents\\ec-ui code\\github-ec-ui\\web-ui\\src\\Maintain\\GroupView.js": {"path":"C:\\Users\\s.shamsundar.chandak\\Documents\\ec-ui code\\github-ec-ui\\web-ui\\src\\Maintain\\GroupView.js","statementMap":{"0":{"start":{"line":66,"column":25},"end":{"line":66,"column":26}},"1":{"start":{"line":67,"column":25},"end":{"line":67,"column":26}},"2":{"start":{"line":68,"column":10},"end":{"line":68,"column":71}},"3":{"start":{"line":69,"column":10},"end":{"line":97,"column":13}},"4":{"start":{"line":80,"column":14},"end":{"line":85,"column":15}},"5":{"start":{"line":80,"column":27},"end":{"line":80,"column":28}},"6":{"start":{"line":81,"column":16},"end":{"line":84,"column":18}},"7":{"start":{"line":91,"column":14},"end":{"line":95,"column":15}},"8":{"start":{"line":92,"column":16},"end":{"line":92,"column":49}},"9":{"start":{"line":94,"column":16},"end":{"line":94,"column":49}},"10":{"start":{"line":98,"column":8},"end":{"line":98,"column":37}},"11":{"start":{"line":99,"column":8},"end":{"line":99,"column":53}},"12":{"start":{"line":100,"column":8},"end":{"line":100,"column":55}}},"fnMap":{"0":{"name":"(anonymous_0)","decl":{"start":{"line":65,"column":4},"end":{"line":65,"column":5}},"loc":{"start":{"line":65,"column":38},"end":{"line":101,"column":7}},"line":65},"1":{"name":"(anonymous_1)","decl":{"start":{"line":79,"column":24},"end":{"line":79,"column":25}},"loc":{"start":{"line":79,"column":56},"end":{"line":86,"column":13}},"line":79},"2":{"name":"(anonymous_2)","decl":{"start":{"line":90,"column":28},"end":{"line":90,"column":29}},"loc":{"start":{"line":90,"column":49},"end":{"line":96,"column":13}},"line":90},"3":{"name":"(anonymous_3)","decl":{"start":{"line":217,"column":4},"end":{"line":217,"column":5}},"loc":{"start":{"line":217,"column":13},"end":{"line":365,"column":5}},"line":217}},"branchMap":{"0":{"loc":{"start":{"line":91,"column":14},"end":{"line":95,"column":15}},"type":"if","locations":[{"start":{"line":91,"column":14},"end":{"line":95,"column":15}},{"start":{"line":91,"column":14},"end":{"line":95,"column":15}}],"line":91}},"s":{"0":0,"1":0,"2":0,"3":0,"4":0,"5":0,"6":0,"7":0,"8":0,"9":0,"10":0,"11":0,"12":0},"f":{"0":0,"1":0,"2":0,"3":2},"b":{"0":[0,0]},"_coverageSchema":"43e27e138ebf9cfc5966b082cf9a028302ed4184","hash":"a9bc4fbca71c799f878cc7b84d1cc9ca7105b75f"}
,"C:\\Users\\s.shamsundar.chandak\\Documents\\ec-ui code\\github-ec-ui\\web-ui\\src\\Maintain\\Groupcreate.js": {"path":"C:\\Users\\s.shamsundar.chandak\\Documents\\ec-ui code\\github-ec-ui\\web-ui\\src\\Maintain\\Groupcreate.js","statementMap":{"0":{"start":{"line":9,"column":8},"end":{"line":9,"column":21}},"1":{"start":{"line":10,"column":8},"end":{"line":19,"column":10}},"2":{"start":{"line":23,"column":8},"end":{"line":25,"column":17}},"3":{"start":{"line":24,"column":10},"end":{"line":24,"column":49}}},"fnMap":{"0":{"name":"(anonymous_0)","decl":{"start":{"line":8,"column":4},"end":{"line":8,"column":5}},"loc":{"start":{"line":8,"column":22},"end":{"line":20,"column":5}},"line":8},"1":{"name":"(anonymous_1)","decl":{"start":{"line":22,"column":5},"end":{"line":22,"column":6}},"loc":{"start":{"line":22,"column":21},"end":{"line":26,"column":7}},"line":22},"2":{"name":"(anonymous_2)","decl":{"start":{"line":23,"column":19},"end":{"line":23,"column":20}},"loc":{"start":{"line":23,"column":25},"end":{"line":25,"column":9}},"line":23},"3":{"name":"(anonymous_3)","decl":{"start":{"line":277,"column":4},"end":{"line":277,"column":5}},"loc":{"start":{"line":277,"column":13},"end":{"line":347,"column":5}},"line":277}},"branchMap":{},"s":{"0":4,"1":4,"2":0,"3":0},"f":{"0":4,"1":0,"2":0,"3":6},"b":{},"_coverageSchema":"43e27e138ebf9cfc5966b082cf9a028302ed4184","hash":"61c7cbedd96e4e867ddf9e0af1407dee1414d510"}
,"C:\\Users\\s.shamsundar.chandak\\Documents\\ec-ui code\\github-ec-ui\\web-ui\\src\\Maintain\\Groupupgrade.js": {"path":"C:\\Users\\s.shamsundar.chandak\\Documents\\ec-ui code\\github-ec-ui\\web-ui\\src\\Maintain\\Groupupgrade.js","statementMap":{"0":{"start":{"line":122,"column":21},"end":{"line":122,"column":22}},"1":{"start":{"line":123,"column":21},"end":{"line":123,"column":22}},"2":{"start":{"line":124,"column":4},"end":{"line":124,"column":65}},"3":{"start":{"line":125,"column":4},"end":{"line":153,"column":7}},"4":{"start":{"line":136,"column":8},"end":{"line":141,"column":9}},"5":{"start":{"line":136,"column":21},"end":{"line":136,"column":22}},"6":{"start":{"line":137,"column":10},"end":{"line":140,"column":12}},"7":{"start":{"line":147,"column":8},"end":{"line":151,"column":9}},"8":{"start":{"line":148,"column":10},"end":{"line":148,"column":43}},"9":{"start":{"line":150,"column":10},"end":{"line":150,"column":43}},"10":{"start":{"line":155,"column":4},"end":{"line":155,"column":33}},"11":{"start":{"line":156,"column":4},"end":{"line":156,"column":49}},"12":{"start":{"line":157,"column":4},"end":{"line":157,"column":51}},"13":{"start":{"line":188,"column":33},"end":{"line":188,"column":47}},"14":{"start":{"line":189,"column":4},"end":{"line":189,"column":47}},"15":{"start":{"line":190,"column":4},"end":{"line":193,"column":7}},"16":{"start":{"line":195,"column":4},"end":{"line":284,"column":5}},"17":{"start":{"line":196,"column":6},"end":{"line":198,"column":9}},"18":{"start":{"line":199,"column":6},"end":{"line":199,"column":38}},"19":{"start":{"line":202,"column":6},"end":{"line":283,"column":11}},"20":{"start":{"line":211,"column":10},"end":{"line":270,"column":11}},"21":{"start":{"line":212,"column":12},"end":{"line":259,"column":15}},"22":{"start":{"line":213,"column":25},"end":{"line":213,"column":38}},"23":{"start":{"line":214,"column":14},"end":{"line":218,"column":16}},"24":{"start":{"line":220,"column":14},"end":{"line":258,"column":15}},"25":{"start":{"line":223,"column":18},"end":{"line":223,"column":78}},"26":{"start":{"line":224,"column":32},"end":{"line":226,"column":17}},"27":{"start":{"line":225,"column":25},"end":{"line":225,"column":68}},"28":{"start":{"line":227,"column":16},"end":{"line":243,"column":17}},"29":{"start":{"line":228,"column":50},"end":{"line":230,"column":19}},"30":{"start":{"line":231,"column":18},"end":{"line":242,"column":19}},"31":{"start":{"line":232,"column":20},"end":{"line":241,"column":21}},"32":{"start":{"line":233,"column":40},"end":{"line":239,"column":23}},"33":{"start":{"line":240,"column":22},"end":{"line":240,"column":45}},"34":{"start":{"line":244,"column":16},"end":{"line":246,"column":19}},"35":{"start":{"line":247,"column":16},"end":{"line":247,"column":50}},"36":{"start":{"line":249,"column":16},"end":{"line":254,"column":18}},"37":{"start":{"line":255,"column":16},"end":{"line":257,"column":25}},"38":{"start":{"line":256,"column":18},"end":{"line":256,"column":49}},"39":{"start":{"line":261,"column":12},"end":{"line":266,"column":14}},"40":{"start":{"line":267,"column":12},"end":{"line":269,"column":21}},"41":{"start":{"line":268,"column":14},"end":{"line":268,"column":45}},"42":{"start":{"line":273,"column":10},"end":{"line":273,"column":27}},"43":{"start":{"line":274,"column":10},"end":{"line":279,"column":12}},"44":{"start":{"line":280,"column":10},"end":{"line":282,"column":19}},"45":{"start":{"line":281,"column":12},"end":{"line":281,"column":43}},"46":{"start":{"line":338,"column":14},"end":{"line":338,"column":63}},"47":{"start":{"line":339,"column":4},"end":{"line":396,"column":5}},"48":{"start":{"line":340,"column":20},"end":{"line":340,"column":36}},"49":{"start":{"line":341,"column":6},"end":{"line":346,"column":8}},"50":{"start":{"line":347,"column":6},"end":{"line":395,"column":11}},"51":{"start":{"line":357,"column":10},"end":{"line":382,"column":11}},"52":{"start":{"line":358,"column":12},"end":{"line":370,"column":15}},"53":{"start":{"line":359,"column":14},"end":{"line":364,"column":16}},"54":{"start":{"line":365,"column":14},"end":{"line":365,"column":69}},"55":{"start":{"line":366,"column":25},"end":{"line":366,"column":29}},"56":{"start":{"line":367,"column":14},"end":{"line":369,"column":23}},"57":{"start":{"line":368,"column":16},"end":{"line":368,"column":47}},"58":{"start":{"line":372,"column":12},"end":{"line":377,"column":14}},"59":{"start":{"line":378,"column":23},"end":{"line":378,"column":27}},"60":{"start":{"line":379,"column":12},"end":{"line":381,"column":21}},"61":{"start":{"line":380,"column":14},"end":{"line":380,"column":45}},"62":{"start":{"line":385,"column":10},"end":{"line":385,"column":27}},"63":{"start":{"line":386,"column":10},"end":{"line":391,"column":12}},"64":{"start":{"line":392,"column":10},"end":{"line":394,"column":19}},"65":{"start":{"line":393,"column":12},"end":{"line":393,"column":43}},"66":{"start":{"line":561,"column":4},"end":{"line":563,"column":10}},"67":{"start":{"line":562,"column":6},"end":{"line":562,"column":60}},"68":{"start":{"line":564,"column":4},"end":{"line":564,"column":54}}},"fnMap":{"0":{"name":"(anonymous_0)","decl":{"start":{"line":121,"column":2},"end":{"line":121,"column":3}},"loc":{"start":{"line":121,"column":36},"end":{"line":158,"column":3}},"line":121},"1":{"name":"(anonymous_1)","decl":{"start":{"line":135,"column":18},"end":{"line":135,"column":19}},"loc":{"start":{"line":135,"column":50},"end":{"line":142,"column":7}},"line":135},"2":{"name":"(anonymous_2)","decl":{"start":{"line":146,"column":22},"end":{"line":146,"column":23}},"loc":{"start":{"line":146,"column":43},"end":{"line":152,"column":7}},"line":146},"3":{"name":"(anonymous_3)","decl":{"start":{"line":187,"column":2},"end":{"line":187,"column":3}},"loc":{"start":{"line":187,"column":21},"end":{"line":285,"column":3}},"line":187},"4":{"name":"(anonymous_4)","decl":{"start":{"line":210,"column":14},"end":{"line":210,"column":15}},"loc":{"start":{"line":210,"column":28},"end":{"line":271,"column":9}},"line":210},"5":{"name":"(anonymous_5)","decl":{"start":{"line":212,"column":33},"end":{"line":212,"column":34}},"loc":{"start":{"line":212,"column":47},"end":{"line":259,"column":13}},"line":212},"6":{"name":"(anonymous_6)","decl":{"start":{"line":225,"column":18},"end":{"line":225,"column":19}},"loc":{"start":{"line":225,"column":25},"end":{"line":225,"column":68}},"line":225},"7":{"name":"(anonymous_7)","decl":{"start":{"line":255,"column":27},"end":{"line":255,"column":28}},"loc":{"start":{"line":255,"column":33},"end":{"line":257,"column":17}},"line":255},"8":{"name":"(anonymous_8)","decl":{"start":{"line":267,"column":23},"end":{"line":267,"column":24}},"loc":{"start":{"line":267,"column":29},"end":{"line":269,"column":13}},"line":267},"9":{"name":"(anonymous_9)","decl":{"start":{"line":272,"column":15},"end":{"line":272,"column":16}},"loc":{"start":{"line":272,"column":24},"end":{"line":283,"column":9}},"line":272},"10":{"name":"(anonymous_10)","decl":{"start":{"line":280,"column":21},"end":{"line":280,"column":22}},"loc":{"start":{"line":280,"column":27},"end":{"line":282,"column":11}},"line":280},"11":{"name":"(anonymous_11)","decl":{"start":{"line":337,"column":2},"end":{"line":337,"column":3}},"loc":{"start":{"line":337,"column":33},"end":{"line":397,"column":3}},"line":337},"12":{"name":"(anonymous_12)","decl":{"start":{"line":356,"column":14},"end":{"line":356,"column":15}},"loc":{"start":{"line":356,"column":28},"end":{"line":383,"column":9}},"line":356},"13":{"name":"(anonymous_13)","decl":{"start":{"line":358,"column":33},"end":{"line":358,"column":34}},"loc":{"start":{"line":358,"column":47},"end":{"line":370,"column":13}},"line":358},"14":{"name":"(anonymous_14)","decl":{"start":{"line":367,"column":25},"end":{"line":367,"column":26}},"loc":{"start":{"line":367,"column":37},"end":{"line":369,"column":15}},"line":367},"15":{"name":"(anonymous_15)","decl":{"start":{"line":379,"column":23},"end":{"line":379,"column":24}},"loc":{"start":{"line":379,"column":35},"end":{"line":381,"column":13}},"line":379},"16":{"name":"(anonymous_16)","decl":{"start":{"line":384,"column":15},"end":{"line":384,"column":16}},"loc":{"start":{"line":384,"column":24},"end":{"line":395,"column":9}},"line":384},"17":{"name":"(anonymous_17)","decl":{"start":{"line":392,"column":21},"end":{"line":392,"column":22}},"loc":{"start":{"line":392,"column":27},"end":{"line":394,"column":11}},"line":392},"18":{"name":"(anonymous_18)","decl":{"start":{"line":560,"column":2},"end":{"line":560,"column":3}},"loc":{"start":{"line":560,"column":22},"end":{"line":565,"column":3}},"line":560},"19":{"name":"(anonymous_19)","decl":{"start":{"line":561,"column":15},"end":{"line":561,"column":16}},"loc":{"start":{"line":561,"column":21},"end":{"line":563,"column":5}},"line":561}},"branchMap":{"0":{"loc":{"start":{"line":147,"column":8},"end":{"line":151,"column":9}},"type":"if","locations":[{"start":{"line":147,"column":8},"end":{"line":151,"column":9}},{"start":{"line":147,"column":8},"end":{"line":151,"column":9}}],"line":147},"1":{"loc":{"start":{"line":195,"column":4},"end":{"line":284,"column":5}},"type":"if","locations":[{"start":{"line":195,"column":4},"end":{"line":284,"column":5}},{"start":{"line":195,"column":4},"end":{"line":284,"column":5}}],"line":195},"2":{"loc":{"start":{"line":211,"column":10},"end":{"line":270,"column":11}},"type":"if","locations":[{"start":{"line":211,"column":10},"end":{"line":270,"column":11}},{"start":{"line":211,"column":10},"end":{"line":270,"column":11}}],"line":211},"3":{"loc":{"start":{"line":220,"column":14},"end":{"line":258,"column":15}},"type":"if","locations":[{"start":{"line":220,"column":14},"end":{"line":258,"column":15}},{"start":{"line":220,"column":14},"end":{"line":258,"column":15}}],"line":220},"4":{"loc":{"start":{"line":223,"column":18},"end":{"line":223,"column":78}},"type":"binary-expr","locations":[{"start":{"line":223,"column":18},"end":{"line":223,"column":72}},{"start":{"line":223,"column":76},"end":{"line":223,"column":78}}],"line":223},"5":{"loc":{"start":{"line":227,"column":16},"end":{"line":243,"column":17}},"type":"if","locations":[{"start":{"line":227,"column":16},"end":{"line":243,"column":17}},{"start":{"line":227,"column":16},"end":{"line":243,"column":17}}],"line":227},"6":{"loc":{"start":{"line":231,"column":18},"end":{"line":242,"column":19}},"type":"if","locations":[{"start":{"line":231,"column":18},"end":{"line":242,"column":19}},{"start":{"line":231,"column":18},"end":{"line":242,"column":19}}],"line":231},"7":{"loc":{"start":{"line":339,"column":4},"end":{"line":396,"column":5}},"type":"if","locations":[{"start":{"line":339,"column":4},"end":{"line":396,"column":5}},{"start":{"line":339,"column":4},"end":{"line":396,"column":5}}],"line":339},"8":{"loc":{"start":{"line":357,"column":10},"end":{"line":382,"column":11}},"type":"if","locations":[{"start":{"line":357,"column":10},"end":{"line":382,"column":11}},{"start":{"line":357,"column":10},"end":{"line":382,"column":11}}],"line":357}},"s":{"0":0,"1":0,"2":0,"3":0,"4":0,"5":0,"6":0,"7":0,"8":0,"9":0,"10":0,"11":0,"12":0,"13":0,"14":0,"15":0,"16":0,"17":0,"18":0,"19":0,"20":0,"21":0,"22":0,"23":0,"24":0,"25":0,"26":0,"27":0,"28":0,"29":0,"30":0,"31":0,"32":0,"33":0,"34":0,"35":0,"36":0,"37":0,"38":0,"39":0,"40":0,"41":0,"42":0,"43":0,"44":0,"45":0,"46":0,"47":0,"48":0,"49":0,"50":0,"51":0,"52":0,"53":0,"54":0,"55":0,"56":0,"57":0,"58":0,"59":0,"60":0,"61":0,"62":0,"63":0,"64":0,"65":0,"66":0,"67":0,"68":0},"f":{"0":0,"1":0,"2":0,"3":0,"4":0,"5":0,"6":0,"7":0,"8":0,"9":0,"10":0,"11":0,"12":0,"13":0,"14":0,"15":0,"16":0,"17":0,"18":0,"19":0},"b":{"0":[0,0],"1":[0,0],"2":[0,0],"3":[0,0],"4":[0,0],"5":[0,0],"6":[0,0],"7":[0,0],"8":[0,0]},"_coverageSchema":"43e27e138ebf9cfc5966b082cf9a028302ed4184","hash":"d657ce0a75445213f3d4261fbb6729a305743d72"}
,"C:\\Users\\s.shamsundar.chandak\\Documents\\ec-ui code\\github-ec-ui\\web-ui\\src\\Maintain\\LicenseCreate.js": {"path":"C:\\Users\\s.shamsundar.chandak\\Documents\\ec-ui code\\github-ec-ui\\web-ui\\src\\Maintain\\LicenseCreate.js","statementMap":{"0":{"start":{"line":9,"column":4},"end":{"line":9,"column":17}},"1":{"start":{"line":10,"column":4},"end":{"line":38,"column":6}},"2":{"start":{"line":41,"column":4},"end":{"line":43,"column":13}},"3":{"start":{"line":42,"column":6},"end":{"line":42,"column":45}}},"fnMap":{"0":{"name":"(anonymous_0)","decl":{"start":{"line":8,"column":2},"end":{"line":8,"column":3}},"loc":{"start":{"line":8,"column":21},"end":{"line":39,"column":3}},"line":8},"1":{"name":"(anonymous_1)","decl":{"start":{"line":40,"column":2},"end":{"line":40,"column":3}},"loc":{"start":{"line":40,"column":18},"end":{"line":44,"column":3}},"line":40},"2":{"name":"(anonymous_2)","decl":{"start":{"line":41,"column":15},"end":{"line":41,"column":16}},"loc":{"start":{"line":41,"column":21},"end":{"line":43,"column":5}},"line":41},"3":{"name":"(anonymous_3)","decl":{"start":{"line":267,"column":2},"end":{"line":267,"column":3}},"loc":{"start":{"line":267,"column":11},"end":{"line":511,"column":3}},"line":267}},"branchMap":{},"s":{"0":3,"1":3,"2":0,"3":0},"f":{"0":3,"1":0,"2":0,"3":5},"b":{},"_coverageSchema":"43e27e138ebf9cfc5966b082cf9a028302ed4184","hash":"d85b4620f86e1f2eb294901b404bea87b4cfd12e"}
,"C:\\Users\\s.shamsundar.chandak\\Documents\\ec-ui code\\github-ec-ui\\web-ui\\src\\Maintain\\LicenseEdit.js": {"path":"C:\\Users\\s.shamsundar.chandak\\Documents\\ec-ui code\\github-ec-ui\\web-ui\\src\\Maintain\\LicenseEdit.js","statementMap":{"0":{"start":{"line":10,"column":8},"end":{"line":10,"column":21}},"1":{"start":{"line":11,"column":8},"end":{"line":43,"column":10}},"2":{"start":{"line":47,"column":6},"end":{"line":49,"column":15}},"3":{"start":{"line":48,"column":8},"end":{"line":48,"column":47}}},"fnMap":{"0":{"name":"(anonymous_0)","decl":{"start":{"line":9,"column":4},"end":{"line":9,"column":5}},"loc":{"start":{"line":9,"column":23},"end":{"line":44,"column":5}},"line":9},"1":{"name":"(anonymous_1)","decl":{"start":{"line":46,"column":4},"end":{"line":46,"column":5}},"loc":{"start":{"line":46,"column":20},"end":{"line":50,"column":5}},"line":46},"2":{"name":"(anonymous_2)","decl":{"start":{"line":47,"column":17},"end":{"line":47,"column":18}},"loc":{"start":{"line":47,"column":23},"end":{"line":49,"column":7}},"line":47},"3":{"name":"(anonymous_3)","decl":{"start":{"line":242,"column":4},"end":{"line":242,"column":5}},"loc":{"start":{"line":242,"column":13},"end":{"line":503,"column":5}},"line":242}},"branchMap":{},"s":{"0":2,"1":2,"2":0,"3":0},"f":{"0":2,"1":0,"2":0,"3":4},"b":{},"_coverageSchema":"43e27e138ebf9cfc5966b082cf9a028302ed4184","hash":"f7bb15f53dba0538dc1ae9eb78614d2a4373f9ef"}
,"C:\\Users\\s.shamsundar.chandak\\Documents\\ec-ui code\\github-ec-ui\\web-ui\\src\\Maintain\\LicenseUpgrade.js": {"path":"C:\\Users\\s.shamsundar.chandak\\Documents\\ec-ui code\\github-ec-ui\\web-ui\\src\\Maintain\\LicenseUpgrade.js","statementMap":{"0":{"start":{"line":11,"column":4},"end":{"line":11,"column":17}},"1":{"start":{"line":12,"column":4},"end":{"line":19,"column":6}},"2":{"start":{"line":63,"column":21},"end":{"line":63,"column":22}},"3":{"start":{"line":64,"column":21},"end":{"line":64,"column":22}},"4":{"start":{"line":65,"column":4},"end":{"line":65,"column":72}},"5":{"start":{"line":66,"column":4},"end":{"line":94,"column":7}},"6":{"start":{"line":77,"column":8},"end":{"line":82,"column":9}},"7":{"start":{"line":77,"column":21},"end":{"line":77,"column":22}},"8":{"start":{"line":78,"column":10},"end":{"line":81,"column":12}},"9":{"start":{"line":88,"column":8},"end":{"line":92,"column":9}},"10":{"start":{"line":89,"column":10},"end":{"line":89,"column":43}},"11":{"start":{"line":91,"column":10},"end":{"line":91,"column":43}},"12":{"start":{"line":96,"column":4},"end":{"line":96,"column":33}},"13":{"start":{"line":97,"column":4},"end":{"line":97,"column":49}},"14":{"start":{"line":98,"column":4},"end":{"line":98,"column":51}},"15":{"start":{"line":188,"column":16},"end":{"line":188,"column":44}},"16":{"start":{"line":189,"column":4},"end":{"line":189,"column":20}},"17":{"start":{"line":239,"column":16},"end":{"line":239,"column":44}},"18":{"start":{"line":240,"column":4},"end":{"line":243,"column":19}}},"fnMap":{"0":{"name":"(anonymous_0)","decl":{"start":{"line":10,"column":2},"end":{"line":10,"column":3}},"loc":{"start":{"line":10,"column":21},"end":{"line":20,"column":3}},"line":10},"1":{"name":"(anonymous_1)","decl":{"start":{"line":62,"column":2},"end":{"line":62,"column":3}},"loc":{"start":{"line":62,"column":36},"end":{"line":99,"column":3}},"line":62},"2":{"name":"(anonymous_2)","decl":{"start":{"line":76,"column":18},"end":{"line":76,"column":19}},"loc":{"start":{"line":76,"column":50},"end":{"line":83,"column":7}},"line":76},"3":{"name":"(anonymous_3)","decl":{"start":{"line":87,"column":22},"end":{"line":87,"column":23}},"loc":{"start":{"line":87,"column":43},"end":{"line":93,"column":7}},"line":87},"4":{"name":"(anonymous_4)","decl":{"start":{"line":187,"column":2},"end":{"line":187,"column":3}},"loc":{"start":{"line":187,"column":28},"end":{"line":190,"column":3}},"line":187},"5":{"name":"(anonymous_5)","decl":{"start":{"line":238,"column":2},"end":{"line":238,"column":3}},"loc":{"start":{"line":238,"column":40},"end":{"line":244,"column":3}},"line":238},"6":{"name":"(anonymous_6)","decl":{"start":{"line":342,"column":2},"end":{"line":342,"column":3}},"loc":{"start":{"line":342,"column":11},"end":{"line":478,"column":3}},"line":342}},"branchMap":{"0":{"loc":{"start":{"line":88,"column":8},"end":{"line":92,"column":9}},"type":"if","locations":[{"start":{"line":88,"column":8},"end":{"line":92,"column":9}},{"start":{"line":88,"column":8},"end":{"line":92,"column":9}}],"line":88}},"s":{"0":1,"1":1,"2":0,"3":0,"4":0,"5":0,"6":0,"7":0,"8":0,"9":0,"10":0,"11":0,"12":0,"13":0,"14":0,"15":0,"16":0,"17":0,"18":0},"f":{"0":1,"1":0,"2":0,"3":0,"4":0,"5":0,"6":1},"b":{"0":[0,0]},"_coverageSchema":"43e27e138ebf9cfc5966b082cf9a028302ed4184","hash":"043d90c5775e188fa1caec060bd10bb1cbee00ab"}
,"C:\\Users\\s.shamsundar.chandak\\Documents\\ec-ui code\\github-ec-ui\\web-ui\\src\\Maintain\\LicenseView.js": {"path":"C:\\Users\\s.shamsundar.chandak\\Documents\\ec-ui code\\github-ec-ui\\web-ui\\src\\Maintain\\LicenseView.js","statementMap":{"0":{"start":{"line":11,"column":8},"end":{"line":11,"column":21}},"1":{"start":{"line":12,"column":8},"end":{"line":19,"column":10}},"2":{"start":{"line":60,"column":25},"end":{"line":60,"column":26}},"3":{"start":{"line":61,"column":25},"end":{"line":61,"column":26}},"4":{"start":{"line":62,"column":10},"end":{"line":62,"column":78}},"5":{"start":{"line":63,"column":10},"end":{"line":91,"column":13}},"6":{"start":{"line":74,"column":14},"end":{"line":79,"column":15}},"7":{"start":{"line":74,"column":27},"end":{"line":74,"column":28}},"8":{"start":{"line":75,"column":16},"end":{"line":78,"column":18}},"9":{"start":{"line":85,"column":14},"end":{"line":89,"column":15}},"10":{"start":{"line":86,"column":16},"end":{"line":86,"column":49}},"11":{"start":{"line":88,"column":16},"end":{"line":88,"column":49}},"12":{"start":{"line":92,"column":8},"end":{"line":92,"column":37}},"13":{"start":{"line":93,"column":8},"end":{"line":93,"column":53}},"14":{"start":{"line":94,"column":8},"end":{"line":94,"column":55}},"15":{"start":{"line":176,"column":20},"end":{"line":176,"column":48}},"16":{"start":{"line":177,"column":8},"end":{"line":177,"column":24}},"17":{"start":{"line":229,"column":20},"end":{"line":229,"column":48}},"18":{"start":{"line":230,"column":8},"end":{"line":233,"column":23}}},"fnMap":{"0":{"name":"(anonymous_0)","decl":{"start":{"line":10,"column":4},"end":{"line":10,"column":5}},"loc":{"start":{"line":10,"column":23},"end":{"line":20,"column":5}},"line":10},"1":{"name":"(anonymous_1)","decl":{"start":{"line":59,"column":4},"end":{"line":59,"column":5}},"loc":{"start":{"line":59,"column":38},"end":{"line":95,"column":7}},"line":59},"2":{"name":"(anonymous_2)","decl":{"start":{"line":73,"column":24},"end":{"line":73,"column":25}},"loc":{"start":{"line":73,"column":56},"end":{"line":80,"column":13}},"line":73},"3":{"name":"(anonymous_3)","decl":{"start":{"line":84,"column":28},"end":{"line":84,"column":29}},"loc":{"start":{"line":84,"column":49},"end":{"line":90,"column":13}},"line":84},"4":{"name":"(anonymous_4)","decl":{"start":{"line":175,"column":4},"end":{"line":175,"column":5}},"loc":{"start":{"line":175,"column":30},"end":{"line":178,"column":7}},"line":175},"5":{"name":"(anonymous_5)","decl":{"start":{"line":228,"column":4},"end":{"line":228,"column":5}},"loc":{"start":{"line":228,"column":42},"end":{"line":234,"column":7}},"line":228},"6":{"name":"(anonymous_6)","decl":{"start":{"line":301,"column":4},"end":{"line":301,"column":5}},"loc":{"start":{"line":301,"column":12},"end":{"line":394,"column":5}},"line":301}},"branchMap":{"0":{"loc":{"start":{"line":85,"column":14},"end":{"line":89,"column":15}},"type":"if","locations":[{"start":{"line":85,"column":14},"end":{"line":89,"column":15}},{"start":{"line":85,"column":14},"end":{"line":89,"column":15}}],"line":85}},"s":{"0":1,"1":1,"2":0,"3":0,"4":0,"5":0,"6":0,"7":0,"8":0,"9":0,"10":0,"11":0,"12":0,"13":0,"14":0,"15":0,"16":0,"17":0,"18":0},"f":{"0":1,"1":0,"2":0,"3":0,"4":0,"5":0,"6":1},"b":{"0":[0,0]},"_coverageSchema":"43e27e138ebf9cfc5966b082cf9a028302ed4184","hash":"2a467c6b158666575c158c7f7cc3b8b06cc5fc88"}
,"C:\\Users\\s.shamsundar.chandak\\Documents\\ec-ui code\\github-ec-ui\\web-ui\\src\\Maintain\\LicenseViewForm.js": {"path":"C:\\Users\\s.shamsundar.chandak\\Documents\\ec-ui code\\github-ec-ui\\web-ui\\src\\Maintain\\LicenseViewForm.js","statementMap":{"0":{"start":{"line":6,"column":8},"end":{"line":6,"column":21}},"1":{"start":{"line":7,"column":8},"end":{"line":56,"column":10}}},"fnMap":{"0":{"name":"(anonymous_0)","decl":{"start":{"line":5,"column":4},"end":{"line":5,"column":5}},"loc":{"start":{"line":5,"column":23},"end":{"line":57,"column":5}},"line":5},"1":{"name":"(anonymous_1)","decl":{"start":{"line":97,"column":4},"end":{"line":97,"column":5}},"loc":{"start":{"line":97,"column":13},"end":{"line":511,"column":5}},"line":97}},"branchMap":{},"s":{"0":2,"1":2},"f":{"0":2,"1":4},"b":{},"_coverageSchema":"43e27e138ebf9cfc5966b082cf9a028302ed4184","hash":"894e3a234ccff793518b0a5a94cb4c236c07d983"}
,"C:\\Users\\s.shamsundar.chandak\\Documents\\ec-ui code\\github-ec-ui\\web-ui\\src\\Maintain\\Maintain.js": {"path":"C:\\Users\\s.shamsundar.chandak\\Documents\\ec-ui code\\github-ec-ui\\web-ui\\src\\Maintain\\Maintain.js","statementMap":{},"fnMap":{"0":{"name":"(anonymous_0)","decl":{"start":{"line":5,"column":4},"end":{"line":5,"column":5}},"loc":{"start":{"line":5,"column":22},"end":{"line":8,"column":5}},"line":5},"1":{"name":"(anonymous_1)","decl":{"start":{"line":13,"column":4},"end":{"line":13,"column":5}},"loc":{"start":{"line":13,"column":13},"end":{"line":21,"column":5}},"line":13}},"branchMap":{},"s":{},"f":{"0":0,"1":0},"b":{},"hash":"5008a9a510377556543d6569a2b05a5c5ed4875a"}
,"C:\\Users\\s.shamsundar.chandak\\Documents\\ec-ui code\\github-ec-ui\\web-ui\\src\\Maintain\\Maintainagentcreate.js": {"path":"C:\\Users\\s.shamsundar.chandak\\Documents\\ec-ui code\\github-ec-ui\\web-ui\\src\\Maintain\\Maintainagentcreate.js","statementMap":{"0":{"start":{"line":9,"column":4},"end":{"line":9,"column":17}},"1":{"start":{"line":10,"column":4},"end":{"line":149,"column":6}},"2":{"start":{"line":153,"column":4},"end":{"line":155,"column":13}},"3":{"start":{"line":154,"column":6},"end":{"line":154,"column":45}}},"fnMap":{"0":{"name":"(anonymous_0)","decl":{"start":{"line":8,"column":2},"end":{"line":8,"column":3}},"loc":{"start":{"line":8,"column":21},"end":{"line":150,"column":3}},"line":8},"1":{"name":"(anonymous_1)","decl":{"start":{"line":152,"column":2},"end":{"line":152,"column":3}},"loc":{"start":{"line":152,"column":18},"end":{"line":156,"column":3}},"line":152},"2":{"name":"(anonymous_2)","decl":{"start":{"line":153,"column":15},"end":{"line":153,"column":16}},"loc":{"start":{"line":153,"column":21},"end":{"line":155,"column":5}},"line":153},"3":{"name":"(anonymous_3)","decl":{"start":{"line":2082,"column":2},"end":{"line":2082,"column":3}},"loc":{"start":{"line":2082,"column":11},"end":{"line":3575,"column":3}},"line":2082}},"branchMap":{},"s":{"0":3,"1":3,"2":0,"3":0},"f":{"0":3,"1":0,"2":0,"3":5},"b":{},"_coverageSchema":"43e27e138ebf9cfc5966b082cf9a028302ed4184","hash":"573172bdde26ca7d1cf29cd0cfaa9e7e47b04307"}
,"C:\\Users\\s.shamsundar.chandak\\Documents\\ec-ui code\\github-ec-ui\\web-ui\\src\\Maintain\\Maintainagentedit.js": {"path":"C:\\Users\\s.shamsundar.chandak\\Documents\\ec-ui code\\github-ec-ui\\web-ui\\src\\Maintain\\Maintainagentedit.js","statementMap":{"0":{"start":{"line":6,"column":4},"end":{"line":6,"column":17}},"1":{"start":{"line":7,"column":4},"end":{"line":139,"column":6}}},"fnMap":{"0":{"name":"(anonymous_0)","decl":{"start":{"line":5,"column":2},"end":{"line":5,"column":3}},"loc":{"start":{"line":5,"column":21},"end":{"line":140,"column":3}},"line":5},"1":{"name":"(anonymous_1)","decl":{"start":{"line":1583,"column":2},"end":{"line":1583,"column":3}},"loc":{"start":{"line":1583,"column":11},"end":{"line":2697,"column":3}},"line":1583}},"branchMap":{},"s":{"0":1,"1":1},"f":{"0":1,"1":3},"b":{},"_coverageSchema":"43e27e138ebf9cfc5966b082cf9a028302ed4184","hash":"4176c4c7218ce92b739a08fc97b2c261afe9fb20"}
,"C:\\Users\\s.shamsundar.chandak\\Documents\\ec-ui code\\github-ec-ui\\web-ui\\src\\Maintain\\Maintainagentupgrade.js": {"path":"C:\\Users\\s.shamsundar.chandak\\Documents\\ec-ui code\\github-ec-ui\\web-ui\\src\\Maintain\\Maintainagentupgrade.js","statementMap":{"0":{"start":{"line":13,"column":4},"end":{"line":13,"column":17}},"1":{"start":{"line":14,"column":4},"end":{"line":21,"column":6}},"2":{"start":{"line":251,"column":21},"end":{"line":251,"column":22}},"3":{"start":{"line":252,"column":21},"end":{"line":252,"column":22}},"4":{"start":{"line":253,"column":4},"end":{"line":253,"column":73}},"5":{"start":{"line":254,"column":4},"end":{"line":282,"column":7}},"6":{"start":{"line":265,"column":8},"end":{"line":270,"column":9}},"7":{"start":{"line":265,"column":21},"end":{"line":265,"column":22}},"8":{"start":{"line":266,"column":10},"end":{"line":269,"column":12}},"9":{"start":{"line":276,"column":8},"end":{"line":280,"column":9}},"10":{"start":{"line":277,"column":10},"end":{"line":277,"column":43}},"11":{"start":{"line":279,"column":10},"end":{"line":279,"column":43}},"12":{"start":{"line":283,"column":4},"end":{"line":283,"column":33}},"13":{"start":{"line":284,"column":4},"end":{"line":284,"column":49}},"14":{"start":{"line":285,"column":4},"end":{"line":285,"column":51}},"15":{"start":{"line":450,"column":16},"end":{"line":450,"column":44}},"16":{"start":{"line":451,"column":4},"end":{"line":451,"column":20}},"17":{"start":{"line":575,"column":16},"end":{"line":575,"column":44}},"18":{"start":{"line":576,"column":4},"end":{"line":579,"column":19}}},"fnMap":{"0":{"name":"(anonymous_0)","decl":{"start":{"line":12,"column":2},"end":{"line":12,"column":3}},"loc":{"start":{"line":12,"column":21},"end":{"line":22,"column":3}},"line":12},"1":{"name":"(anonymous_1)","decl":{"start":{"line":250,"column":2},"end":{"line":250,"column":3}},"loc":{"start":{"line":250,"column":36},"end":{"line":286,"column":3}},"line":250},"2":{"name":"(anonymous_2)","decl":{"start":{"line":264,"column":18},"end":{"line":264,"column":19}},"loc":{"start":{"line":264,"column":50},"end":{"line":271,"column":7}},"line":264},"3":{"name":"(anonymous_3)","decl":{"start":{"line":275,"column":22},"end":{"line":275,"column":23}},"loc":{"start":{"line":275,"column":43},"end":{"line":281,"column":7}},"line":275},"4":{"name":"(anonymous_4)","decl":{"start":{"line":449,"column":2},"end":{"line":449,"column":3}},"loc":{"start":{"line":449,"column":28},"end":{"line":452,"column":3}},"line":449},"5":{"name":"(anonymous_5)","decl":{"start":{"line":574,"column":2},"end":{"line":574,"column":3}},"loc":{"start":{"line":574,"column":40},"end":{"line":580,"column":3}},"line":574},"6":{"name":"(anonymous_6)","decl":{"start":{"line":704,"column":2},"end":{"line":704,"column":3}},"loc":{"start":{"line":704,"column":11},"end":{"line":874,"column":3}},"line":704}},"branchMap":{"0":{"loc":{"start":{"line":276,"column":8},"end":{"line":280,"column":9}},"type":"if","locations":[{"start":{"line":276,"column":8},"end":{"line":280,"column":9}},{"start":{"line":276,"column":8},"end":{"line":280,"column":9}}],"line":276}},"s":{"0":3,"1":3,"2":0,"3":0,"4":0,"5":0,"6":0,"7":0,"8":0,"9":0,"10":0,"11":0,"12":0,"13":0,"14":0,"15":0,"16":0,"17":0,"18":0},"f":{"0":3,"1":0,"2":0,"3":0,"4":0,"5":0,"6":3},"b":{"0":[0,0]},"_coverageSchema":"43e27e138ebf9cfc5966b082cf9a028302ed4184","hash":"047e5de74e3daf611f6f2994aa050021f7c8e0be"}
,"C:\\Users\\s.shamsundar.chandak\\Documents\\ec-ui code\\github-ec-ui\\web-ui\\src\\Maintain\\Maintainagentview.js": {"path":"C:\\Users\\s.shamsundar.chandak\\Documents\\ec-ui code\\github-ec-ui\\web-ui\\src\\Maintain\\Maintainagentview.js","statementMap":{"0":{"start":{"line":9,"column":4},"end":{"line":9,"column":17}},"1":{"start":{"line":10,"column":4},"end":{"line":14,"column":6}},"2":{"start":{"line":240,"column":21},"end":{"line":240,"column":22}},"3":{"start":{"line":241,"column":21},"end":{"line":241,"column":22}},"4":{"start":{"line":243,"column":4},"end":{"line":243,"column":63}},"5":{"start":{"line":244,"column":4},"end":{"line":271,"column":7}},"6":{"start":{"line":255,"column":8},"end":{"line":260,"column":9}},"7":{"start":{"line":255,"column":21},"end":{"line":255,"column":22}},"8":{"start":{"line":256,"column":10},"end":{"line":259,"column":12}},"9":{"start":{"line":265,"column":8},"end":{"line":269,"column":9}},"10":{"start":{"line":266,"column":10},"end":{"line":266,"column":43}},"11":{"start":{"line":268,"column":10},"end":{"line":268,"column":43}},"12":{"start":{"line":273,"column":4},"end":{"line":273,"column":33}},"13":{"start":{"line":274,"column":4},"end":{"line":274,"column":49}},"14":{"start":{"line":275,"column":4},"end":{"line":275,"column":51}},"15":{"start":{"line":418,"column":16},"end":{"line":418,"column":44}},"16":{"start":{"line":419,"column":4},"end":{"line":419,"column":20}}},"fnMap":{"0":{"name":"(anonymous_0)","decl":{"start":{"line":8,"column":2},"end":{"line":8,"column":3}},"loc":{"start":{"line":8,"column":21},"end":{"line":15,"column":3}},"line":8},"1":{"name":"(anonymous_1)","decl":{"start":{"line":239,"column":2},"end":{"line":239,"column":3}},"loc":{"start":{"line":239,"column":21},"end":{"line":276,"column":3}},"line":239},"2":{"name":"(anonymous_2)","decl":{"start":{"line":254,"column":18},"end":{"line":254,"column":19}},"loc":{"start":{"line":254,"column":50},"end":{"line":261,"column":7}},"line":254},"3":{"name":"(anonymous_3)","decl":{"start":{"line":264,"column":22},"end":{"line":264,"column":23}},"loc":{"start":{"line":264,"column":43},"end":{"line":270,"column":7}},"line":264},"4":{"name":"(anonymous_4)","decl":{"start":{"line":417,"column":2},"end":{"line":417,"column":3}},"loc":{"start":{"line":417,"column":28},"end":{"line":420,"column":3}},"line":417},"5":{"name":"(anonymous_5)","decl":{"start":{"line":505,"column":2},"end":{"line":505,"column":3}},"loc":{"start":{"line":505,"column":11},"end":{"line":661,"column":3}},"line":505}},"branchMap":{"0":{"loc":{"start":{"line":265,"column":8},"end":{"line":269,"column":9}},"type":"if","locations":[{"start":{"line":265,"column":8},"end":{"line":269,"column":9}},{"start":{"line":265,"column":8},"end":{"line":269,"column":9}}],"line":265}},"s":{"0":3,"1":3,"2":0,"3":0,"4":0,"5":0,"6":0,"7":0,"8":0,"9":0,"10":0,"11":0,"12":0,"13":0,"14":0,"15":0,"16":0},"f":{"0":3,"1":0,"2":0,"3":0,"4":0,"5":4},"b":{"0":[0,0]},"_coverageSchema":"43e27e138ebf9cfc5966b082cf9a028302ed4184","hash":"38e7ba2901bdfc4accb8ba438c53f67a938ab2c6"}
,"C:\\Users\\s.shamsundar.chandak\\Documents\\ec-ui code\\github-ec-ui\\web-ui\\src\\Maintain\\RequestCreate.js": {"path":"C:\\Users\\s.shamsundar.chandak\\Documents\\ec-ui code\\github-ec-ui\\web-ui\\src\\Maintain\\RequestCreate.js","statementMap":{"0":{"start":{"line":20,"column":4},"end":{"line":22,"column":13}},"1":{"start":{"line":21,"column":6},"end":{"line":21,"column":45}}},"fnMap":{"0":{"name":"(anonymous_0)","decl":{"start":{"line":19,"column":2},"end":{"line":19,"column":3}},"loc":{"start":{"line":19,"column":18},"end":{"line":23,"column":3}},"line":19},"1":{"name":"(anonymous_1)","decl":{"start":{"line":20,"column":15},"end":{"line":20,"column":16}},"loc":{"start":{"line":20,"column":21},"end":{"line":22,"column":5}},"line":20},"2":{"name":"(anonymous_2)","decl":{"start":{"line":75,"column":2},"end":{"line":75,"column":3}},"loc":{"start":{"line":75,"column":11},"end":{"line":134,"column":3}},"line":75}},"branchMap":{},"s":{"0":0,"1":0},"f":{"0":0,"1":0,"2":0},"b":{},"hash":"a213d8ee2b33e440b96436f476add7d2fd71a669"}
[...]
"start":{"line":263,"column":8},"end":{"line":268,"column":10}},"66":{"start":{"line":269,"column":8},"end":{"line":271,"column":17}},"67":{"start":{"line":270,"column":10},"end":{"line":270,"column":41}}},"fnMap":{"0":{"name":"(anonymous_0)","decl":{"start":{"line":8,"column":2},"end":{"line":8,"column":3}},"loc":{"start":{"line":8,"column":21},"end":{"line":44,"column":3}},"line":8},"1":{"name":"(anonymous_1)","decl":{"start":{"line":62,"column":2},"end":{"line":62,"column":3}},"loc":{"start":{"line":62,"column":20},"end":{"line":103,"column":3}},"line":62},"2":{"name":"(anonymous_2)","decl":{"start":{"line":104,"column":2},"end":{"line":104,"column":3}},"loc":{"start":{"line":104,"column":24},"end":{"line":168,"column":3}},"line":104},"3":{"name":"(anonymous_3)","decl":{"start":{"line":170,"column":2},"end":{"line":170,"column":3}},"loc":{"start":{"line":170,"column":22},"end":{"line":273,"column":3}},"line":170},"4":{"name":"(anonymous_4)","decl":{"start":{"line":202,"column":12},"end":{"line":202,"column":13}},"loc":{"start":{"line":202,"column":26},"end":{"line":260,"column":7}},"line":202},"5":{"name":"(anonymous_5)","decl":{"start":{"line":205,"column":31},"end":{"line":205,"column":32}},"loc":{"start":{"line":205,"column":45},"end":{"line":248,"column":11}},"line":205},"6":{"name":"(anonymous_6)","decl":{"start":{"line":218,"column":25},"end":{"line":218,"column":26}},"loc":{"start":{"line":218,"column":31},"end":{"line":236,"column":15}},"line":218},"7":{"name":"(anonymous_7)","decl":{"start":{"line":244,"column":25},"end":{"line":244,"column":26}},"loc":{"start":{"line":244,"column":31},"end":{"line":246,"column":15}},"line":244},"8":{"name":"(anonymous_8)","decl":{"start":{"line":256,"column":21},"end":{"line":256,"column":22}},"loc":{"start":{"line":256,"column":27},"end":{"line":258,"column":11}},"line":256},"9":{"name":"(anonymous_9)","decl":{"start":{"line":261,"column":13},"end":{"line":261,"column":14}},"loc":{"start":{"line":261,"column":22},"end":{"line":272,"column":7}},"line":261},"10":{"name":"(anonymous_10)","decl":{"start":{"line":269,"column":19},"end":{"line":269,"column":20}},"loc":{"start":{"line":269,"column":25},"end":{"line":271,"column":9}},"line":269}},"branchMap":{"0":{"loc":{"start":{"line":90,"column":12},"end":{"line":97,"column":5}},"type":"if","locations":[{"start":{"line":90,"column":12},"end":{"line":97,"column":5}},{"start":{"line":90,"column":12},"end":{"line":97,"column":5}}],"line":90},"1":{"loc":{"start":{"line":94,"column":9},"end":{"line":97,"column":5}},"type":"if","locations":[{"start":{"line":94,"column":9},"end":{"line":97,"column":5}},{"start":{"line":94,"column":9},"end":{"line":97,"column":5}}],"line":94},"2":{"loc":{"start":{"line":152,"column":4},"end":{"line":157,"column":5}},"type":"if","locations":[{"start":{"line":152,"column":4},"end":{"line":157,"column":5}},{"start":{"line":152,"column":4},"end":{"line":157,"column":5}}],"line":152},"3":{"loc":{"start":{"line":153,"column":6},"end":{"line":155,"column":7}},"type":"if","locations":[{"start":{"line":153,"column":6},"end":{"line":155,"column":7}},{"start":{"line":153,"column":6},"end":{"line":155,"column":7}}],"line":153},"4":{"loc":{"start":{"line":158,"column":4},"end":{"line":163,"column":5}},"type":"if","locations":[{"start":{"line":158,"column":4},"end":{"line":163,"column":5}},{"start":{"line":158,"column":4},"end":{"line":163,"column":5}}],"line":158},"5":{"loc":{"start":{"line":159,"column":6},"end":{"line":161,"column":7}},"type":"if","locations":[{"start":{"line":159,"column":6},"end":{"line":161,"column":7}},{"start":{"line":159,"column":6},"end":{"line":161,"column":7}}],"line":159},"6":{"loc":{"start":{"line":203,"column":8},"end":{"line":259,"column":9}},"type":"if","locations":[{"start":{"line":203,"column":8},"end":{"line":259,"column":9}},{"start":{"line":203,"column":8},"end":{"line":259,"column":9}}],"line":203},"7":{"loc":{"start":{"line":211,"column":12},"end":{"line":247,"column":13}},"type":"if","locations":[{"start":{"line":211,"column":12},"end":{"line":247,"column":13}},{"start":{"line":211,"column":12},"end":{"line":247,"column":13}}],"line":211}},"s":{"0":3,"1":3,"2":0,"3":0,"4":0,"5":0,"6":0,"7":0,"8":0,"9":0,"10":0,"11":0,"12":0,"13":0,"14":0,"15":0,"16":0,"17":0,"18":0,"19":0,"20":0,"21":0,"22":0,"23":0,"24":0,"25":0,"26":0,"27":0,"28":0,"29":0,"30":0,"31":0,"32":0,"33":0,"34":0,"35":0,"36":0,"37":0,"38":0,"39":0,"40":0,"41":0,"42":0,"43":0,"44":0,"45":0,"46":0,"47":0,"48":0,"49":0,"50":0,"51":0,"52":0,"53":0,"54":0,"55":0,"56":0,"57":0,"58":0,"59":0,"60":0,"61":0,"62":0,"63":0,"64":0,"65":0,"66":0,"67":0},"f":{"0":3,"1":0,"2":0,"3":0,"4":0,"5":0,"6":0,"7":0,"8":0,"9":0,"10":0},"b":{"0":[0,0],"1":[0,0],"2":[0,0],"3":[0,0],"4":[0,0],"5":[0,0],"6":[0,0],"7":[0,0]},"_coverageSchema":"43e27e138ebf9cfc5966b082cf9a028302ed4184","hash":"ce6f7211a3545dd4a9a45f1fd9b41d2851317b93"}
,"C:\\Users\\s.shamsundar.chandak\\Documents\\ec-ui code\\github-ec-ui\\web-ui\\src\\Subscription\\SubscriptionCreate\\SubscriptionAdd.js": {"path":"C:\\Users\\s.shamsundar.chandak\\Documents\\ec-ui code\\github-ec-ui\\web-ui\\src\\Subscription\\SubscriptionCreate\\SubscriptionAdd.js","statementMap":{"0":{"start":{"line":9,"column":4},"end":{"line":9,"column":17}},"1":{"start":{"line":10,"column":4},"end":{"line":18,"column":5}},"2":{"start":{"line":37,"column":20},"end":{"line":37,"column":46}},"3":{"start":{"line":38,"column":22},"end":{"line":38,"column":26}},"4":{"start":{"line":39,"column":17},"end":{"line":39,"column":19}},"5":{"start":{"line":40,"column":21},"end":{"line":40,"column":40}},"6":{"start":{"line":42,"column":4},"end":{"line":47,"column":5}},"7":{"start":{"line":43,"column":6},"end":{"line":45,"column":7}},"8":{"start":{"line":44,"column":8},"end":{"line":44,"column":47}},"9":{"start":{"line":46,"column":6},"end":{"line":46,"column":26}},"10":{"start":{"line":48,"column":4},"end":{"line":51,"column":6}},"11":{"start":{"line":55,"column":4},"end":{"line":60,"column":6}},"12":{"start":{"line":61,"column":22},"end":{"line":61,"column":67}},"13":{"start":{"line":62,"column":22},"end":{"line":62,"column":24}},"14":{"start":{"line":63,"column":14},"end":{"line":63,"column":122}},"15":{"start":{"line":65,"column":4},"end":{"line":65,"column":56}},"16":{"start":{"line":66,"column":4},"end":{"line":66,"column":58}},"17":{"start":{"line":67,"column":4},"end":{"line":67,"column":54}},"18":{"start":{"line":70,"column":4},"end":{"line":70,"column":29}},"19":{"start":{"line":71,"column":4},"end":{"line":143,"column":9}},"20":{"start":{"line":81,"column":8},"end":{"line":130,"column":9}},"21":{"start":{"line":83,"column":10},"end":{"line":119,"column":13}},"22":{"start":{"line":84,"column":12},"end":{"line":88,"column":14}},"23":{"start":{"line":89,"column":12},"end":{"line":118,"column":13}},"24":{"start":{"line":90,"column":14},"end":{"line":95,"column":16}},"25":{"start":{"line":96,"column":14},"end":{"line":107,"column":23}},"26":{"start":{"line":97,"column":16},"end":{"line":97,"column":47}},"27":{"start":{"line":98,"column":39},"end":{"line":102,"column":17}},"28":{"start":{"line":103,"column":16},"end":{"line":106,"column":19}},"29":{"start":{"line":109,"column":14},"end":{"line":114,"column":16}},"30":{"start":{"line":115,"column":14},"end":{"line":117,"column":23}},"31":{"start":{"line":116,"column":16},"end":{"line":116,"column":47}},"32":{"start":{"line":121,"column":10},"end":{"line":126,"column":12}},"33":{"start":{"line":127,"column":10},"end":{"line":129,"column":19}},"34":{"start":{"line":128,"column":12},"end":{"line":128,"column":43}},"35":{"start":{"line":133,"column":8},"end":{"line":133,"column":25}},"36":{"start":{"line":134,"column":8},"end":{"line":139,"column":10}},"37":{"start":{"line":140,"column":8},"end":{"line":142,"column":17}},"38":{"start":{"line":141,"column":10},"end":{"line":141,"column":41}}},"fnMap":{"0":{"name":"(anonymous_0)","decl":{"start":{"line":8,"column":2},"end":{"line":8,"column":3}},"loc":{"start":{"line":8,"column":21},"end":{"line":19,"column":3}},"line":8},"1":{"name":"(anonymous_1)","decl":{"start":{"line":36,"column":2},"end":{"line":36,"column":3}},"loc":{"start":{"line":36,"column":24},"end":{"line":52,"column":3}},"line":36},"2":{"name":"(anonymous_2)","decl":{"start":{"line":54,"column":2},"end":{"line":54,"column":3}},"loc":{"start":{"line":54,"column":21},"end":{"line":144,"column":3}},"line":54},"3":{"name":"(anonymous_3)","decl":{"start":{"line":80,"column":12},"end":{"line":80,"column":13}},"loc":{"start":{"line":80,"column":26},"end":{"line":131,"column":7}},"line":80},"4":{"name":"(anonymous_4)","decl":{"start":{"line":83,"column":31},"end":{"line":83,"column":32}},"loc":{"start":{"line":83,"column":45},"end":{"line":119,"column":11}},"line":83},"5":{"name":"(anonymous_5)","decl":{"start":{"line":96,"column":25},"end":{"line":96,"column":26}},"loc":{"start":{"line":96,"column":31},"end":{"line":107,"column":15}},"line":96},"6":{"name":"(anonymous_6)","decl":{"start":{"line":115,"column":25},"end":{"line":115,"column":26}},"loc":{"start":{"line":115,"column":31},"end":{"line":117,"column":15}},"line":115},"7":{"name":"(anonymous_7)","decl":{"start":{"line":127,"column":21},"end":{"line":127,"column":22}},"loc":{"start":{"line":127,"column":27},"end":{"line":129,"column":11}},"line":127},"8":{"name":"(anonymous_8)","decl":{"start":{"line":132,"column":13},"end":{"line":132,"column":14}},"loc":{"start":{"line":132,"column":22},"end":{"line":143,"column":7}},"line":132},"9":{"name":"(anonymous_9)","decl":{"start":{"line":140,"column":19},"end":{"line":140,"column":20}},"loc":{"start":{"line":140,"column":25},"end":{"line":142,"column":9}},"line":140}},"branchMap":{"0":{"loc":{"start":{"line":42,"column":4},"end":{"line":47,"column":5}},"type":"if","locations":[{"start":{"line":42,"column":4},"end":{"line":47,"column":5}},{"start":{"line":42,"column":4},"end":{"line":47,"column":5}}],"line":42},"1":{"loc":{"start":{"line":43,"column":6},"end":{"line":45,"column":7}},"type":"if","locations":[{"start":{"line":43,"column":6},"end":{"line":45,"column":7}},{"start":{"line":43,"column":6},"end":{"line":45,"column":7}}],"line":43},"2":{"loc":{"start":{"line":81,"column":8},"end":{"line":130,"column":9}},"type":"if","locations":[{"start":{"line":81,"column":8},"end":{"line":130,"column":9}},{"start":{"line":81,"column":8},"end":{"line":130,"column":9}}],"line":81},"3":{"loc":{"start":{"line":89,"column":12},"end":{"line":118,"column":13}},"type":"if","locations":[{"start":{"line":89,"column":12},"end":{"line":118,"column":13}},{"start":{"line":89,"column":12},"end":{"line":118,"column":13}}],"line":89}},"s":{"0":3,"1":3,"2":0,"3":0,"4":0,"5":0,"6":0,"7":0,"8":0,"9":0,"10":0,"11":0,"12":0,"13":0,"14":0,"15":0,"16":0,"17":0,"18":0,"19":0,"20":0,"21":0,"22":0,"23":0,"24":0,"25":0,"26":0,"27":0,"28":0,"29":0,"30":0,"31":0,"32":0,"33":0,"34":0,"35":0,"36":0,"37":0,"38":0},"f":{"0":3,"1":0,"2":0,"3":0,"4":0,"5":0,"6":0,"7":0,"8":0,"9":0},"b":{"0":[0,0],"1":[0,0],"2":[0,0],"3":[0,0]},"_coverageSchema":"43e27e138ebf9cfc5966b082cf9a028302ed4184","hash":"1e08343d2b9c2469f356d3ad3c6db8ebe7b1e4db"}
,"C:\\Users\\s.shamsundar.chandak\\Documents\\ec-ui code\\github-ec-ui\\web-ui\\src\\Support\\Support.js": {"path":"C:\\Users\\s.shamsundar.chandak\\Documents\\ec-ui code\\github-ec-ui\\web-ui\\src\\Support\\Support.js","statementMap":{},"fnMap":{},"branchMap":{},"s":{},"f":{},"b":{},"hash":"44cd4a50642e81b323889548cc1dc8a5169a3373"}
,"C:\\Users\\s.shamsundar.chandak\\Documents\\ec-ui code\\github-ec-ui\\web-ui\\src\\Topologygraph\\Topologygraph.js": {"path":"C:\\Users\\s.shamsundar.chandak\\Documents\\ec-ui code\\github-ec-ui\\web-ui\\src\\Topologygraph\\Topologygraph.js","statementMap":{"0":{"start":{"line":11,"column":4},"end":{"line":11,"column":17}},"1":{"start":{"line":15,"column":4},"end":{"line":15,"column":47}},"2":{"start":{"line":24,"column":16},"end":{"line":24,"column":19}},"3":{"start":{"line":25,"column":17},"end":{"line":25,"column":20}},"4":{"start":{"line":26,"column":18},"end":{"line":28,"column":5}},"5":{"start":{"line":29,"column":18},"end":{"line":29,"column":65}},"6":{"start":{"line":30,"column":4},"end":{"line":34,"column":7}}},"fnMap":{"0":{"name":"(anonymous_0)","decl":{"start":{"line":10,"column":2},"end":{"line":10,"column":3}},"loc":{"start":{"line":10,"column":21},"end":{"line":12,"column":3}},"line":10},"1":{"name":"(anonymous_1)","decl":{"start":{"line":14,"column":2},"end":{"line":14,"column":3}},"loc":{"start":{"line":14,"column":22},"end":{"line":16,"column":3}},"line":14},"2":{"name":"(anonymous_2)","decl":{"start":{"line":23,"column":2},"end":{"line":23,"column":3}},"loc":{"start":{"line":23,"column":29},"end":{"line":35,"column":3}},"line":23},"3":{"name":"(anonymous_3)","decl":{"start":{"line":36,"column":2},"end":{"line":36,"column":3}},"loc":{"start":{"line":36,"column":11},"end":{"line":45,"column":3}},"line":36}},"branchMap":{},"s":{"0":1,"1":0,"2":0,"3":0,"4":0,"5":0,"6":0},"f":{"0":1,"1":0,"2":0,"3":1},"b":{},"_coverageSchema":"43e27e138ebf9cfc5966b082cf9a028302ed4184","hash":"86593777ad14ffd48c293c9ba06e0b3525b6f4d7"}
,"C:\\Users\\s.shamsundar.chandak\\Documents\\ec-ui code\\github-ec-ui\\web-ui\\src\\Treelist\\Treelist.js": {"path":"C:\\Users\\s.shamsundar.chandak\\Documents\\ec-ui code\\github-ec-ui\\web-ui\\src\\Treelist\\Treelist.js","statementMap":{"0":{"start":{"line":5,"column":4},"end":{"line":5,"column":17}}},"fnMap":{"0":{"name":"(anonymous_0)","decl":{"start":{"line":4,"column":2},"end":{"line":4,"column":3}},"loc":{"start":{"line":4,"column":21},"end":{"line":6,"column":3}},"line":4},"1":{"name":"(anonymous_1)","decl":{"start":{"line":64,"column":2},"end":{"line":64,"column":3}},"loc":{"start":{"line":64,"column":11},"end":{"line":79,"column":3}},"line":64}},"branchMap":{},"s":{"0":2},"f":{"0":2,"1":2},"b":{},"_coverageSchema":"43e27e138ebf9cfc5966b082cf9a028302ed4184","hash":"694514be94c1e1ebd955789e5a14980b4c46ce9a"}
,"C:\\Users\\s.shamsundar.chandak\\Documents\\ec-ui code\\github-ec-ui\\web-ui\\src\\View\\Businessview.js": {"path":"C:\\Users\\s.shamsundar.chandak\\Documents\\ec-ui code\\github-ec-ui\\web-ui\\src\\View\\Businessview.js","statementMap":{},"fnMap":{},"branchMap":{},"s":{},"f":{},"b":{},"_coverageSchema":"43e27e138ebf9cfc5966b082cf9a028302ed4184","hash":"74bb1e98161192c4588f94ca92e17a2abfcd51f3"}
,"C:\\Users\\s.shamsundar.chandak\\Documents\\ec-ui code\\github-ec-ui\\web-ui\\src\\View\\Customsearch.js": {"path":"C:\\Users\\s.shamsundar.chandak\\Documents\\ec-ui code\\github-ec-ui\\web-ui\\src\\View\\Customsearch.js","statementMap":{"0":{"start":{"line":9,"column":4},"end":{"line":9,"column":17}},"1":{"start":{"line":10,"column":4},"end":{"line":24,"column":6}}},"fnMap":{"0":{"name":"(anonymous_0)","decl":{"start":{"line":8,"column":2},"end":{"line":8,"column":3}},"loc":{"start":{"line":8,"column":21},"end":{"line":25,"column":3}},"line":8},"1":{"name":"(anonymous_1)","decl":{"start":{"line":334,"column":2},"end":{"line":334,"column":3}},"loc":{"start":{"line":334,"column":11},"end":{"line":617,"column":3}},"line":334}},"branchMap":{},"s":{"0":5,"1":5},"f":{"0":5,"1":10},"b":{},"_coverageSchema":"43e27e138ebf9cfc5966b082cf9a028302ed4184","hash":"9eab9190e30e09bf2bad154526bc979ec7b98e78"}
,"C:\\Users\\s.shamsundar.chandak\\Documents\\ec-ui code\\github-ec-ui\\web-ui\\src\\View\\Technicalview.js": {"path":"C:\\Users\\s.shamsundar.chandak\\Documents\\ec-ui code\\github-ec-ui\\web-ui\\src\\View\\Technicalview.js","statementMap":{"0":{"start":{"line":1896,"column":16},"end":{"line":1896,"column":44}},"1":{"start":{"line":1897,"column":4},"end":{"line":1897,"column":20}}},"fnMap":{"0":{"name":"(anonymous_0)","decl":{"start":{"line":1895,"column":2},"end":{"line":1895,"column":3}},"loc":{"start":{"line":1895,"column":28},"end":{"line":1898,"column":3}},"line":1895}},"branchMap":{},"s":{"0":0,"1":0},"f":{"0":0},"b":{},"_coverageSchema":"43e27e138ebf9cfc5966b082cf9a028302ed4184","hash":"ead735f9e2e6a6d286fb7d3f65ee6feea8b47d47"}
,"C:\\Users\\s.shamsundar.chandak\\Documents\\ec-ui code\\github-ec-ui\\web-ui\\src\\View\\View.js": {"path":"C:\\Users\\s.shamsundar.chandak\\Documents\\ec-ui code\\github-ec-ui\\web-ui\\src\\View\\View.js","statementMap":{"0":{"start":{"line":9,"column":4},"end":{"line":9,"column":17}},"1":{"start":{"line":10,"column":4},"end":{"line":13,"column":6}}},"fnMap":{"0":{"name":"(anonymous_0)","decl":{"start":{"line":8,"column":2},"end":{"line":8,"column":3}},"loc":{"start":{"line":8,"column":21},"end":{"line":14,"column":3}},"line":8},"1":{"name":"(anonymous_1)","decl":{"start":{"line":112,"column":2},"end":{"line":112,"column":3}},"loc":{"start":{"line":112,"column":11},"end":{"line":156,"column":3}},"line":112}},"branchMap":{},"s":{"0":3,"1":3},"f":{"0":3,"1":5},"b":{},"_coverageSchema":"43e27e138ebf9cfc5966b082cf9a028302ed4184","hash":"7a37cf02da9c0d15a7f2ceef8b14ce40e7f21dd2"}
,"C:\\Users\\s.shamsundar.chandak\\Documents\\ec-ui code\\github-ec-ui\\web-ui\\src\\Viewtable\\Viewtable.js": {"path":"C:\\Users\\s.shamsundar.chandak\\Documents\\ec-ui code\\github-ec-ui\\web-ui\\src\\Viewtable\\Viewtable.js","statementMap":{},"fnMap":{"0":{"name":"(anonymous_0)","decl":{"start":{"line":18,"column":4},"end":{"line":18,"column":5}},"loc":{"start":{"line":18,"column":12},"end":{"line":116,"column":5}},"line":18}},"branchMap":{},"s":{},"f":{"0":0},"b":{},"_coverageSchema":"43e27e138ebf9cfc5966b082cf9a028302ed4184","hash":"2c05a93a7b26169db2e3f6a0f00ea283f9914114"}
,"C:\\Users\\s.shamsundar.chandak\\Documents\\ec-ui code\\github-ec-ui\\web-ui\\src\\components\\AppError.js": {"path":"C:\\Users\\s.shamsundar.chandak\\Documents\\ec-ui code\\github-ec-ui\\web-ui\\src\\components\\AppError.js","statementMap":{"0":{"start":{"line":3,"column":23},"end":{"line":5,"column":1}},"1":{"start":{"line":4,"column":2},"end":{"line":4,"column":39}},"2":{"start":{"line":9,"column":10},"end":{"line":11,"column":3}},"3":{"start":{"line":13,"column":36},"end":{"line":15,"column":3}},"4":{"start":{"line":14,"column":4},"end":{"line":14,"column":30}},"5":{"start":{"line":17,"column":22},"end":{"line":19,"column":3}},"6":{"start":{"line":18,"column":4},"end":{"line":18,"column":35}},"7":{"start":{"line":22,"column":25},"end":{"line":22,"column":35}},"8":{"start":{"line":23,"column":25},"end":{"line":23,"column":35}},"9":{"start":{"line":25,"column":4},"end":{"line":25,"column":52}}},"fnMap":{"0":{"name":"(anonymous_0)","decl":{"start":{"line":3,"column":23},"end":{"line":3,"column":24}},"loc":{"start":{"line":3,"column":29},"end":{"line":5,"column":1}},"line":3},"1":{"name":"(anonymous_1)","decl":{"start":{"line":13,"column":36},"end":{"line":13,"column":37}},"loc":{"start":{"line":13,"column":45},"end":{"line":15,"column":3}},"line":13},"2":{"name":"(anonymous_2)","decl":{"start":{"line":17,"column":22},"end":{"line":17,"column":23}},"loc":{"start":{"line":17,"column":39},"end":{"line":19,"column":3}},"line":17},"3":{"name":"(anonymous_3)","decl":{"start":{"line":21,"column":2},"end":{"line":21,"column":3}},"loc":{"start":{"line":21,"column":11},"end":{"line":26,"column":3}},"line":21}},"branchMap":{"0":{"loc":{"start":{"line":25,"column":11},"end":{"line":25,"column":51}},"type":"cond-expr","locations":[{"start":{"line":25,"column":22},"end":{"line":25,"column":40}},{"start":{"line":25,"column":43},"end":{"line":25,"column":51}}],"line":25}},"s":{"0":0,"1":0,"2":0,"3":0,"4":0,"5":0,"6":0,"7":0,"8":0,"9":0},"f":{"0":0,"1":0,"2":0,"3":0},"b":{"0":[0,0]},"hash":"bcccd13fc41d515845763169517d230521f84e62"}
,"C:\\Users\\s.shamsundar.chandak\\Documents\\ec-ui code\\github-ec-ui\\web-ui\\src\\static\\helpText\\helpText.js": {"path":"C:\\Users\\s.shamsundar.chandak\\Documents\\ec-ui code\\github-ec-ui\\web-ui\\src\\static\\helpText\\helpText.js","statementMap":{},"fnMap":{},"branchMap":{},"s":{},"f":{},"b":{},"_coverageSchema":"43e27e138ebf9cfc5966b082cf9a028302ed4184","hash":"4a9af403ba327fd91865fc92ffa6de542617adf0"}
}
