{"C:\\Users\\s.shamsundar.chandak\\Documents\\ec-ui code\\github-ec-ui\\web-ui\\src\\App.js": {"path":"C:\\Users\\s.shamsundar.chandak\\Documents\\ec-ui code\\github-ec-ui\\web-ui\\src\\App.js","statementMap":{"0":{"start":{"line":84,"column":17},"end":{"line":84,"column":37}},"1":{"start":{"line":88,"column":2},"end":{"line":90,"column":26}},"2":{"start":{"line":94,"column":4},"end":{"line":94,"column":17}},"3":{"start":{"line":95,"column":4},"end":{"line":127,"column":6}}},"fnMap":{"0":{"name":"(anonymous_0)","decl":{"start":{"line":93,"column":2},"end":{"line":93,"column":3}},"loc":{"start":{"line":93,"column":21},"end":{"line":128,"column":3}},"line":93},"1":{"name":"(anonymous_1)","decl":{"start":{"line":971,"column":2},"end":{"line":971,"column":3}},"loc":{"start":{"line":971,"column":11},"end":{"line":1191,"column":3}},"line":971}},"branchMap":{"0":{"loc":{"start":{"line":88,"column":2},"end":{"line":90,"column":26}},"type":"cond-expr","locations":[{"start":{"line":89,"column":6},"end":{"line":89,"column":62}},{"start":{"line":90,"column":6},"end":{"line":90,"column":26}}],"line":88},"1":{"loc":{"start":{"line":88,"column":2},"end":{"line":88,"column":74}},"type":"binary-expr","locations":[{"start":{"line":88,"column":2},"end":{"line":88,"column":27}},{"start":{"line":88,"column":31},"end":{"line":88,"column":74}}],"line":88}},"s":{"0":1,"1":1,"2":3,"3":3},"f":{"0":3,"1":3},"b":{"0":[1,0],"1":[1,1]},"_coverageSchema":"1a1c01bbd47fc00a2c39e90264f33305004495a9","hash":"716aaac2c90ed9456f2045957fc974e532847d1e"}
,"C:\\Users\\s.shamsundar.chandak\\Documents\\ec-ui code\\github-ec-ui\\web-ui\\src\\custom-service-worker.js": {"path":"C:\\Users\\s.shamsundar.chandak\\Documents\\ec-ui code\\github-ec-ui\\web-ui\\src\\custom-service-worker.js","statementMap":{},"fnMap":{},"branchMap":{},"s":{},"f":{},"b":{}}
,"C:\\Users\\s.shamsundar.chandak\\Documents\\ec-ui code\\github-ec-ui\\web-ui\\src\\index.js": {"path":"C:\\Users\\s.shamsundar.chandak\\Documents\\ec-ui code\\github-ec-ui\\web-ui\\src\\index.js","statementMap":{},"fnMap":{},"branchMap":{},"s":{},"f":{},"b":{}}
,"C:\\Users\\s.shamsundar.chandak\\Documents\\ec-ui code\\github-ec-ui\\web-ui\\src\\reportWebVitals.js": {"path":"C:\\Users\\s.shamsundar.chandak\\Documents\\ec-ui code\\github-ec-ui\\web-ui\\src\\reportWebVitals.js","statementMap":{},"fnMap":{},"branchMap":{},"s":{},"f":{},"b":{}}
,"C:\\Users\\s.shamsundar.chandak\\Documents\\ec-ui code\\github-ec-ui\\web-ui\\src\\serviceWorker.js": {"path":"C:\\Users\\s.shamsundar.chandak\\Documents\\ec-ui code\\github-ec-ui\\web-ui\\src\\serviceWorker.js","statementMap":{},"fnMap":{},"branchMap":{},"s":{},"f":{},"b":{}}
,"C:\\Users\\s.shamsundar.chandak\\Documents\\ec-ui code\\github-ec-ui\\web-ui\\src\\user-worker.js": {"path":"C:\\Users\\s.shamsundar.chandak\\Documents\\ec-ui code\\github-ec-ui\\web-ui\\src\\user-worker.js","statementMap":{},"fnMap":{},"branchMap":{},"s":{},"f":{},"b":{}}
,"C:\\Users\\s.shamsundar.chandak\\Documents\\ec-ui code\\github-ec-ui\\web-ui\\src\\worker.js": {"path":"C:\\Users\\s.shamsundar.chandak\\Documents\\ec-ui code\\github-ec-ui\\web-ui\\src\\worker.js","statementMap":{},"fnMap":{},"branchMap":{},"s":{},"f":{},"b":{}}
,"C:\\Users\\s.shamsundar.chandak\\Documents\\ec-ui code\\github-ec-ui\\web-ui\\src\\Cookienotification\\Cookienotification.js": {"path":"C:\\Users\\s.shamsundar.chandak\\Documents\\ec-ui code\\github-ec-ui\\web-ui\\src\\Cookienotification\\Cookienotification.js","statementMap":{},"fnMap":{},"branchMap":{},"s":{},"f":{},"b":{}}
,"C:\\Users\\s.shamsundar.chandak\\Documents\\ec-ui code\\github-ec-ui\\web-ui\\src\\Dashboard\\Dashboard.js": {"path":"C:\\Users\\s.shamsundar.chandak\\Documents\\ec-ui code\\github-ec-ui\\web-ui\\src\\Dashboard\\Dashboard.js","statementMap":{},"fnMap":{"0":{"name":"(anonymous_0)","decl":{"start":{"line":237,"column":2},"end":{"line":237,"column":3}},"loc":{"start":{"line":237,"column":11},"end":{"line":267,"column":3}},"line":237}},"branchMap":{},"s":{},"f":{"0":0},"b":{}}
,"C:\\Users\\s.shamsundar.chandak\\Documents\\ec-ui code\\github-ec-ui\\web-ui\\src\\FloaterHelp\\FloaterHelp.js": {"path":"C:\\Users\\s.shamsundar.chandak\\Documents\\ec-ui code\\github-ec-ui\\web-ui\\src\\FloaterHelp\\FloaterHelp.js","statementMap":{},"fnMap":{},"branchMap":{},"s":{},"f":{},"b":{}}
,"C:\\Users\\s.shamsundar.chandak\\Documents\\ec-ui code\\github-ec-ui\\web-ui\\src\\Footer\\Footer.js": {"path":"C:\\Users\\s.shamsundar.chandak\\Documents\\ec-ui code\\github-ec-ui\\web-ui\\src\\Footer\\Footer.js","statementMap":{},"fnMap":{},"branchMap":{},"s":{},"f":{},"b":{}}
,"C:\\Users\\s.shamsundar.chandak\\Documents\\ec-ui code\\github-ec-ui\\web-ui\\src\\Header\\Header.js": {"path":"C:\\Users\\s.shamsundar.chandak\\Documents\\ec-ui code\\github-ec-ui\\web-ui\\src\\Header\\Header.js","statementMap":{},"fnMap":{},"branchMap":{},"s":{},"f":{},"b":{},"_coverageSchema":"1a1c01bbd47fc00a2c39e90264f33305004495a9","hash":"383c2880dc0f7d8946d55d88d6a7538134edde68"}
,"C:\\Users\\s.shamsundar.chandak\\Documents\\ec-ui code\\github-ec-ui\\web-ui\\src\\Loader\\Loader.js": {"path":"C:\\Users\\s.shamsundar.chandak\\Documents\\ec-ui code\\github-ec-ui\\web-ui\\src\\Loader\\Loader.js","statementMap":{},"fnMap":{},"branchMap":{},"s":{},"f":{},"b":{},"_coverageSchema":"1a1c01bbd47fc00a2c39e90264f33305004495a9","hash":"a35f78e61d4be1b38098a11b2496718490bf9b68"}
,"C:\\Users\\s.shamsundar.chandak\\Documents\\ec-ui code\\github-ec-ui\\web-ui\\src\\Maintain\\GroupView.js": {"path":"C:\\Users\\s.shamsundar.chandak\\Documents\\ec-ui code\\github-ec-ui\\web-ui\\src\\Maintain\\GroupView.js","statementMap":{},"fnMap":{"0":{"name":"(anonymous_0)","decl":{"start":{"line":218,"column":4},"end":{"line":218,"column":5}},"loc":{"start":{"line":218,"column":13},"end":{"line":366,"column":5}},"line":218}},"branchMap":{},"s":{},"f":{"0":2},"b":{},"_coverageSchema":"1a1c01bbd47fc00a2c39e90264f33305004495a9","hash":"5c3e66b9231d96c8f07f9e6768f5c7bbe3fcf09d"}
,"C:\\Users\\s.shamsundar.chandak\\Documents\\ec-ui code\\github-ec-ui\\web-ui\\src\\Maintain\\Groupcreate.js": {"path":"C:\\Users\\s.shamsundar.chandak\\Documents\\ec-ui code\\github-ec-ui\\web-ui\\src\\Maintain\\Groupcreate.js","statementMap":{"0":{"start":{"line":9,"column":8},"end":{"line":9,"column":21}},"1":{"start":{"line":10,"column":8},"end":{"line":19,"column":10}}},"fnMap":{"0":{"name":"(anonymous_0)","decl":{"start":{"line":8,"column":4},"end":{"line":8,"column":5}},"loc":{"start":{"line":8,"column":22},"end":{"line":20,"column":5}},"line":8},"1":{"name":"(anonymous_1)","decl":{"start":{"line":278,"column":4},"end":{"line":278,"column":5}},"loc":{"start":{"line":278,"column":13},"end":{"line":348,"column":5}},"line":278}},"branchMap":{},"s":{"0":4,"1":4},"f":{"0":4,"1":6},"b":{},"_coverageSchema":"1a1c01bbd47fc00a2c39e90264f33305004495a9","hash":"b8c87e6427289a3dc3d971ca43da87718e995d5c"}
,"C:\\Users\\s.shamsundar.chandak\\Documents\\ec-ui code\\github-ec-ui\\web-ui\\src\\Maintain\\Groupupgrade.js": {"path":"C:\\Users\\s.shamsundar.chandak\\Documents\\ec-ui code\\github-ec-ui\\web-ui\\src\\Maintain\\Groupupgrade.js","statementMap":{},"fnMap":{},"branchMap":{},"s":{},"f":{},"b":{},"_coverageSchema":"1a1c01bbd47fc00a2c39e90264f33305004495a9","hash":"07f6c88a0b0bf8b1bcb4c9aed851adc8d29b0be2"}
,"C:\\Users\\s.shamsundar.chandak\\Documents\\ec-ui code\\github-ec-ui\\web-ui\\src\\Maintain\\LicenseCreate.js": {"path":"C:\\Users\\s.shamsundar.chandak\\Documents\\ec-ui code\\github-ec-ui\\web-ui\\src\\Maintain\\LicenseCreate.js","statementMap":{"0":{"start":{"line":9,"column":4},"end":{"line":9,"column":17}},"1":{"start":{"line":10,"column":4},"end":{"line":38,"column":6}}},"fnMap":{"0":{"name":"(anonymous_0)","decl":{"start":{"line":8,"column":2},"end":{"line":8,"column":3}},"loc":{"start":{"line":8,"column":21},"end":{"line":39,"column":3}},"line":8},"1":{"name":"(anonymous_1)","decl":{"start":{"line":266,"column":2},"end":{"line":266,"column":3}},"loc":{"start":{"line":266,"column":11},"end":{"line":510,"column":3}},"line":266}},"branchMap":{},"s":{"0":3,"1":3},"f":{"0":3,"1":5},"b":{},"_coverageSchema":"1a1c01bbd47fc00a2c39e90264f33305004495a9","hash":"f16284d0234e405a689cf82a3efb71a089cf9e73"}
,"C:\\Users\\s.shamsundar.chandak\\Documents\\ec-ui code\\github-ec-ui\\web-ui\\src\\Maintain\\LicenseEdit.js": {"path":"C:\\Users\\s.shamsundar.chandak\\Documents\\ec-ui code\\github-ec-ui\\web-ui\\src\\Maintain\\LicenseEdit.js","statementMap":{"0":{"start":{"line":10,"column":8},"end":{"line":10,"column":21}},"1":{"start":{"line":11,"column":8},"end":{"line":43,"column":10}}},"fnMap":{"0":{"name":"(anonymous_0)","decl":{"start":{"line":9,"column":4},"end":{"line":9,"column":5}},"loc":{"start":{"line":9,"column":23},"end":{"line":44,"column":5}},"line":9},"1":{"name":"(anonymous_1)","decl":{"start":{"line":243,"column":4},"end":{"line":243,"column":5}},"loc":{"start":{"line":243,"column":13},"end":{"line":504,"column":5}},"line":243}},"branchMap":{},"s":{"0":2,"1":2},"f":{"0":2,"1":4},"b":{},"_coverageSchema":"1a1c01bbd47fc00a2c39e90264f33305004495a9","hash":"0d31ba8a56143f7fad071234e6710128b394b477"}
,"C:\\Users\\s.shamsundar.chandak\\Documents\\ec-ui code\\github-ec-ui\\web-ui\\src\\Maintain\\LicenseUpgrade.js": {"path":"C:\\Users\\s.shamsundar.chandak\\Documents\\ec-ui code\\github-ec-ui\\web-ui\\src\\Maintain\\LicenseUpgrade.js","statementMap":{"0":{"start":{"line":11,"column":4},"end":{"line":11,"column":17}},"1":{"start":{"line":12,"column":4},"end":{"line":19,"column":6}}},"fnMap":{"0":{"name":"(anonymous_0)","decl":{"start":{"line":10,"column":2},"end":{"line":10,"column":3}},"loc":{"start":{"line":10,"column":21},"end":{"line":20,"column":3}},"line":10},"1":{"name":"(anonymous_1)","decl":{"start":{"line":345,"column":2},"end":{"line":345,"column":3}},"loc":{"start":{"line":345,"column":11},"end":{"line":481,"column":3}},"line":345}},"branchMap":{},"s":{"0":1,"1":1},"f":{"0":1,"1":1},"b":{},"_coverageSchema":"1a1c01bbd47fc00a2c39e90264f33305004495a9","hash":"2e187bfeeaf49e2e7aeb081814a846750739e432"}
,"C:\\Users\\s.shamsundar.chandak\\Documents\\ec-ui code\\github-ec-ui\\web-ui\\src\\Maintain\\LicenseView.js": {"path":"C:\\Users\\s.shamsundar.chandak\\Documents\\ec-ui code\\github-ec-ui\\web-ui\\src\\Maintain\\LicenseView.js","statementMap":{"0":{"start":{"line":11,"column":8},"end":{"line":11,"column":21}},"1":{"start":{"line":12,"column":8},"end":{"line":19,"column":10}}},"fnMap":{"0":{"name":"(anonymous_0)","decl":{"start":{"line":10,"column":4},"end":{"line":10,"column":5}},"loc":{"start":{"line":10,"column":23},"end":{"line":20,"column":5}},"line":10},"1":{"name":"(anonymous_1)","decl":{"start":{"line":305,"column":4},"end":{"line":305,"column":5}},"loc":{"start":{"line":305,"column":12},"end":{"line":398,"column":5}},"line":305}},"branchMap":{},"s":{"0":1,"1":1},"f":{"0":1,"1":1},"b":{},"_coverageSchema":"1a1c01bbd47fc00a2c39e90264f33305004495a9","hash":"feb87a5097699d05ce9d24d32394e23011e4dc1d"}
,"C:\\Users\\s.shamsundar.chandak\\Documents\\ec-ui code\\github-ec-ui\\web-ui\\src\\Maintain\\LicenseViewForm.js": {"path":"C:\\Users\\s.shamsundar.chandak\\Documents\\ec-ui code\\github-ec-ui\\web-ui\\src\\Maintain\\LicenseViewForm.js","statementMap":{"0":{"start":{"line":6,"column":8},"end":{"line":6,"column":21}},"1":{"start":{"line":7,"column":8},"end":{"line":56,"column":10}}},"fnMap":{"0":{"name":"(anonymous_0)","decl":{"start":{"line":5,"column":4},"end":{"line":5,"column":5}},"loc":{"start":{"line":5,"column":23},"end":{"line":57,"column":5}},"line":5},"1":{"name":"(anonymous_1)","decl":{"start":{"line":97,"column":4},"end":{"line":97,"column":5}},"loc":{"start":{"line":97,"column":13},"end":{"line":511,"column":5}},"line":97}},"branchMap":{},"s":{"0":2,"1":2},"f":{"0":2,"1":4},"b":{},"_coverageSchema":"1a1c01bbd47fc00a2c39e90264f33305004495a9","hash":"e3aa8f5c6e9aa9b336ea5a50266b51a8b0024873"}
,"C:\\Users\\s.shamsundar.chandak\\Documents\\ec-ui code\\github-ec-ui\\web-ui\\src\\Maintain\\Maintain.js": {"path":"C:\\Users\\s.shamsundar.chandak\\Documents\\ec-ui code\\github-ec-ui\\web-ui\\src\\Maintain\\Maintain.js","statementMap":{},"fnMap":{"0":{"name":"(anonymous_0)","decl":{"start":{"line":13,"column":4},"end":{"line":13,"column":5}},"loc":{"start":{"line":13,"column":13},"end":{"line":21,"column":5}},"line":13}},"branchMap":{},"s":{},"f":{"0":0},"b":{}}
,"C:\\Users\\s.shamsundar.chandak\\Documents\\ec-ui code\\github-ec-ui\\web-ui\\src\\Maintain\\Maintainagentcreate.js": {"path":"C:\\Users\\s.shamsundar.chandak\\Documents\\ec-ui code\\github-ec-ui\\web-ui\\src\\Maintain\\Maintainagentcreate.js","statementMap":{"0":{"start":{"line":9,"column":4},"end":{"line":9,"column":17}},"1":{"start":{"line":10,"column":4},"end":{"line":149,"column":6}}},"fnMap":{"0":{"name":"(anonymous_0)","decl":{"start":{"line":8,"column":2},"end":{"line":8,"column":3}},"loc":{"start":{"line":8,"column":21},"end":{"line":150,"column":3}},"line":8},"1":{"name":"(anonymous_1)","decl":{"start":{"line":2083,"column":2},"end":{"line":2083,"column":3}},"loc":{"start":{"line":2083,"column":11},"end":{"line":3576,"column":3}},"line":2083}},"branchMap":{},"s":{"0":3,"1":3},"f":{"0":3,"1":5},"b":{},"_coverageSchema":"1a1c01bbd47fc00a2c39e90264f33305004495a9","hash":"60fd29f290fe2290ce216bc36ee4b19fe7276d07"}
,"C:\\Users\\s.shamsundar.chandak\\Documents\\ec-ui code\\github-ec-ui\\web-ui\\src\\Maintain\\Maintainagentedit.js": {"path":"C:\\Users\\s.shamsundar.chandak\\Documents\\ec-ui code\\github-ec-ui\\web-ui\\src\\Maintain\\Maintainagentedit.js","statementMap":{"0":{"start":{"line":6,"column":4},"end":{"line":6,"column":17}},"1":{"start":{"line":7,"column":4},"end":{"line":139,"column":6}}},"fnMap":{"0":{"name":"(anonymous_0)","decl":{"start":{"line":5,"column":2},"end":{"line":5,"column":3}},"loc":{"start":{"line":5,"column":21},"end":{"line":140,"column":3}},"line":5},"1":{"name":"(anonymous_1)","decl":{"start":{"line":1583,"column":2},"end":{"line":1583,"column":3}},"loc":{"start":{"line":1583,"column":11},"end":{"line":2697,"column":3}},"line":1583}},"branchMap":{},"s":{"0":1,"1":1},"f":{"0":1,"1":3},"b":{},"_coverageSchema":"1a1c01bbd47fc00a2c39e90264f33305004495a9","hash":"b37d3e8c8909c3c6668c1e3b29ff89dec111c579"}
,"C:\\Users\\s.shamsundar.chandak\\Documents\\ec-ui code\\github-ec-ui\\web-ui\\src\\Maintain\\Maintainagentupgrade.js": {"path":"C:\\Users\\s.shamsundar.chandak\\Documents\\ec-ui code\\github-ec-ui\\web-ui\\src\\Maintain\\Maintainagentupgrade.js","statementMap":{"0":{"start":{"line":13,"column":4},"end":{"line":13,"column":17}},"1":{"start":{"line":14,"column":4},"end":{"line":21,"column":6}}},"fnMap":{"0":{"name":"(anonymous_0)","decl":{"start":{"line":12,"column":2},"end":{"line":12,"column":3}},"loc":{"start":{"line":12,"column":21},"end":{"line":22,"column":3}},"line":12},"1":{"name":"(anonymous_1)","decl":{"start":{"line":708,"column":2},"end":{"line":708,"column":3}},"loc":{"start":{"line":708,"column":11},"end":{"line":878,"column":3}},"line":708}},"branchMap":{},"s":{"0":3,"1":3},"f":{"0":3,"1":3},"b":{},"_coverageSchema":"1a1c01bbd47fc00a2c39e90264f33305004495a9","hash":"5701e3aeaa39d7415bc032d499cce60069945ada"}
,"C:\\Users\\s.shamsundar.chandak\\Documents\\ec-ui code\\github-ec-ui\\web-ui\\src\\Maintain\\Maintainagentview.js": {"path":"C:\\Users\\s.shamsundar.chandak\\Documents\\ec-ui code\\github-ec-ui\\web-ui\\src\\Maintain\\Maintainagentview.js","statementMap":{"0":{"start":{"line":9,"column":4},"end":{"line":9,"column":17}},"1":{"start":{"line":10,"column":4},"end":{"line":14,"column":6}}},"fnMap":{"0":{"name":"(anonymous_0)","decl":{"start":{"line":8,"column":2},"end":{"line":8,"column":3}},"loc":{"start":{"line":8,"column":21},"end":{"line":15,"column":3}},"line":8},"1":{"name":"(anonymous_1)","decl":{"start":{"line":507,"column":2},"end":{"line":507,"column":3}},"loc":{"start":{"line":507,"column":11},"end":{"line":663,"column":3}},"line":507}},"branchMap":{},"s":{"0":3,"1":3},"f":{"0":3,"1":4},"b":{},"_coverageSchema":"1a1c01bbd47fc00a2c39e90264f33305004495a9","hash":"96743709aed334864394158f58331a404d31db78"}
,"C:\\Users\\s.shamsundar.chandak\\Documents\\ec-ui code\\github-ec-ui\\web-ui\\src\\Maintain\\RequestCreate.js": {"path":"C:\\Users\\s.shamsundar.chandak\\Documents\\ec-ui code\\github-ec-ui\\web-ui\\src\\Maintain\\RequestCreate.js","statementMap":{},"fnMap":{"0":{"name":"(anonymous_0)","decl":{"start":{"line":76,"column":2},"end":{"line":76,"column":3}},"loc":{"start":{"line":76,"column":11},"end":{"line":135,"column":3}},"line":76}},"branchMap":{},"s":{},"f":{"0":0},"b":{}}
,"C:\\Users\\s.shamsundar.chandak\\Documents\\ec-ui code\\github-ec-ui\\web-ui\\src\\Maintain\\RequestUpgrade.js": {"path":"C:\\Users\\s.shamsundar.chandak\\Documents\\ec-ui code\\github-ec-ui\\web-ui\\src\\Maintain\\RequestUpgrade.js","statementMap":{},"fnMap":{},"branchMap":{},"s":{},"f":{},"b":{}}
,"C:\\Users\\s.shamsundar.chandak\\Documents\\ec-ui code\\github-ec-ui\\web-ui\\src\\Maintain\\RequestView.js": {"path":"C:\\Users\\s.shamsundar.chandak\\Documents\\ec-ui code\\github-ec-ui\\web-ui\\src\\Maintain\\RequestView.js","statementMap":{},"fnMap":{},"branchMap":{},"s":{},"f":{},"b":{}}
,"C:\\Users\\s.shamsundar.chandak\\Documents\\ec-ui code\\github-ec-ui\\web-ui\\src\\Maintain\\Subscriptioncreate.js": {"path":"C:\\Users\\s.shamsundar.chandak\\Documents\\ec-ui code\\github-ec-ui\\web-ui\\src\\Maintain\\Subscriptioncreate.js","statementMap":{"0":{"start":{"line":9,"column":4},"end":{"line":9,"column":17}},"1":{"start":{"line":10,"column":4},"end":{"line":38,"column":6}}},"fnMap":{"0":{"name":"(anonymous_0)","decl":{"start":{"line":8,"column":2},"end":{"line":8,"column":3}},"loc":{"start":{"line":8,"column":21},"end":{"line":39,"column":3}},"line":8},"1":{"name":"(anonymous_1)","decl":{"start":{"line":269,"column":2},"end":{"line":269,"column":3}},"loc":{"start":{"line":269,"column":11},"end":{"line":513,"column":3}},"line":269}},"branchMap":{},"s":{"0":3,"1":3},"f":{"0":3,"1":5},"b":{},"_coverageSchema":"1a1c01bbd47fc00a2c39e90264f33305004495a9","hash":"236c3fc78abda649002b758b19112cd76cf9d042"}
,"C:\\Users\\s.shamsundar.chandak\\Documents\\ec-ui code\\github-ec-ui\\web-ui\\src\\Maintain\\Subscriptionedit.js": {"path":"C:\\Users\\s.shamsundar.chandak\\Documents\\ec-ui code\\github-ec-ui\\web-ui\\src\\Maintain\\Subscriptionedit.js","statementMap":{"0":{"start":{"line":10,"column":8},"end":{"line":10,"column":21}},"1":{"start":{"line":11,"column":8},"end":{"line":43,"column":10}}},"fnMap":{"0":{"name":"(anonymous_0)","decl":{"start":{"line":9,"column":4},"end":{"line":9,"column":5}},"loc":{"start":{"line":9,"column":23},"end":{"line":44,"column":5}},"line":9},"1":{"name":"(anonymous_1)","decl":{"start":{"line":243,"column":4},"end":{"line":243,"column":5}},"loc":{"start":{"line":243,"column":13},"end":{"line":504,"column":5}},"line":243}},"branchMap":{},"s":{"0":2,"1":2},"f":{"0":2,"1":4},"b":{},"_coverageSchema":"1a1c01bbd47fc00a2c39e90264f33305004495a9","hash":"3c524144957fda7db777df6a5f98b630afd53d74"}
,"C:\\Users\\s.shamsundar.chandak\\Documents\\ec-ui code\\github-ec-ui\\web-ui\\src\\Maintain\\Subscriptionupgrade.js": {"path":"C:\\Users\\s.shamsundar.chandak\\Documents\\ec-ui code\\github-ec-ui\\web-ui\\src\\Maintain\\Subscriptionupgrade.js","statementMap":{"0":{"start":{"line":11,"column":4},"end":{"line":11,"column":17}},"1":{"start":{"line":12,"column":4},"end":{"line":19,"column":6}}},"fnMap":{"0":{"name":"(anonymous_0)","decl":{"start":{"line":10,"column":2},"end":{"line":10,"column":3}},"loc":{"start":{"line":10,"column":21},"end":{"line":20,"column":3}},"line":10},"1":{"name":"(anonymous_1)","decl":{"start":{"line":346,"column":2},"end":{"line":346,"column":3}},"loc":{"start":{"line":346,"column":11},"end":{"line":482,"column":3}},"line":346}},"branchMap":{},"s":{"0":1,"1":1},"f":{"0":1,"1":1},"b":{},"_coverageSchema":"1a1c01bbd47fc00a2c39e90264f33305004495a9","hash":"71a19839bf318d857b991db1970620c0bf377e2e"}
,"C:\\Users\\s.shamsundar.chandak\\Documents\\ec-ui code\\github-ec-ui\\web-ui\\src\\Maintain\\Subscriptionview.js": {"path":"C:\\Users\\s.shamsundar.chandak\\Documents\\ec-ui code\\github-ec-ui\\web-ui\\src\\Maintain\\Subscriptionview.js","statementMap":{"0":{"start":{"line":11,"column":8},"end":{"line":11,"column":21}},"1":{"start":{"line":12,"column":8},"end":{"line":19,"column":10}}},"fnMap":{"0":{"name":"(anonymous_0)","decl":{"start":{"line":10,"column":4},"end":{"line":10,"column":5}},"loc":{"start":{"line":10,"column":23},"end":{"line":20,"column":5}},"line":10},"1":{"name":"(anonymous_1)","decl":{"start":{"line":304,"column":4},"end":{"line":304,"column":5}},"loc":{"start":{"line":304,"column":12},"end":{"line":397,"column":5}},"line":304}},"branchMap":{},"s":{"0":1,"1":1},"f":{"0":1,"1":1},"b":{},"_coverageSchema":"1a1c01bbd47fc00a2c39e90264f33305004495a9","hash":"f0919ea02677ccb62891378acd97b8ded7adf508"}
,"C:\\Users\\s.shamsundar.chandak\\Documents\\ec-ui code\\github-ec-ui\\web-ui\\src\\Maintain\\Subscriptionviewform.js": {"path":"C:\\Users\\s.shamsundar.chandak\\Documents\\ec-ui code\\github-ec-ui\\web-ui\\src\\Maintain\\Subscriptionviewform.js","statementMap":{"0":{"start":{"line":6,"column":8},"end":{"line":6,"column":21}},"1":{"start":{"line":7,"column":8},"end":{"line":56,"column":10}}},"fnMap":{"0":{"name":"(anonymous_0)","decl":{"start":{"line":5,"column":4},"end":{"line":5,"column":5}},"loc":{"start":{"line":5,"column":23},"end":{"line":57,"column":5}},"line":5},"1":{"name":"(anonymous_1)","decl":{"start":{"line":97,"column":4},"end":{"line":97,"column":5}},"loc":{"start":{"line":97,"column":13},"end":{"line":511,"column":5}},"line":97}},"branchMap":{},"s":{"0":2,"1":2},"f":{"0":2,"1":4},"b":{},"_coverageSchema":"1a1c01bbd47fc00a2c39e90264f33305004495a9","hash":"119a8f4fe6a281f521816359d22f2104f5616385"}
,"C:\\Users\\s.shamsundar.chandak\\Documents\\ec-ui code\\github-ec-ui\\web-ui\\src\\Monitor\\Alert.js": {"path":"C:\\Users\\s.shamsundar.chandak\\Documents\\ec-ui code\\github-ec-ui\\web-ui\\src\\Monitor\\Alert.js","statementMap":{},"fnMap":{},"branchMap":{},"s":{},"f":{},"b":{}}
,"C:\\Users\\s.shamsundar.chandak\\Documents\\ec-ui code\\github-ec-ui\\web-ui\\src\\Monitor\\Healthstatus.js": {"path":"C:\\Users\\s.shamsundar.chandak\\Documents\\ec-ui code\\github-ec-ui\\web-ui\\src\\Monitor\\Healthstatus.js","statementMap":{},"fnMap":{},"branchMap":{},"s":{},"f":{},"b":{},"_coverageSchema":"1a1c01bbd47fc00a2c39e90264f33305004495a9","hash":"68f8f2962081f57f8531c719b646baf331d2853f"}
,"C:\\Users\\s.shamsundar.chandak\\Documents\\ec-ui code\\github-ec-ui\\web-ui\\src\\Monitor\\Monitor.js": {"path":"C:\\Users\\s.shamsundar.chandak\\Documents\\ec-ui code\\github-ec-ui\\web-ui\\src\\Monitor\\Monitor.js","statementMap":{},"fnMap":{},"branchMap":{},"s":{},"f":{},"b":{}}
,"C:\\Users\\s.shamsundar.chandak\\Documents\\ec-ui code\\github-ec-ui\\web-ui\\src\\Monitor\\Notification.js": {"path":"C:\\Users\\s.shamsundar.chandak\\Documents\\ec-ui code\\github-ec-ui\\web-ui\\src\\Monitor\\Notification.js","statementMap":{"0":{"start":{"line":8,"column":24},"end":{"line":119,"column":1}}},"fnMap":{},"branchMap":{},"s":{"0":1},"f":{},"b":{},"_coverageSchema":"1a1c01bbd47fc00a2c39e90264f33305004495a9","hash":"3820ccea1abfe069711455eede9ce49186235f58"}
,"C:\\Users\\s.shamsundar.chandak\\Documents\\ec-ui code\\github-ec-ui\\web-ui\\src\\Navbar\\Navbar.js": {"path":"C:\\Users\\s.shamsundar.chandak\\Documents\\ec-ui code\\github-ec-ui\\web-ui\\src\\Navbar\\Navbar.js","statementMap":{},"fnMap":{},"branchMap":{},"s":{},"f":{},"b":{},"_coverageSchema":"1a1c01bbd47fc00a2c39e90264f33305004495a9","hash":"e01d48fb17b6736e9580d289b4f3700c5d44be4a"}
,"C:\\Users\\s.shamsundar.chandak\\Documents\\ec-ui code\\github-ec-ui\\web-ui\\src\\Report\\Report.js": {"path":"C:\\Users\\s.shamsundar.chandak\\Documents\\ec-ui code\\github-ec-ui\\web-ui\\src\\Report\\Report.js","statementMap":{},"fnMap":{},"branchMap":{},"s":{},"f":{},"b":{}}
,"C:\\Users\\s.shamsundar.chandak\\Documents\\ec-ui code\\github-ec-ui\\web-ui\\src\\Settings\\Settings.js": {"path":"C:\\Users\\s.shamsundar.chandak\\Documents\\ec-ui code\\github-ec-ui\\web-ui\\src\\Settings\\Settings.js","statementMap":{},"fnMap":{},"branchMap":{},"s":{},"f":{},"b":{}}
,"C:\\Users\\s.shamsundar.chandak\\Documents\\ec-ui code\\github-ec-ui\\web-ui\\src\\Settings\\UserManagement.js": {"path":"C:\\Users\\s.shamsundar.chandak\\Documents\\ec-ui code\\github-ec-ui\\web-ui\\src\\Settings\\UserManagement.js","statementMap":{},"fnMap":{"0":{"name":"(anonymous_0)","decl":{"start":{"line":165,"column":2},"end":{"line":165,"column":3}},"loc":{"start":{"line":165,"column":11},"end":{"line":376,"column":3}},"line":165}},"branchMap":{},"s":{},"f":{"0":1},"b":{},"_coverageSchema":"1a1c01bbd47fc00a2c39e90264f33305004495a9","hash":"5532a7a82a6503d323ee8433727a2ff0ffcd2eb2"}
,"C:\\Users\\s.shamsundar.chandak\\Documents\\ec-ui code\\github-ec-ui\\web-ui\\src\\Settings\\UserProfile.js": {"path":"C:\\Users\\s.shamsundar.chandak\\Documents\\ec-ui code\\github-ec-ui\\web-ui\\src\\Settings\\UserProfile.js","statementMap":{},"fnMap":{},"branchMap":{},"s":{},"f":{},"b":{}}
,"C:\\Users\\s.shamsundar.chandak\\Documents\\ec-ui code\\github-ec-ui\\web-ui\\src\\Settings\\WebHooks.js": {"path":"C:\\Users\\s.shamsundar.chandak\\Documents\\ec-ui code\\github-ec-ui\\web-ui\\src\\Settings\\WebHooks.js","statementMap":{},"fnMap":{},"branchMap":{},"s":{},"f":{},"b":{}}
,"C:\\Users\\s.shamsundar.chandak\\Documents\\ec-ui code\\github-ec-ui\\web-ui\\src\\Subscription\\Dashboard\\SubscriptionDashboard.js": {"path":"C:\\Users\\s.shamsundar.chandak\\Documents\\ec-ui code\\github-ec-ui\\web-ui\\src\\Subscription\\Dashboard\\SubscriptionDashboard.js","statementMap":{"0":{"start":{"line":8,"column":4},"end":{"line":8,"column":17}},"1":{"start":{"line":9,"column":4},"end":{"line":42,"column":6}}},"fnMap":{"0":{"name":"(anonymous_0)","decl":{"start":{"line":7,"column":2},"end":{"line":7,"column":3}},"loc":{"start":{"line":7,"column":21},"end":{"line":43,"column":3}},"line":7}},"branchMap":{},"s":{"0":3,"1":3},"f":{"0":3},"b":{},"_coverageSchema":"1a1c01bbd47fc00a2c39e90264f33305004495a9","hash":"4ebcbbb01b0248190e8ab17b9fc9e073d026d92e"}
,"C:\\Users\\s.shamsundar.chandak\\Documents\\ec-ui code\\github-ec-ui\\web-ui\\src\\Subscription\\SubscriptionCreate\\SubscriptionAdd.js": {"path":"C:\\Users\\s.shamsundar.chandak\\Documents\\ec-ui code\\github-ec-ui\\web-ui\\src\\Subscription\\SubscriptionCreate\\SubscriptionAdd.js","statementMap":{"0":{"start":{"line":7,"column":4},"end":{"line":7,"column":17}},"1":{"start":{"line":8,"column":4},"end":{"line":16,"column":5}}},"fnMap":{"0":{"name":"(anonymous_0)","decl":{"start":{"line":6,"column":2},"end":{"line":6,"column":3}},"loc":{"start":{"line":6,"column":21},"end":{"line":17,"column":3}},"line":6}},"branchMap":{},"s":{"0":3,"1":3},"f":{"0":3},"b":{},"_coverageSchema":"1a1c01bbd47fc00a2c39e90264f33305004495a9","hash":"358b9afcc401dec62f6435964d04425d7a3e57cf"}
,"C:\\Users\\s.shamsundar.chandak\\Documents\\ec-ui code\\github-ec-ui\\web-ui\\src\\Support\\Support.js": {"path":"C:\\Users\\s.shamsundar.chandak\\Documents\\ec-ui code\\github-ec-ui\\web-ui\\src\\Support\\Support.js","statementMap":{},"fnMap":{},"branchMap":{},"s":{},"f":{},"b":{}}
,"C:\\Users\\s.shamsundar.chandak\\Documents\\ec-ui code\\github-ec-ui\\web-ui\\src\\Topologygraph\\Topologygraph.js": {"path":"C:\\Users\\s.shamsundar.chandak\\Documents\\ec-ui code\\github-ec-ui\\web-ui\\src\\Topologygraph\\Topologygraph.js","statementMap":{},"fnMap":{"0":{"name":"(anonymous_0)","decl":{"start":{"line":35,"column":2},"end":{"line":35,"column":3}},"loc":{"start":{"line":35,"column":11},"end":{"line":44,"column":3}},"line":35}},"branchMap":{},"s":{},"f":{"0":1},"b":{},"_coverageSchema":"1a1c01bbd47fc00a2c39e90264f33305004495a9","hash":"7c95ac472f166a1fd06805bab5f4f1df34e304ac"}
,"C:\\Users\\s.shamsundar.chandak\\Documents\\ec-ui code\\github-ec-ui\\web-ui\\src\\Treelist\\Treelist.js": {"path":"C:\\Users\\s.shamsundar.chandak\\Documents\\ec-ui code\\github-ec-ui\\web-ui\\src\\Treelist\\Treelist.js","statementMap":{},"fnMap":{"0":{"name":"(anonymous_0)","decl":{"start":{"line":64,"column":2},"end":{"line":64,"column":3}},"loc":{"start":{"line":64,"column":11},"end":{"line":79,"column":3}},"line":64}},"branchMap":{},"s":{},"f":{"0":2},"b":{},"_coverageSchema":"1a1c01bbd47fc00a2c39e90264f33305004495a9","hash":"fb7977f8525b968d946704e156c09679568764dc"}
,"C:\\Users\\s.shamsundar.chandak\\Documents\\ec-ui code\\github-ec-ui\\web-ui\\src\\View\\Businessview.js": {"path":"C:\\Users\\s.shamsundar.chandak\\Documents\\ec-ui code\\github-ec-ui\\web-ui\\src\\View\\Businessview.js","statementMap":{},"fnMap":{},"branchMap":{},"s":{},"f":{},"b":{},"_coverageSchema":"1a1c01bbd47fc00a2c39e90264f33305004495a9","hash":"997ffe93e564e22bcd6856086d25431aebb1ad86"}
,"C:\\Users\\s.shamsundar.chandak\\Documents\\ec-ui code\\github-ec-ui\\web-ui\\src\\View\\Customsearch.js": {"path":"C:\\Users\\s.shamsundar.chandak\\Documents\\ec-ui code\\github-ec-ui\\web-ui\\src\\View\\Customsearch.js","statementMap":{"0":{"start":{"line":9,"column":4},"end":{"line":9,"column":17}},"1":{"start":{"line":10,"column":4},"end":{"line":24,"column":6}}},"fnMap":{"0":{"name":"(anonymous_0)","decl":{"start":{"line":8,"column":2},"end":{"line":8,"column":3}},"loc":{"start":{"line":8,"column":21},"end":{"line":25,"column":3}},"line":8},"1":{"name":"(anonymous_1)","decl":{"start":{"line":334,"column":2},"end":{"line":334,"column":3}},"loc":{"start":{"line":334,"column":11},"end":{"line":617,"column":3}},"line":334}},"branchMap":{},"s":{"0":5,"1":5},"f":{"0":5,"1":10},"b":{},"_coverageSchema":"1a1c01bbd47fc00a2c39e90264f33305004495a9","hash":"3794eb3a252284b2b8575998c621d30fa1ca4416"}
,"C:\\Users\\s.shamsundar.chandak\\Documents\\ec-ui code\\github-ec-ui\\web-ui\\src\\View\\Technicalview.js": {"path":"C:\\Users\\s.shamsundar.chandak\\Documents\\ec-ui code\\github-ec-ui\\web-ui\\src\\View\\Technicalview.js","statementMap":{},"fnMap":{},"branchMap":{},"s":{},"f":{},"b":{},"_coverageSchema":"1a1c01bbd47fc00a2c39e90264f33305004495a9","hash":"e0db252cea065bb360d58387899021d06d1034df"}
,"C:\\Users\\s.shamsundar.chandak\\Documents\\ec-ui code\\github-ec-ui\\web-ui\\src\\View\\View.js": {"path":"C:\\Users\\s.shamsundar.chandak\\Documents\\ec-ui code\\github-ec-ui\\web-ui\\src\\View\\View.js","statementMap":{"0":{"start":{"line":9,"column":4},"end":{"line":9,"column":17}},"1":{"start":{"line":10,"column":4},"end":{"line":13,"column":6}}},"fnMap":{"0":{"name":"(anonymous_0)","decl":{"start":{"line":8,"column":2},"end":{"line":8,"column":3}},"loc":{"start":{"line":8,"column":21},"end":{"line":14,"column":3}},"line":8},"1":{"name":"(anonymous_1)","decl":{"start":{"line":112,"column":2},"end":{"line":112,"column":3}},"loc":{"start":{"line":112,"column":11},"end":{"line":156,"column":3}},"line":112}},"branchMap":{},"s":{"0":3,"1":3},"f":{"0":3,"1":5},"b":{},"_coverageSchema":"1a1c01bbd47fc00a2c39e90264f33305004495a9","hash":"70acebd9ec65d250371d8b52f67e6a0d83b3efde"}
,"C:\\Users\\s.shamsundar.chandak\\Documents\\ec-ui code\\github-ec-ui\\web-ui\\src\\Viewtable\\Viewtable.js": {"path":"C:\\Users\\s.shamsundar.chandak\\Documents\\ec-ui code\\github-ec-ui\\web-ui\\src\\Viewtable\\Viewtable.js","statementMap":{},"fnMap":{"0":{"name":"(anonymous_0)","decl":{"start":{"line":18,"column":4},"end":{"line":18,"column":5}},"loc":{"start":{"line":18,"column":12},"end":{"line":116,"column":5}},"line":18}},"branchMap":{},"s":{},"f":{"0":0},"b":{},"_coverageSchema":"1a1c01bbd47fc00a2c39e90264f33305004495a9","hash":"0b3d802fdb47250ec6a7b1f5d73d8beef3704f40"}
,"C:\\Users\\s.shamsundar.chandak\\Documents\\ec-ui code\\github-ec-ui\\web-ui\\src\\components\\AppError.js": {"path":"C:\\Users\\s.shamsundar.chandak\\Documents\\ec-ui code\\github-ec-ui\\web-ui\\src\\components\\AppError.js","statementMap":{},"fnMap":{},"branchMap":{},"s":{},"f":{},"b":{}}
,"C:\\Users\\s.shamsundar.chandak\\Documents\\ec-ui code\\github-ec-ui\\web-ui\\src\\static\\helpText\\helpText.js": {"path":"C:\\Users\\s.shamsundar.chandak\\Documents\\ec-ui code\\github-ec-ui\\web-ui\\src\\static\\helpText\\helpText.js","statementMap":{},"fnMap":{},"branchMap":{},"s":{},"f":{},"b":{},"_coverageSchema":"1a1c01bbd47fc00a2c39e90264f33305004495a9","hash":"7b1e74e44ec6e70a5bd38146a130a0a0c00b8c76"}
}
