TN:
SF:C:\Users\s.shamsundar.chandak\Documents\ec-ui code\github-ec-ui\web-ui\src\App.js
FN:11,(anonymous_0)
FN:12,(anonymous_1)
FN:15,(anonymous_2)
FN:18,(anonymous_3)
FN:19,(anonymous_4)
FN:20,(anonymous_5)
FN:21,(anonymous_6)
FN:22,(anonymous_7)
FN:23,(anonymous_8)
FN:24,(anonymous_9)
FN:25,(anonymous_10)
FN:32,(anonymous_11)
FN:33,(anonymous_12)
FN:34,(anonymous_13)
FN:35,(anonymous_14)
FN:36,(anonymous_15)
FN:39,(anonymous_16)
FN:40,(anonymous_17)
FN:41,(anonymous_18)
FN:43,(anonymous_19)
FN:44,(anonymous_20)
FN:45,(anonymous_21)
FN:46,(anonymous_22)
FN:47,(anonymous_23)
FN:48,(anonymous_24)
FN:49,(anonymous_25)
FN:50,(anonymous_26)
FN:53,(anonymous_27)
FN:54,(anonymous_28)
FN:65,(anonymous_29)
FN:660,(anonymous_30)
FN:671,(anonymous_31)
FN:686,(anonymous_32)
FN:696,(anonymous_33)
FN:716,(anonymous_34)
FN:727,(anonymous_35)
FN:747,(anonymous_36)
FN:758,(anonymous_37)
FN:778,(anonymous_38)
FN:789,(anonymous_39)
FN:809,(anonymous_40)
FN:819,(anonymous_41)
FN:868,(anonymous_42)
FN:872,(anonymous_43)
FN:939,(anonymous_44)
FNF:45
FNH:2
FNDA:0,(anonymous_0)
FNDA:0,(anonymous_1)
FNDA:0,(anonymous_2)
FNDA:0,(anonymous_3)
FNDA:0,(anonymous_4)
FNDA:0,(anonymous_5)
FNDA:0,(anonymous_6)
FNDA:0,(anonymous_7)
FNDA:0,(anonymous_8)
FNDA:0,(anonymous_9)
FNDA:0,(anonymous_10)
FNDA:0,(anonymous_11)
FNDA:0,(anonymous_12)
FNDA:0,(anonymous_13)
FNDA:0,(anonymous_14)
FNDA:0,(anonymous_15)
FNDA:0,(anonymous_16)
FNDA:0,(anonymous_17)
FNDA:0,(anonymous_18)
FNDA:0,(anonymous_19)
FNDA:0,(anonymous_20)
FNDA:0,(anonymous_21)
FNDA:0,(anonymous_22)
FNDA:0,(anonymous_23)
FNDA:0,(anonymous_24)
FNDA:0,(anonymous_25)
FNDA:0,(anonymous_26)
FNDA:0,(anonymous_27)
FNDA:0,(anonymous_28)
FNDA:6,(anonymous_29)
FNDA:0,(anonymous_30)
FNDA:0,(anonymous_31)
FNDA:0,(anonymous_32)
FNDA:0,(anonymous_33)
FNDA:0,(anonymous_34)
FNDA:0,(anonymous_35)
FNDA:0,(anonymous_36)
FNDA:0,(anonymous_37)
FNDA:0,(anonymous_38)
FNDA:0,(anonymous_39)
FNDA:0,(anonymous_40)
FNDA:0,(anonymous_41)
FNDA:0,(anonymous_42)
FNDA:0,(anonymous_43)
FNDA:3,(anonymous_44)
DA:11,1
DA:12,1
DA:13,0
DA:15,1
DA:16,0
DA:18,1
DA:19,1
DA:20,1
DA:21,1
DA:22,1
DA:23,1
DA:24,1
DA:25,1
DA:26,0
DA:32,1
DA:33,1
DA:34,1
DA:35,1
DA:36,1
DA:39,1
DA:40,1
DA:41,1
DA:43,1
DA:44,1
DA:45,1
DA:46,1
DA:47,1
DA:48,1
DA:49,1
DA:50,1
DA:51,0
DA:53,1
DA:54,1
DA:56,1
DA:60,1
DA:66,6
DA:67,6
DA:661,0
DA:662,0
DA:663,0
DA:664,0
DA:672,0
DA:673,0
DA:674,0
DA:675,0
DA:676,0
DA:687,0
DA:688,0
DA:697,0
DA:698,0
DA:700,0
DA:704,0
DA:705,0
DA:706,0
DA:717,0
DA:718,0
DA:728,0
DA:729,0
DA:731,0
DA:735,0
DA:736,0
DA:737,0
DA:748,0
DA:749,0
DA:759,0
DA:760,0
DA:762,0
DA:766,0
DA:767,0
DA:768,0
DA:779,0
DA:780,0
DA:790,0
DA:791,0
DA:793,0
DA:798,0
DA:799,0
DA:810,0
DA:811,0
DA:820,0
DA:821,0
DA:823,0
DA:828,0
DA:829,0
DA:830,0
LF:85
LH:33
BRDA:60,0,0,0
BRDA:60,0,1,1
BRDA:60,1,0,1
BRDA:60,1,1,0
BRDA:674,2,0,0
BRDA:674,2,1,0
BRDA:697,3,0,0
BRDA:697,3,1,0
BRDA:704,4,0,0
BRDA:704,4,1,0
BRDA:728,5,0,0
BRDA:728,5,1,0
BRDA:735,6,0,0
BRDA:735,6,1,0
BRDA:759,7,0,0
BRDA:759,7,1,0
BRDA:766,8,0,0
BRDA:766,8,1,0
BRDA:790,9,0,0
BRDA:790,9,1,0
BRDA:820,10,0,0
BRDA:820,10,1,0
BRF:22
BRH:2
end_of_record
TN:
SF:C:\Users\s.shamsundar.chandak\Documents\ec-ui code\github-ec-ui\web-ui\src\custom-service-worker.js
FN:1,(anonymous_0)
FNF:1
FNH:0
FNDA:0,(anonymous_0)
DA:1,0
DA:2,0
LF:2
LH:0
BRF:0
BRH:0
end_of_record
TN:
SF:C:\Users\s.shamsundar.chandak\Documents\ec-ui code\github-ec-ui\web-ui\src\index.js
FN:43,(anonymous_0)
FN:54,getToken
FNF:2
FNH:0
FNDA:0,(anonymous_0)
FNDA:0,getToken
DA:31,0
DA:32,0
DA:33,0
DA:34,0
DA:35,0
DA:36,0
DA:37,0
DA:42,0
DA:43,0
DA:44,0
DA:55,0
DA:56,0
DA:57,0
DA:58,0
DA:59,0
DA:60,0
DA:61,0
DA:63,0
DA:64,0
DA:69,0
DA:79,0
LF:21
LH:0
BRDA:31,0,0,0
BRDA:31,0,1,0
BRDA:63,1,0,0
BRDA:63,1,1,0
BRF:4
BRH:0
end_of_record
TN:
SF:C:\Users\s.shamsundar.chandak\Documents\ec-ui code\github-ec-ui\web-ui\src\serviceWorker.js
FN:23,register
FN:34,(anonymous_1)
FN:43,(anonymous_2)
FN:57,registerValidSW
FN:60,(anonymous_4)
FN:61,(anonymous_5)
FN:66,(anonymous_6)
FN:96,(anonymous_7)
FN:101,checkValidServiceWorker
FN:106,(anonymous_9)
FN:114,(anonymous_10)
FN:115,(anonymous_11)
FN:124,(anonymous_12)
FN:131,unregister
FN:134,(anonymous_14)
FN:137,(anonymous_15)
FNF:16
FNH:0
FNDA:0,register
FNDA:0,(anonymous_1)
FNDA:0,(anonymous_2)
FNDA:0,registerValidSW
FNDA:0,(anonymous_4)
FNDA:0,(anonymous_5)
FNDA:0,(anonymous_6)
FNDA:0,(anonymous_7)
FNDA:0,checkValidServiceWorker
FNDA:0,(anonymous_9)
FNDA:0,(anonymous_10)
FNDA:0,(anonymous_11)
FNDA:0,(anonymous_12)
FNDA:0,unregister
FNDA:0,(anonymous_14)
FNDA:0,(anonymous_15)
DA:13,0
DA:24,0
DA:26,0
DA:27,0
DA:31,0
DA:34,0
DA:35,0
DA:37,0
DA:39,0
DA:43,0
DA:44,0
DA:51,0
DA:58,0
DA:61,0
DA:62,0
DA:63,0
DA:64,0
DA:66,0
DA:67,0
DA:68,0
DA:72,0
DA:78,0
DA:79,0
DA:85,0
DA:88,0
DA:89,0
DA:97,0
DA:103,0
DA:108,0
DA:109,0
DA:114,0
DA:115,0
DA:116,0
DA:121,0
DA:125,0
DA:132,0
DA:133,0
DA:135,0
DA:138,0
LF:39
LH:0
BRDA:14,0,0,0
BRDA:14,0,1,0
BRDA:14,0,2,0
BRDA:24,1,0,0
BRDA:24,1,1,0
BRDA:24,2,0,0
BRDA:24,2,1,0
BRDA:27,3,0,0
BRDA:27,3,1,0
BRDA:37,4,0,0
BRDA:37,4,1,0
BRDA:63,5,0,0
BRDA:63,5,1,0
BRDA:67,6,0,0
BRDA:67,6,1,0
BRDA:68,7,0,0
BRDA:68,7,1,0
BRDA:78,8,0,0
BRDA:78,8,1,0
BRDA:78,9,0,0
BRDA:78,9,1,0
BRDA:88,10,0,0
BRDA:88,10,1,0
BRDA:88,11,0,0
BRDA:88,11,1,0
BRDA:109,12,0,0
BRDA:109,12,1,0
BRDA:110,13,0,0
BRDA:110,13,1,0
BRDA:110,13,2,0
BRDA:132,14,0,0
BRDA:132,14,1,0
BRF:32
BRH:0
end_of_record
TN:
SF:C:\Users\s.shamsundar.chandak\Documents\ec-ui code\github-ec-ui\web-ui\src\user-worker.js
FN:1,(anonymous_0)
FN:6,getUserRole
FN:14,(anonymous_2)
FN:16,(anonymous_3)
FNF:4
FNH:0
FNDA:0,(anonymous_0)
FNDA:0,getUserRole
FNDA:0,(anonymous_2)
FNDA:0,(anonymous_3)
DA:1,0
DA:2,0
DA:7,0
DA:15,0
DA:16,0
DA:17,0
DA:18,0
LF:7
LH:0
BRDA:15,0,0,0
BRDA:15,0,1,0
BRF:2
BRH:0
end_of_record
TN:
SF:C:\Users\s.shamsundar.chandak\Documents\ec-ui code\github-ec-ui\web-ui\src\worker.js
FN:1,(anonymous_0)
FN:3,(anonymous_1)
FN:5,(anonymous_2)
FN:9,getSnapData
FN:20,(anonymous_4)
FN:22,(anonymous_5)
FNF:6
FNH:0
FNDA:0,(anonymous_0)
FNDA:0,(anonymous_1)
FNDA:0,(anonymous_2)
FNDA:0,getSnapData
FNDA:0,(anonymous_4)
FNDA:0,(anonymous_5)
DA:1,0
DA:3,0
DA:4,0
DA:5,0
DA:6,0
DA:11,0
DA:12,0
DA:13,0
DA:21,0
DA:22,0
DA:24,0
LF:11
LH:0
BRDA:21,0,0,0
BRDA:21,0,1,0
BRF:2
BRH:0
end_of_record
TN:
SF:C:\Users\s.shamsundar.chandak\Documents\ec-ui code\github-ec-ui\web-ui\src\Cookienotification\Cookienotification.js
FN:23,(anonymous_0)
FN:24,(anonymous_1)
FN:29,(anonymous_2)
FN:61,(anonymous_3)
FNF:4
FNH:0
FNDA:0,(anonymous_0)
FNDA:0,(anonymous_1)
FNDA:0,(anonymous_2)
FNDA:0,(anonymous_3)
DA:24,0
DA:25,0
DA:30,0
LF:3
LH:0
BRF:0
BRH:0
end_of_record
TN:
SF:C:\Users\s.shamsundar.chandak\Documents\ec-ui code\github-ec-ui\web-ui\src\Dashboard\Dashboard.js
FN:237,(anonymous_0)
FNF:1
FNH:0
FNDA:0,(anonymous_0)
LF:0
LH:0
BRF:0
BRH:0
end_of_record
TN:
SF:C:\Users\s.shamsundar.chandak\Documents\ec-ui code\github-ec-ui\web-ui\src\FloaterHelp\FloaterHelp.js
FN:5,(anonymous_0)
FNF:1
FNH:0
FNDA:0,(anonymous_0)
DA:6,0
LF:1
LH:0
BRF:0
BRH:0
end_of_record
TN:
SF:C:\Users\s.shamsundar.chandak\Documents\ec-ui code\github-ec-ui\web-ui\src\Footer\Footer.js
FN:3,(anonymous_0)
FNF:1
FNH:0
FNDA:0,(anonymous_0)
DA:3,0
DA:4,0
LF:2
LH:0
BRF:0
BRH:0
end_of_record
TN:
SF:C:\Users\s.shamsundar.chandak\Documents\ec-ui code\github-ec-ui\web-ui\src\Header\Header.js
FNF:0
FNH:0
LF:0
LH:0
BRF:0
BRH:0
end_of_record
TN:
SF:C:\Users\s.shamsundar.chandak\Documents\ec-ui code\github-ec-ui\web-ui\src\Loader\Loader.js
FN:4,(anonymous_0)
FNF:1
FNH:0
FNDA:0,(anonymous_0)
DA:5,0
LF:1
LH:0
BRF:0
BRH:0
end_of_record
TN:
SF:C:\Users\s.shamsundar.chandak\Documents\ec-ui code\github-ec-ui\web-ui\src\Maintain\GroupView.js
FN:65,(anonymous_0)
FN:79,(anonymous_1)
FN:90,(anonymous_2)
FN:217,(anonymous_3)
FNF:4
FNH:1
FNDA:0,(anonymous_0)
FNDA:0,(anonymous_1)
FNDA:0,(anonymous_2)
FNDA:2,(anonymous_3)
DA:66,0
DA:67,0
DA:68,0
DA:69,0
DA:80,0
DA:81,0
DA:91,0
DA:92,0
DA:94,0
DA:98,0
DA:99,0
DA:100,0
LF:12
LH:0
BRDA:91,0,0,0
BRDA:91,0,1,0
BRF:2
BRH:0
end_of_record
TN:
SF:C:\Users\s.shamsundar.chandak\Documents\ec-ui code\github-ec-ui\web-ui\src\Maintain\Groupcreate.js
FN:8,(anonymous_0)
FN:22,(anonymous_1)
FN:23,(anonymous_2)
FN:277,(anonymous_3)
FNF:4
FNH:2
FNDA:4,(anonymous_0)
FNDA:0,(anonymous_1)
FNDA:0,(anonymous_2)
FNDA:6,(anonymous_3)
DA:9,4
DA:10,4
DA:23,0
DA:24,0
LF:4
LH:2
BRF:0
BRH:0
end_of_record
TN:
SF:C:\Users\s.shamsundar.chandak\Documents\ec-ui code\github-ec-ui\web-ui\src\Maintain\Groupupgrade.js
FN:121,(anonymous_0)
FN:135,(anonymous_1)
FN:146,(anonymous_2)
FN:187,(anonymous_3)
FN:210,(anonymous_4)
FN:212,(anonymous_5)
FN:225,(anonymous_6)
FN:255,(anonymous_7)
FN:267,(anonymous_8)
FN:272,(anonymous_9)
FN:280,(anonymous_10)
FN:337,(anonymous_11)
FN:356,(anonymous_12)
FN:358,(anonymous_13)
FN:367,(anonymous_14)
FN:379,(anonymous_15)
FN:384,(anonymous_16)
FN:392,(anonymous_17)
FN:560,(anonymous_18)
FN:561,(anonymous_19)
FNF:20
FNH:0
FNDA:0,(anonymous_0)
FNDA:0,(anonymous_1)
FNDA:0,(anonymous_2)
FNDA:0,(anonymous_3)
FNDA:0,(anonymous_4)
FNDA:0,(anonymous_5)
FNDA:0,(anonymous_6)
FNDA:0,(anonymous_7)
FNDA:0,(anonymous_8)
FNDA:0,(anonymous_9)
FNDA:0,(anonymous_10)
FNDA:0,(anonymous_11)
FNDA:0,(anonymous_12)
FNDA:0,(anonymous_13)
FNDA:0,(anonymous_14)
FNDA:0,(anonymous_15)
FNDA:0,(anonymous_16)
FNDA:0,(anonymous_17)
FNDA:0,(anonymous_18)
FNDA:0,(anonymous_19)
DA:122,0
DA:123,0
DA:124,0
DA:125,0
DA:136,0
DA:137,0
DA:147,0
DA:148,0
DA:150,0
DA:155,0
DA:156,0
DA:157,0
DA:188,0
DA:189,0
DA:190,0
DA:195,0
DA:196,0
DA:199,0
DA:202,0
DA:211,0
DA:212,0
DA:213,0
DA:214,0
DA:220,0
DA:223,0
DA:224,0
DA:225,0
DA:227,0
DA:228,0
DA:231,0
DA:232,0
DA:233,0
DA:240,0
DA:244,0
DA:247,0
DA:249,0
DA:255,0
DA:256,0
DA:261,0
DA:267,0
DA:268,0
DA:273,0
DA:274,0
DA:280,0
DA:281,0
DA:338,0
DA:339,0
DA:340,0
DA:341,0
DA:347,0
DA:357,0
DA:358,0
DA:359,0
DA:365,0
DA:366,0
DA:367,0
DA:368,0
DA:372,0
DA:378,0
DA:379,0
DA:380,0
DA:385,0
DA:386,0
DA:392,0
DA:393,0
DA:561,0
DA:562,0
DA:564,0
LF:68
LH:0
BRDA:147,0,0,0
BRDA:147,0,1,0
BRDA:195,1,0,0
BRDA:195,1,1,0
BRDA:211,2,0,0
BRDA:211,2,1,0
BRDA:220,3,0,0
BRDA:220,3,1,0
BRDA:223,4,0,0
BRDA:223,4,1,0
BRDA:227,5,0,0
BRDA:227,5,1,0
BRDA:231,6,0,0
BRDA:231,6,1,0
BRDA:339,7,0,0
BRDA:339,7,1,0
BRDA:357,8,0,0
BRDA:357,8,1,0
BRF:18
BRH:0
end_of_record
TN:
SF:C:\Users\s.shamsundar.chandak\Documents\ec-ui code\github-ec-ui\web-ui\src\Maintain\LicenseCreate.js
FN:8,(anonymous_0)
FN:40,(anonymous_1)
FN:41,(anonymous_2)
FN:267,(anonymous_3)
FNF:4
FNH:2
FNDA:3,(anonymous_0)
FNDA:0,(anonymous_1)
FNDA:0,(anonymous_2)
FNDA:5,(anonymous_3)
DA:9,3
DA:10,3
DA:41,0
DA:42,0
LF:4
LH:2
BRF:0
BRH:0
end_of_record
TN:
SF:C:\Users\s.shamsundar.chandak\Documents\ec-ui code\github-ec-ui\web-ui\src\Maintain\LicenseEdit.js
FN:9,(anonymous_0)
FN:46,(anonymous_1)
FN:47,(anonymous_2)
FN:242,(anonymous_3)
FNF:4
FNH:2
FNDA:2,(anonymous_0)
FNDA:0,(anonymous_1)
FNDA:0,(anonymous_2)
FNDA:4,(anonymous_3)
DA:10,2
DA:11,2
DA:47,0
DA:48,0
LF:4
LH:2
BRF:0
BRH:0
end_of_record
TN:
SF:C:\Users\s.shamsundar.chandak\Documents\ec-ui code\github-ec-ui\web-ui\src\Maintain\LicenseUpgrade.js
FN:10,(anonymous_0)
FN:62,(anonymous_1)
FN:76,(anonymous_2)
FN:87,(anonymous_3)
FN:187,(anonymous_4)
FN:238,(anonymous_5)
FN:342,(anonymous_6)
FNF:7
FNH:2
FNDA:1,(anonymous_0)
FNDA:0,(anonymous_1)
FNDA:0,(anonymous_2)
FNDA:0,(anonymous_3)
FNDA:0,(anonymous_4)
FNDA:0,(anonymous_5)
FNDA:1,(anonymous_6)
DA:11,1
DA:12,1
DA:63,0
DA:64,0
DA:65,0
DA:66,0
DA:77,0
DA:78,0
DA:88,0
DA:89,0
DA:91,0
DA:96,0
DA:97,0
DA:98,0
DA:188,0
DA:189,0
DA:239,0
DA:240,0
LF:18
LH:2
BRDA:88,0,0,0
BRDA:88,0,1,0
BRF:2
BRH:0
end_of_record
TN:
SF:C:\Users\s.shamsundar.chandak\Documents\ec-ui code\github-ec-ui\web-ui\src\Maintain\LicenseView.js
FN:10,(anonymous_0)
FN:59,(anonymous_1)
FN:73,(anonymous_2)
FN:84,(anonymous_3)
FN:175,(anonymous_4)
FN:228,(anonymous_5)
FN:301,(anonymous_6)
FNF:7
FNH:2
FNDA:1,(anonymous_0)
FNDA:0,(anonymous_1)
FNDA:0,(anonymous_2)
FNDA:0,(anonymous_3)
FNDA:0,(anonymous_4)
FNDA:0,(anonymous_5)
FNDA:1,(anonymous_6)
DA:11,1
DA:12,1
DA:60,0
DA:61,0
DA:62,0
DA:63,0
DA:74,0
DA:75,0
DA:85,0
DA:86,0
DA:88,0
DA:92,0
DA:93,0
DA:94,0
DA:176,0
DA:177,0
DA:229,0
DA:230,0
LF:18
LH:2
BRDA:85,0,0,0
BRDA:85,0,1,0
BRF:2
BRH:0
end_of_record
TN:
SF:C:\Users\s.shamsundar.chandak\Documents\ec-ui code\github-ec-ui\web-ui\src\Maintain\LicenseViewForm.js
FN:5,(anonymous_0)
FN:97,(anonymous_1)
FNF:2
FNH:2
FNDA:2,(anonymous_0)
FNDA:4,(anonymous_1)
DA:6,2
DA:7,2
LF:2
LH:2
BRF:0
BRH:0
end_of_record
TN:
SF:C:\Users\s.shamsundar.chandak\Documents\ec-ui code\github-ec-ui\web-ui\src\Maintain\Maintain.js
FN:5,(anonymous_0)
FN:13,(anonymous_1)
FNF:2
FNH:0
FNDA:0,(anonymous_0)
FNDA:0,(anonymous_1)
LF:0
LH:0
BRF:0
BRH:0
end_of_record
TN:
SF:C:\Users\s.shamsundar.chandak\Documents\ec-ui code\github-ec-ui\web-ui\src\Maintain\Maintainagentcreate.js
FN:8,(anonymous_0)
FN:152,(anonymous_1)
FN:153,(anonymous_2)
FN:2082,(anonymous_3)
FNF:4
FNH:2
FNDA:3,(anonymous_0)
FNDA:0,(anonymous_1)
FNDA:0,(anonymous_2)
FNDA:5,(anonymous_3)
DA:9,3
DA:10,3
DA:153,0
DA:154,0
LF:4
LH:2
BRF:0
BRH:0
end_of_record
TN:
SF:C:\Users\s.shamsundar.chandak\Documents\ec-ui code\github-ec-ui\web-ui\src\Maintain\Maintainagentedit.js
FN:5,(anonymous_0)
FN:1583,(anonymous_1)
FNF:2
FNH:2
FNDA:1,(anonymous_0)
FNDA:3,(anonymous_1)
DA:6,1
DA:7,1
LF:2
LH:2
BRF:0
BRH:0
end_of_record
TN:
SF:C:\Users\s.shamsundar.chandak\Documents\ec-ui code\github-ec-ui\web-ui\src\Maintain\Maintainagentupgrade.js
FN:12,(anonymous_0)
FN:250,(anonymous_1)
FN:264,(anonymous_2)
FN:275,(anonymous_3)
FN:449,(anonymous_4)
FN:574,(anonymous_5)
FN:704,(anonymous_6)
FNF:7
FNH:2
FNDA:3,(anonymous_0)
FNDA:0,(anonymous_1)
FNDA:0,(anonymous_2)
FNDA:0,(anonymous_3)
FNDA:0,(anonymous_4)
FNDA:0,(anonymous_5)
FNDA:3,(anonymous_6)
DA:13,3
DA:14,3
DA:251,0
DA:252,0
DA:253,0
DA:254,0
DA:265,0
DA:266,0
DA:276,0
DA:277,0
DA:279,0
DA:283,0
DA:284,0
DA:285,0
DA:450,0
DA:451,0
DA:575,0
DA:576,0
LF:18
LH:2
BRDA:276,0,0,0
BRDA:276,0,1,0
BRF:2
BRH:0
end_of_record
TN:
SF:C:\Users\s.shamsundar.chandak\Documents\ec-ui code\github-ec-ui\web-ui\src\Maintain\Maintainagentview.js
FN:8,(anonymous_0)
FN:239,(anonymous_1)
FN:254,(anonymous_2)
FN:264,(anonymous_3)
FN:417,(anonymous_4)
FN:505,(anonymous_5)
FNF:6
FNH:2
FNDA:3,(anonymous_0)
FNDA:0,(anonymous_1)
FNDA:0,(anonymous_2)
FNDA:0,(anonymous_3)
FNDA:0,(anonymous_4)
FNDA:4,(anonymous_5)
DA:9,3
DA:10,3
DA:240,0
DA:241,0
DA:243,0
DA:244,0
DA:255,0
DA:256,0
DA:265,0
DA:266,0
DA:268,0
DA:273,0
DA:274,0
DA:275,0
DA:418,0
DA:419,0
LF:16
LH:2
BRDA:265,0,0,0
BRDA:265,0,1,0
BRF:2
BRH:0
end_of_record
TN:
SF:C:\Users\s.shamsundar.chandak\Documents\ec-ui code\github-ec-ui\web-ui\src\Maintain\RequestCreate.js
FN:19,(anonymous_0)
FN:20,(anonymous_1)
FN:75,(anonymous_2)
FNF:3
FNH:0
FNDA:0,(anonymous_0)
FNDA:0,(anonymous_1)
FNDA:0,(anonymous_2)
DA:20,0
DA:21,0
LF:2
LH:0
BRF:0
BRH:0
end_of_record
TN:
SF:C:\Users\s.shamsundar.chandak\Documents\ec-ui code\github-ec-ui\web-ui\src\Maintain\RequestUpgrade.js
FN:94,(anonymous_0)
FN:110,(anonymous_1)
FN:121,(anonymous_2)
FN:222,(anonymous_3)
FN:283,(anonymous_4)
FN:383,(anonymous_5)
FNF:6
FNH:0
FNDA:0,(anonymous_0)
FNDA:0,(anonymous_1)
FNDA:0,(anonymous_2)
FNDA:0,(anonymous_3)
FNDA:0,(anonymous_4)
FNDA:0,(anonymous_5)
DA:96,0
DA:97,0
DA:99,0
DA:100,0
DA:111,0
DA:112,0
DA:122,0
DA:123,0
DA:125,0
DA:130,0
DA:131,0
DA:132,0
DA:223,0
DA:224,0
DA:284,0
DA:285,0
LF:16
LH:0
BRDA:122,0,0,0
BRDA:122,0,1,0
BRF:2
BRH:0
end_of_record
TN:
SF:C:\Users\s.shamsundar.chandak\Documents\ec-ui code\github-ec-ui\web-ui\src\Maintain\RequestView.js
FN:93,(anonymous_0)
FN:107,(anonymous_1)
FN:118,(anonymous_2)
FN:222,(anonymous_3)
FN:283,(anonymous_4)
FN:383,(anonymous_5)
FNF:6
FNH:0
FNDA:0,(anonymous_0)
FNDA:0,(anonymous_1)
FNDA:0,(anonymous_2)
FNDA:0,(anonymous_3)
FNDA:0,(anonymous_4)
FNDA:0,(anonymous_5)
DA:94,0
DA:95,0
DA:96,0
DA:97,0
DA:108,0
DA:109,0
DA:119,0
DA:120,0
DA:122,0
DA:127,0
DA:128,0
DA:129,0
DA:223,0
DA:224,0
DA:284,0
DA:285,0
LF:16
LH:0
BRDA:119,0,0,0
BRDA:119,0,1,0
BRF:2
BRH:0
end_of_record
TN:
SF:C:\Users\s.shamsundar.chandak\Documents\ec-ui code\github-ec-ui\web-ui\src\Maintain\Subscriptioncreate.js
FN:8,(anonymous_0)
FN:40,(anonymous_1)
FN:41,(anonymous_2)
FN:267,(anonymous_3)
FNF:4
FNH:2
FNDA:3,(anonymous_0)
FNDA:0,(anonymous_1)
FNDA:0,(anonymous_2)
FNDA:5,(anonymous_3)
DA:9,3
DA:10,3
DA:41,0
DA:42,0
LF:4
LH:2
BRF:0
BRH:0
end_of_record
TN:
SF:C:\Users\s.shamsundar.chandak\Documents\ec-ui code\github-ec-ui\web-ui\src\Maintain\Subscriptionedit.js
FN:9,(anonymous_0)
FN:46,(anonymous_1)
FN:47,(anonymous_2)
FN:242,(anonymous_3)
FNF:4
FNH:2
FNDA:2,(anonymous_0)
FNDA:0,(anonymous_1)
FNDA:0,(anonymous_2)
FNDA:4,(anonymous_3)
DA:10,2
DA:11,2
DA:47,0
DA:48,0
LF:4
LH:2
BRF:0
BRH:0
end_of_record
TN:
SF:C:\Users\s.shamsundar.chandak\Documents\ec-ui code\github-ec-ui\web-ui\src\Maintain\Subscriptionupgrade.js
FN:10,(anonymous_0)
FN:62,(anonymous_1)
FN:76,(anonymous_2)
FN:87,(anonymous_3)
FN:187,(anonymous_4)
FN:238,(anonymous_5)
FN:342,(anonymous_6)
FNF:7
FNH:2
FNDA:1,(anonymous_0)
FNDA:0,(anonymous_1)
FNDA:0,(anonymous_2)
FNDA:0,(anonymous_3)
FNDA:0,(anonymous_4)
FNDA:0,(anonymous_5)
FNDA:1,(anonymous_6)
DA:11,1
DA:12,1
DA:63,0
DA:64,0
DA:65,0
DA:66,0
DA:77,0
DA:78,0
DA:88,0
DA:89,0
DA:91,0
DA:96,0
DA:97,0
DA:98,0
DA:188,0
DA:189,0
DA:239,0
DA:240,0
LF:18
LH:2
BRDA:88,0,0,0
BRDA:88,0,1,0
BRF:2
BRH:0
end_of_record
TN:
SF:C:\Users\s.shamsundar.chandak\Documents\ec-ui code\github-ec-ui\web-ui\src\Maintain\Subscriptionview.js
FN:10,(anonymous_0)
FN:58,(anonymous_1)
FN:72,(anonymous_2)
FN:83,(anonymous_3)
FN:174,(anonymous_4)
FN:227,(anonymous_5)
FN:300,(anonymous_6)
FNF:7
FNH:2
FNDA:1,(anonymous_0)
FNDA:0,(anonymous_1)
FNDA:0,(anonymous_2)
FNDA:0,(anonymous_3)
FNDA:0,(anonymous_4)
FNDA:0,(anonymous_5)
FNDA:1,(anonymous_6)
DA:11,1
DA:12,1
DA:59,0
DA:60,0
DA:61,0
DA:62,0
DA:73,0
DA:74,0
DA:84,0
DA:85,0
DA:87,0
DA:91,0
DA:92,0
DA:93,0
DA:175,0
DA:176,0
DA:228,0
DA:229,0
LF:18
LH:2
BRDA:84,0,0,0
BRDA:84,0,1,0
BRF:2
BRH:0
end_of_record
TN:
SF:C:\Users\s.shamsundar.chandak\Documents\ec-ui code\github-ec-ui\web-ui\src\Maintain\Subscriptionviewform.js
FN:5,(anonymous_0)
FN:97,(anonymous_1)
FNF:2
FNH:2
FNDA:2,(anonymous_0)
FNDA:4,(anonymous_1)
DA:6,2
DA:7,2
LF:2
LH:2
BRF:0
BRH:0
end_of_record
TN:
SF:C:\Users\s.shamsundar.chandak\Documents\ec-ui code\github-ec-ui\web-ui\src\Monitor\Alert.js
FNF:0
FNH:0
LF:0
LH:0
BRF:0
BRH:0
end_of_record
TN:
SF:C:\Users\s.shamsundar.chandak\Documents\ec-ui code\github-ec-ui\web-ui\src\Monitor\Healthstatus.js
FNF:0
FNH:0
LF:0
LH:0
BRF:0
BRH:0
end_of_record
TN:
SF:C:\Users\s.shamsundar.chandak\Documents\ec-ui code\github-ec-ui\web-ui\src\Monitor\Monitor.js
FNF:0
FNH:0
LF:0
LH:0
BRF:0
BRH:0
end_of_record
TN:
SF:C:\Users\s.shamsundar.chandak\Documents\ec-ui code\github-ec-ui\web-ui\src\Monitor\Notification.js
FN:137,(anonymous_0)
FN:152,(anonymous_1)
FN:162,(anonymous_2)
FN:176,(anonymous_3)
FN:194,(anonymous_4)
FN:199,(anonymous_5)
FN:229,(anonymous_6)
FNF:7
FNH:0
FNDA:0,(anonymous_0)
FNDA:0,(anonymous_1)
FNDA:0,(anonymous_2)
FNDA:0,(anonymous_3)
FNDA:0,(anonymous_4)
FNDA:0,(anonymous_5)
FNDA:0,(anonymous_6)
DA:8,1
DA:138,0
DA:139,0
DA:141,0
DA:142,0
DA:153,0
DA:154,0
DA:163,0
DA:164,0
DA:166,0
DA:171,0
DA:172,0
DA:173,0
DA:178,0
DA:179,0
DA:180,0
DA:187,0
DA:190,0
DA:191,0
DA:195,0
DA:196,0
DA:200,0
DA:201,0
DA:202,0
DA:203,0
DA:204,0
DA:205,0
DA:206,0
DA:207,0
DA:210,0
DA:213,0
DA:214,0
DA:216,0
DA:217,0
DA:218,0
DA:219,0
DA:220,0
DA:221,0
DA:224,0
DA:229,0
DA:230,0
LF:41
LH:1
BRDA:163,0,0,0
BRDA:163,0,1,0
BRDA:180,1,0,0
BRDA:180,1,1,0
BRDA:181,2,0,0
BRDA:181,2,1,0
BRDA:181,2,2,0
BRDA:181,2,3,0
BRDA:181,2,4,0
BRDA:206,3,0,0
BRDA:206,3,1,0
BRF:11
BRH:0
end_of_record
TN:
SF:C:\Users\s.shamsundar.chandak\Documents\ec-ui code\github-ec-ui\web-ui\src\Navbar\Navbar.js
FNF:0
FNH:0
LF:0
LH:0
BRF:0
BRH:0
end_of_record
TN:
SF:C:\Users\s.shamsundar.chandak\Documents\ec-ui code\github-ec-ui\web-ui\src\Report\Report.js
FNF:0
FNH:0
LF:0
LH:0
BRF:0
BRH:0
end_of_record
TN:
SF:C:\Users\s.shamsundar.chandak\Documents\ec-ui code\github-ec-ui\web-ui\src\Settings\Settings.js
FN:5,(anonymous_0)
FNF:1
FNH:0
FNDA:0,(anonymous_0)
DA:7,0
LF:1
LH:0
BRF:0
BRH:0
end_of_record
TN:
SF:C:\Users\s.shamsundar.chandak\Documents\ec-ui code\github-ec-ui\web-ui\src\Settings\UserManagement.js
FN:165,(anonymous_0)
FNF:1
FNH:1
FNDA:1,(anonymous_0)
LF:0
LH:0
BRF:0
BRH:0
end_of_record
TN:
SF:C:\Users\s.shamsundar.chandak\Documents\ec-ui code\github-ec-ui\web-ui\src\Settings\UserProfile.js
FNF:0
FNH:0
LF:0
LH:0
BRF:0
BRH:0
end_of_record
TN:
SF:C:\Users\s.shamsundar.chandak\Documents\ec-ui code\github-ec-ui\web-ui\src\Settings\WebHooks.js
FN:82,(anonymous_0)
FN:87,(anonymous_1)
FN:119,(anonymous_2)
FN:386,(anonymous_3)
FN:456,(anonymous_4)
FN:473,(anonymous_5)
FN:487,(anonymous_6)
FNF:7
FNH:0
FNDA:0,(anonymous_0)
FNDA:0,(anonymous_1)
FNDA:0,(anonymous_2)
FNDA:0,(anonymous_3)
FNDA:0,(anonymous_4)
FNDA:0,(anonymous_5)
FNDA:0,(anonymous_6)
DA:83,0
DA:84,0
DA:85,0
DA:86,0
DA:87,0
DA:88,0
DA:90,0
DA:91,0
DA:92,0
DA:95,0
DA:99,0
DA:100,0
DA:104,0
DA:110,0
DA:119,0
DA:120,0
DA:387,0
DA:388,0
DA:457,0
DA:458,0
DA:459,0
DA:460,0
DA:461,0
DA:464,0
DA:465,0
DA:474,0
DA:475,0
DA:476,0
DA:477,0
DA:478,0
DA:479,0
LF:31
LH:0
BRDA:84,0,0,0
BRDA:84,0,1,0
BRDA:91,1,0,0
BRDA:91,1,1,0
BRDA:92,2,0,0
BRDA:92,2,1,0
BRF:6
BRH:0
end_of_record
TN:
SF:C:\Users\s.shamsundar.chandak\Documents\ec-ui code\github-ec-ui\web-ui\src\Subscription\Dashboard\SubscriptionDashboard.js
FN:8,(anonymous_0)
FN:62,(anonymous_1)
FN:104,(anonymous_2)
FN:170,(anonymous_3)
FN:202,(anonymous_4)
FN:205,(anonymous_5)
FN:218,(anonymous_6)
FN:244,(anonymous_7)
FN:256,(anonymous_8)
FN:261,(anonymous_9)
FN:269,(anonymous_10)
FNF:11
FNH:1
FNDA:3,(anonymous_0)
FNDA:0,(anonymous_1)
FNDA:0,(anonymous_2)
FNDA:0,(anonymous_3)
FNDA:0,(anonymous_4)
FNDA:0,(anonymous_5)
FNDA:0,(anonymous_6)
FNDA:0,(anonymous_7)
FNDA:0,(anonymous_8)
FNDA:0,(anonymous_9)
FNDA:0,(anonymous_10)
DA:9,3
DA:10,3
DA:63,0
DA:64,0
DA:65,0
DA:90,0
DA:91,0
DA:92,0
DA:94,0
DA:95,0
DA:96,0
DA:99,0
DA:102,0
DA:105,0
DA:106,0
DA:107,0
DA:108,0
DA:109,0
DA:110,0
DA:111,0
DA:112,0
DA:113,0
DA:114,0
DA:115,0
DA:152,0
DA:153,0
DA:154,0
DA:156,0
DA:158,0
DA:159,0
DA:160,0
DA:162,0
DA:164,0
DA:171,0
DA:177,0
DA:178,0
DA:179,0
DA:181,0
DA:182,0
DA:183,0
DA:184,0
DA:185,0
DA:186,0
DA:187,0
DA:188,0
DA:189,0
DA:190,0
DA:192,0
DA:193,0
DA:203,0
DA:205,0
DA:206,0
DA:211,0
DA:212,0
DA:218,0
DA:219,0
DA:220,0
DA:232,0
DA:238,0
DA:244,0
DA:245,0
DA:250,0
DA:256,0
DA:257,0
DA:262,0
DA:263,0
DA:269,0
DA:270,0
LF:68
LH:2
BRDA:90,0,0,0
BRDA:90,0,1,0
BRDA:94,1,0,0
BRDA:94,1,1,0
BRDA:152,2,0,0
BRDA:152,2,1,0
BRDA:153,3,0,0
BRDA:153,3,1,0
BRDA:158,4,0,0
BRDA:158,4,1,0
BRDA:159,5,0,0
BRDA:159,5,1,0
BRDA:203,6,0,0
BRDA:203,6,1,0
BRDA:211,7,0,0
BRDA:211,7,1,0
BRF:16
BRH:0
end_of_record
TN:
SF:C:\Users\s.shamsundar.chandak\Documents\ec-ui code\github-ec-ui\web-ui\src\Subscription\SubscriptionCreate\SubscriptionAdd.js
FN:8,(anonymous_0)
FN:36,(anonymous_1)
FN:54,(anonymous_2)
FN:80,(anonymous_3)
FN:83,(anonymous_4)
FN:96,(anonymous_5)
FN:115,(anonymous_6)
FN:127,(anonymous_7)
FN:132,(anonymous_8)
FN:140,(anonymous_9)
FNF:10
FNH:1
FNDA:3,(anonymous_0)
FNDA:0,(anonymous_1)
FNDA:0,(anonymous_2)
FNDA:0,(anonymous_3)
FNDA:0,(anonymous_4)
FNDA:0,(anonymous_5)
FNDA:0,(anonymous_6)
FNDA:0,(anonymous_7)
FNDA:0,(anonymous_8)
FNDA:0,(anonymous_9)
DA:9,3
DA:10,3
DA:37,0
DA:38,0
DA:39,0
DA:40,0
DA:42,0
DA:43,0
DA:44,0
DA:46,0
DA:48,0
DA:55,0
DA:61,0
DA:62,0
DA:63,0
DA:65,0
DA:66,0
DA:67,0
DA:70,0
DA:71,0
DA:81,0
DA:83,0
DA:84,0
DA:89,0
DA:90,0
DA:96,0
DA:97,0
DA:98,0
DA:103,0
DA:109,0
DA:115,0
DA:116,0
DA:121,0
DA:127,0
DA:128,0
DA:133,0
DA:134,0
DA:140,0
DA:141,0
LF:39
LH:2
BRDA:42,0,0,0
BRDA:42,0,1,0
BRDA:43,1,0,0
BRDA:43,1,1,0
BRDA:81,2,0,0
BRDA:81,2,1,0
BRDA:89,3,0,0
BRDA:89,3,1,0
BRF:8
BRH:0
end_of_record
TN:
SF:C:\Users\s.shamsundar.chandak\Documents\ec-ui code\github-ec-ui\web-ui\src\Support\Support.js
FNF:0
FNH:0
LF:0
LH:0
BRF:0
BRH:0
end_of_record
TN:
SF:C:\Users\s.shamsundar.chandak\Documents\ec-ui code\github-ec-ui\web-ui\src\Topologygraph\Topologygraph.js
FN:10,(anonymous_0)
FN:14,(anonymous_1)
FN:23,(anonymous_2)
FN:36,(anonymous_3)
FNF:4
FNH:2
FNDA:1,(anonymous_0)
FNDA:0,(anonymous_1)
FNDA:0,(anonymous_2)
FNDA:1,(anonymous_3)
DA:11,1
DA:15,0
DA:24,0
DA:25,0
DA:26,0
DA:29,0
DA:30,0
LF:7
LH:1
BRF:0
BRH:0
end_of_record
TN:
SF:C:\Users\s.shamsundar.chandak\Documents\ec-ui code\github-ec-ui\web-ui\src\Treelist\Treelist.js
FN:4,(anonymous_0)
FN:64,(anonymous_1)
FNF:2
FNH:2
FNDA:2,(anonymous_0)
FNDA:2,(anonymous_1)
DA:5,2
LF:1
LH:1
BRF:0
BRH:0
end_of_record
TN:
SF:C:\Users\s.shamsundar.chandak\Documents\ec-ui code\github-ec-ui\web-ui\src\View\Businessview.js
FNF:0
FNH:0
LF:0
LH:0
BRF:0
BRH:0
end_of_record
TN:
SF:C:\Users\s.shamsundar.chandak\Documents\ec-ui code\github-ec-ui\web-ui\src\View\Customsearch.js
FN:8,(anonymous_0)
FN:334,(anonymous_1)
FNF:2
FNH:2
FNDA:5,(anonymous_0)
FNDA:10,(anonymous_1)
DA:9,5
DA:10,5
LF:2
LH:2
BRF:0
BRH:0
end_of_record
TN:
SF:C:\Users\s.shamsundar.chandak\Documents\ec-ui code\github-ec-ui\web-ui\src\View\Technicalview.js
FN:1895,(anonymous_0)
FNF:1
FNH:0
FNDA:0,(anonymous_0)
DA:1896,0
DA:1897,0
LF:2
LH:0
BRF:0
BRH:0
end_of_record
TN:
SF:C:\Users\s.shamsundar.chandak\Documents\ec-ui code\github-ec-ui\web-ui\src\View\View.js
FN:8,(anonymous_0)
FN:112,(anonymous_1)
FNF:2
FNH:2
FNDA:3,(anonymous_0)
FNDA:5,(anonymous_1)
DA:9,3
DA:10,3
LF:2
LH:2
BRF:0
BRH:0
end_of_record
TN:
SF:C:\Users\s.shamsundar.chandak\Documents\ec-ui code\github-ec-ui\web-ui\src\Viewtable\Viewtable.js
FN:18,(anonymous_0)
FNF:1
FNH:0
FNDA:0,(anonymous_0)
LF:0
LH:0
BRF:0
BRH:0
end_of_record
TN:
SF:C:\Users\s.shamsundar.chandak\Documents\ec-ui code\github-ec-ui\web-ui\src\components\AppError.js
FN:3,(anonymous_0)
FN:13,(anonymous_1)
FN:17,(anonymous_2)
FN:21,(anonymous_3)
FNF:4
FNH:0
FNDA:0,(anonymous_0)
FNDA:0,(anonymous_1)
FNDA:0,(anonymous_2)
FNDA:0,(anonymous_3)
DA:3,0
DA:4,0
DA:9,0
DA:13,0
DA:14,0
DA:17,0
DA:18,0
DA:22,0
DA:23,0
DA:25,0
LF:10
LH:0
BRDA:25,0,0,0
BRDA:25,0,1,0
BRF:2
BRH:0
end_of_record
TN:
SF:C:\Users\s.shamsundar.chandak\Documents\ec-ui code\github-ec-ui\web-ui\src\static\helpText\helpText.js
FNF:0
FNH:0
LF:0
LH:0
BRF:0
BRH:0
end_of_record
