TN:
SF:C:\Users\koushik.a.pal\test-projects\EC-Admin-Acc\web-ui\spec\helpers\babel.js
FNF:0
FNH:0
DA:1,1
LF:1
LH:1
BRF:0
BRH:0
end_of_record
TN:
SF:C:\Users\koushik.a.pal\test-projects\EC-Admin-Acc\web-ui\spec\helpers/enzyme.js
FN:7,(anonymous_0)
FNF:1
FNH:1
FNDA:33,(anonymous_0)
DA:1,1
DA:2,1
DA:3,1
DA:5,1
DA:7,1
DA:8,33
LF:6
LH:6
BRF:0
BRH:0
end_of_record
TN:
SF:C:\Users\koushik.a.pal\test-projects\EC-Admin-Acc\web-ui\spec\helpers/exclude.js
FNF:0
FNH:0
DA:1,1
LF:1
LH:1
BRF:0
BRH:0
end_of_record
TN:
SF:C:\Users\koushik.a.pal\test-projects\EC-Admin-Acc\web-ui\spec\helpers/jsdom.js
FNF:0
FNH:0
DA:1,1
DA:3,1
DA:4,1
DA:5,1
DA:6,1
LF:5
LH:5
BRF:0
BRH:0
end_of_record
TN:
SF:C:\Users\koushik.a.pal\test-projects\EC-Admin-Acc\web-ui\webui-assets/App.js
FN:29,(anonymous_0)
FN:50,(anonymous_1)
FN:57,(anonymous_2)
FN:73,(anonymous_3)
FN:117,(anonymous_4)
FN:123,(anonymous_5)
FN:135,(anonymous_6)
FN:147,(anonymous_7)
FN:153,(anonymous_8)
FN:160,(anonymous_9)
FN:169,(anonymous_10)
FN:175,(anonymous_11)
FNF:12
FNH:5
FNDA:3,(anonymous_0)
FNDA:3,(anonymous_1)
FNDA:3,(anonymous_2)
FNDA:6,(anonymous_3)
FNDA:0,(anonymous_4)
FNDA:0,(anonymous_5)
FNDA:0,(anonymous_6)
FNDA:0,(anonymous_7)
FNDA:0,(anonymous_8)
FNDA:0,(anonymous_9)
FNDA:0,(anonymous_10)
FNDA:6,(anonymous_11)
DA:1,1
DA:2,1
DA:4,1
DA:5,1
DA:6,1
DA:7,1
DA:8,1
DA:9,1
DA:10,1
DA:11,1
DA:12,1
DA:13,1
DA:14,1
DA:15,1
DA:16,1
DA:17,1
DA:18,1
DA:19,1
DA:20,1
DA:21,1
DA:22,1
DA:23,1
DA:25,1
DA:26,1
DA:30,3
DA:31,3
DA:51,3
DA:52,3
DA:58,3
DA:59,3
DA:60,3
DA:61,3
DA:62,3
DA:63,3
DA:64,0
DA:67,3
DA:68,0
DA:74,6
DA:75,6
DA:77,6
DA:79,0
DA:81,0
DA:83,0
DA:85,0
DA:87,0
DA:89,0
DA:91,0
DA:93,0
DA:95,0
DA:97,0
DA:99,0
DA:101,0
DA:103,0
DA:105,0
DA:107,0
DA:109,0
DA:111,0
DA:113,0
DA:118,0
DA:124,0
DA:136,0
DA:148,0
DA:154,0
DA:155,0
DA:161,0
DA:162,0
DA:165,0
DA:166,0
DA:169,0
DA:170,0
DA:177,6
LF:71
LH:39
BRDA:67,0,0,0
BRDA:67,0,1,3
BRDA:76,1,0,6
BRDA:76,1,1,0
BRDA:76,1,2,0
BRDA:76,1,3,0
BRDA:76,1,4,0
BRDA:76,1,5,0
BRDA:76,1,6,0
BRDA:76,1,7,0
BRDA:76,1,8,0
BRDA:76,1,9,0
BRDA:76,1,10,0
BRDA:76,1,11,0
BRDA:76,1,12,0
BRDA:76,1,13,0
BRDA:76,1,14,0
BRDA:76,1,15,0
BRDA:76,1,16,0
BRDA:76,1,17,0
BRDA:76,1,18,0
BRDA:166,2,0,0
BRDA:166,2,1,0
BRDA:181,3,0,6
BRDA:181,3,1,0
BRDA:185,4,0,0
BRDA:185,4,1,6
BRDA:187,5,0,0
BRDA:187,5,1,0
BRDA:191,6,0,0
BRDA:191,6,1,0
BRF:31
BRH:4
end_of_record
TN:
SF:C:\Users\koushik.a.pal\test-projects\EC-Admin-Acc\web-ui\webui-assets\Dashboard/Dashboard.js
FN:4,(anonymous_0)
FNF:1
FNH:0
FNDA:0,(anonymous_0)
DA:1,1
DA:6,0
LF:2
LH:1
BRF:0
BRH:0
end_of_record
TN:
SF:C:\Users\koushik.a.pal\test-projects\EC-Admin-Acc\web-ui\webui-assets\Header/Header.js
FNF:0
FNH:0
DA:1,1
DA:2,1
LF:2
LH:2
BRF:0
BRH:0
end_of_record
TN:
SF:C:\Users\koushik.a.pal\test-projects\EC-Admin-Acc\web-ui\webui-assets\Maintain/Maintain.js
FN:4,(anonymous_0)
FNF:1
FNH:0
FNDA:0,(anonymous_0)
DA:1,1
DA:6,0
LF:2
LH:1
BRF:0
BRH:0
end_of_record
TN:
SF:C:\Users\koushik.a.pal\test-projects\EC-Admin-Acc\web-ui\webui-assets\Maintain/Maintainagentcreate.js
FN:5,(anonymous_0)
FN:118,(anonymous_1)
FN:148,(anonymous_2)
FN:150,(anonymous_3)
FN:187,(anonymous_4)
FN:197,(anonymous_5)
FN:245,(anonymous_6)
FN:309,(anonymous_7)
FN:352,(anonymous_8)
FN:448,(anonymous_9)
FN:538,(anonymous_10)
FN:710,(anonymous_11)
FN:792,(anonymous_12)
FN:939,(anonymous_13)
FN:950,(anonymous_14)
FN:956,(anonymous_15)
FN:976,(anonymous_16)
FN:982,(anonymous_17)
FN:1002,(anonymous_18)
FN:1008,(anonymous_19)
FN:1032,(anonymous_20)
FN:1034,(anonymous_21)
FN:1037,(anonymous_22)
FN:1076,(anonymous_23)
FN:1084,(anonymous_24)
FN:1089,(anonymous_25)
FN:1092,(anonymous_26)
FN:1134,(anonymous_27)
FN:1136,(anonymous_28)
FN:1139,(anonymous_29)
FN:1182,(anonymous_30)
FN:1190,(anonymous_31)
FN:1195,(anonymous_32)
FN:1198,(anonymous_33)
FN:1239,(anonymous_34)
FN:1241,(anonymous_35)
FN:1244,(anonymous_36)
FN:1285,(anonymous_37)
FN:1293,(anonymous_38)
FN:1298,(anonymous_39)
FN:1301,(anonymous_40)
FN:1308,(anonymous_41)
FN:1333,(anonymous_42)
FN:1355,(anonymous_43)
FN:1362,(anonymous_44)
FN:1363,(anonymous_45)
FN:1406,(anonymous_46)
FN:1408,(anonymous_47)
FN:1430,(anonymous_48)
FN:1448,(anonymous_49)
FN:1463,(anonymous_50)
FN:1478,(anonymous_51)
FN:1496,(anonymous_52)
FN:1554,(anonymous_53)
FN:1569,(anonymous_54)
FN:1584,(anonymous_55)
FN:1602,(anonymous_56)
FN:1618,(anonymous_57)
FN:1633,(anonymous_58)
FN:1648,(anonymous_59)
FN:1666,(anonymous_60)
FN:1680,(anonymous_61)
FN:1695,(anonymous_62)
FN:1711,(anonymous_63)
FN:1729,(anonymous_64)
FN:1744,(anonymous_65)
FN:1756,(anonymous_66)
FN:1758,(anonymous_67)
FN:1819,(anonymous_68)
FN:1834,(anonymous_69)
FN:1849,(anonymous_70)
FN:1867,(anonymous_71)
FN:1883,(anonymous_72)
FN:1898,(anonymous_73)
FN:1913,(anonymous_74)
FN:1932,(anonymous_75)
FN:1947,(anonymous_76)
FN:1962,(anonymous_77)
FN:1978,(anonymous_78)
FN:1993,(anonymous_79)
FN:1995,(anonymous_80)
FNF:81
FNH:4
FNDA:4,(anonymous_0)
FNDA:0,(anonymous_1)
FNDA:0,(anonymous_2)
FNDA:0,(anonymous_3)
FNDA:0,(anonymous_4)
FNDA:0,(anonymous_5)
FNDA:0,(anonymous_6)
FNDA:0,(anonymous_7)
FNDA:0,(anonymous_8)
FNDA:0,(anonymous_9)
FNDA:0,(anonymous_10)
FNDA:0,(anonymous_11)
FNDA:0,(anonymous_12)
FNDA:0,(anonymous_13)
FNDA:0,(anonymous_14)
FNDA:0,(anonymous_15)
FNDA:0,(anonymous_16)
FNDA:0,(anonymous_17)
FNDA:0,(anonymous_18)
FNDA:0,(anonymous_19)
FNDA:0,(anonymous_20)
FNDA:0,(anonymous_21)
FNDA:0,(anonymous_22)
FNDA:0,(anonymous_23)
FNDA:0,(anonymous_24)
FNDA:0,(anonymous_25)
FNDA:0,(anonymous_26)
FNDA:0,(anonymous_27)
FNDA:0,(anonymous_28)
FNDA:0,(anonymous_29)
FNDA:0,(anonymous_30)
FNDA:0,(anonymous_31)
FNDA:0,(anonymous_32)
FNDA:0,(anonymous_33)
FNDA:0,(anonymous_34)
FNDA:0,(anonymous_35)
FNDA:0,(anonymous_36)
FNDA:0,(anonymous_37)
FNDA:0,(anonymous_38)
FNDA:0,(anonymous_39)
FNDA:0,(anonymous_40)
FNDA:8,(anonymous_41)
FNDA:24,(anonymous_42)
FNDA:0,(anonymous_43)
FNDA:0,(anonymous_44)
FNDA:0,(anonymous_45)
FNDA:0,(anonymous_46)
FNDA:12,(anonymous_47)
FNDA:0,(anonymous_48)
FNDA:0,(anonymous_49)
FNDA:0,(anonymous_50)
FNDA:0,(anonymous_51)
FNDA:0,(anonymous_52)
FNDA:0,(anonymous_53)
FNDA:0,(anonymous_54)
FNDA:0,(anonymous_55)
FNDA:0,(anonymous_56)
FNDA:0,(anonymous_57)
FNDA:0,(anonymous_58)
FNDA:0,(anonymous_59)
FNDA:0,(anonymous_60)
FNDA:0,(anonymous_61)
FNDA:0,(anonymous_62)
FNDA:0,(anonymous_63)
FNDA:0,(anonymous_64)
FNDA:0,(anonymous_65)
FNDA:0,(anonymous_66)
FNDA:0,(anonymous_67)
FNDA:0,(anonymous_68)
FNDA:0,(anonymous_69)
FNDA:0,(anonymous_70)
FNDA:0,(anonymous_71)
FNDA:0,(anonymous_72)
FNDA:0,(anonymous_73)
FNDA:0,(anonymous_74)
FNDA:0,(anonymous_75)
FNDA:0,(anonymous_76)
FNDA:0,(anonymous_77)
FNDA:0,(anonymous_78)
FNDA:0,(anonymous_79)
FNDA:0,(anonymous_80)
DA:1,1
DA:6,4
DA:7,4
DA:119,0
DA:120,0
DA:121,0
DA:122,0
DA:123,0
DA:124,0
DA:129,0
DA:130,0
DA:131,0
DA:132,0
DA:133,0
DA:140,0
DA:149,0
DA:150,0
DA:151,0
DA:152,0
DA:174,0
DA:175,0
DA:178,0
DA:188,0
DA:189,0
DA:191,0
DA:194,0
DA:198,0
DA:199,0
DA:200,0
DA:202,0
DA:203,0
DA:204,0
DA:206,0
DA:207,0
DA:208,0
DA:210,0
DA:211,0
DA:212,0
DA:214,0
DA:215,0
DA:216,0
DA:218,0
DA:219,0
DA:220,0
DA:222,0
DA:223,0
DA:224,0
DA:226,0
DA:227,0
DA:228,0
DA:230,0
DA:231,0
DA:232,0
DA:234,0
DA:235,0
DA:236,0
DA:239,0
DA:242,0
DA:246,0
DA:247,0
DA:248,0
DA:249,0
DA:250,0
DA:251,0
DA:252,0
DA:253,0
DA:254,0
DA:255,0
DA:256,0
DA:257,0
DA:258,0
DA:259,0
DA:261,0
DA:262,0
DA:263,0
DA:266,0
DA:267,0
DA:268,0
DA:269,0
DA:271,0
DA:275,0
DA:276,0
DA:277,0
DA:279,0
DA:282,0
DA:283,0
DA:284,0
DA:286,0
DA:289,0
DA:290,0
DA:291,0
DA:293,0
DA:296,0
DA:297,0
DA:298,0
DA:300,0
DA:303,0
DA:310,0
DA:311,0
DA:312,0
DA:314,0
DA:315,0
DA:316,0
DA:318,0
DA:319,0
DA:320,0
DA:321,0
DA:323,0
DA:324,0
DA:326,0
DA:327,0
DA:328,0
DA:330,0
DA:331,0
DA:333,0
DA:334,0
DA:335,0
DA:337,0
DA:338,0
DA:339,0
DA:341,0
DA:342,0
DA:343,0
DA:346,0
DA:349,0
DA:353,0
DA:354,0
DA:355,0
DA:356,0
DA:357,0
DA:358,0
DA:359,0
DA:360,0
DA:361,0
DA:362,0
DA:363,0
DA:364,0
DA:365,0
DA:366,0
DA:367,0
DA:368,0
DA:370,0
DA:371,0
DA:372,0
DA:374,0
DA:377,0
DA:378,0
DA:379,0
DA:381,0
DA:383,0
DA:384,0
DA:385,0
DA:387,0
DA:390,0
DA:391,0
DA:392,0
DA:394,0
DA:396,0
DA:397,0
DA:398,0
DA:400,0
DA:403,0
DA:404,0
DA:405,0
DA:407,0
DA:409,0
DA:410,0
DA:411,0
DA:413,0
DA:416,0
DA:417,0
DA:418,0
DA:420,0
DA:423,0
DA:424,0
DA:425,0
DA:427,0
DA:429,0
DA:430,0
DA:431,0
DA:433,0
DA:435,0
DA:436,0
DA:437,0
DA:439,0
DA:442,0
DA:449,0
DA:450,0
DA:451,0
DA:453,0
DA:454,0
DA:455,0
DA:457,0
DA:458,0
DA:460,0
DA:461,0
DA:462,0
DA:464,0
DA:465,0
DA:466,0
DA:468,0
DA:469,0
DA:470,0
DA:472,0
DA:473,0
DA:474,0
DA:475,0
DA:477,0
DA:478,0
DA:480,0
DA:481,0
DA:482,0
DA:484,0
DA:485,0
DA:486,0
DA:488,0
DA:489,0
DA:490,0
DA:492,0
DA:493,0
DA:495,0
DA:496,0
DA:497,0
DA:499,0
DA:500,0
DA:501,0
DA:503,0
DA:504,0
DA:505,0
DA:506,0
DA:508,0
DA:509,0
DA:511,0
DA:512,0
DA:513,0
DA:515,0
DA:516,0
DA:517,0
DA:519,0
DA:520,0
DA:521,0
DA:522,0
DA:523,0
DA:524,0
DA:527,0
DA:528,0
DA:531,0
DA:535,0
DA:539,0
DA:540,0
DA:541,0
DA:542,0
DA:543,0
DA:544,0
DA:545,0
DA:546,0
DA:547,0
DA:548,0
DA:549,0
DA:550,0
DA:551,0
DA:552,0
DA:553,0
DA:554,0
DA:555,0
DA:556,0
DA:557,0
DA:558,0
DA:559,0
DA:560,0
DA:561,0
DA:562,0
DA:563,0
DA:564,0
DA:565,0
DA:566,0
DA:567,0
DA:568,0
DA:570,0
DA:571,0
DA:572,0
DA:574,0
DA:576,0
DA:577,0
DA:578,0
DA:580,0
DA:583,0
DA:584,0
DA:585,0
DA:587,0
DA:590,0
DA:591,0
DA:592,0
DA:594,0
DA:597,0
DA:598,0
DA:599,0
DA:601,0
DA:604,0
DA:605,0
DA:606,0
DA:608,0
DA:610,0
DA:611,0
DA:612,0
DA:614,0
DA:617,0
DA:618,0
DA:619,0
DA:621,0
DA:623,0
DA:624,0
DA:625,0
DA:627,0
DA:630,0
DA:631,0
DA:632,0
DA:634,0
DA:636,0
DA:637,0
DA:638,0
DA:640,0
DA:642,0
DA:643,0
DA:644,0
DA:646,0
DA:649,0
DA:650,0
DA:651,0
DA:653,0
DA:655,0
DA:656,0
DA:657,0
DA:659,0
DA:662,0
DA:663,0
DA:664,0
DA:666,0
DA:668,0
DA:669,0
DA:670,0
DA:672,0
DA:675,0
DA:676,0
DA:677,0
DA:679,0
DA:682,0
DA:683,0
DA:684,0
DA:686,0
DA:688,0
DA:689,0
DA:690,0
DA:692,0
DA:695,0
DA:696,0
DA:697,0
DA:698,0
DA:700,0
DA:704,0
DA:711,0
DA:712,0
DA:713,0
DA:715,0
DA:716,0
DA:717,0
DA:719,0
DA:720,0
DA:722,0
DA:723,0
DA:724,0
DA:726,0
DA:727,0
DA:728,0
DA:730,0
DA:731,0
DA:732,0
DA:734,0
DA:735,0
DA:736,0
DA:737,0
DA:739,0
DA:740,0
DA:742,0
DA:743,0
DA:744,0
DA:746,0
DA:747,0
DA:748,0
DA:750,0
DA:751,0
DA:752,0
DA:753,0
DA:755,0
DA:756,0
DA:758,0
DA:759,0
DA:760,0
DA:762,0
DA:763,0
DA:765,0
DA:766,0
DA:767,0
DA:769,0
DA:770,0
DA:771,0
DA:773,0
DA:774,0
DA:775,0
DA:776,0
DA:777,0
DA:778,0
DA:781,0
DA:782,0
DA:785,0
DA:789,0
DA:793,0
DA:794,0
DA:795,0
DA:796,0
DA:797,0
DA:798,0
DA:799,0
DA:800,0
DA:801,0
DA:802,0
DA:803,0
DA:804,0
DA:805,0
DA:806,0
DA:807,0
DA:808,0
DA:809,0
DA:810,0
DA:811,0
DA:812,0
DA:813,0
DA:814,0
DA:815,0
DA:816,0
DA:817,0
DA:819,0
DA:820,0
DA:821,0
DA:823,0
DA:825,0
DA:826,0
DA:827,0
DA:829,0
DA:832,0
DA:833,0
DA:834,0
DA:836,0
DA:839,0
DA:840,0
DA:841,0
DA:843,0
DA:846,0
DA:847,0
DA:848,0
DA:850,0
DA:853,0
DA:854,0
DA:855,0
DA:857,0
DA:859,0
DA:860,0
DA:861,0
DA:863,0
DA:866,0
DA:867,0
DA:868,0
DA:870,0
DA:872,0
DA:873,0
DA:874,0
DA:876,0
DA:879,0
DA:880,0
DA:881,0
DA:883,0
DA:885,0
DA:886,0
DA:887,0
DA:889,0
DA:891,0
DA:892,0
DA:893,0
DA:895,0
DA:898,0
DA:899,0
DA:900,0
DA:902,0
DA:904,0
DA:905,0
DA:906,0
DA:908,0
DA:911,0
DA:912,0
DA:913,0
DA:915,0
DA:917,0
DA:918,0
DA:919,0
DA:921,0
DA:924,0
DA:925,0
DA:926,0
DA:927,0
DA:929,0
DA:933,0
DA:940,0
DA:941,0
DA:943,0
DA:945,0
DA:949,0
DA:950,0
DA:951,0
DA:953,0
DA:957,0
DA:958,0
DA:960,0
DA:961,0
DA:962,0
DA:963,0
DA:964,0
DA:965,0
DA:966,0
DA:967,0
DA:968,0
DA:969,0
DA:971,0
DA:975,0
DA:976,0
DA:977,0
DA:979,0
DA:983,0
DA:984,0
DA:986,0
DA:987,0
DA:988,0
DA:989,0
DA:990,0
DA:991,0
DA:992,0
DA:993,0
DA:994,0
DA:995,0
DA:997,0
DA:1001,0
DA:1002,0
DA:1003,0
DA:1005,0
DA:1009,0
DA:1010,0
DA:1011,0
DA:1012,0
DA:1013,0
DA:1014,0
DA:1015,0
DA:1016,0
DA:1017,0
DA:1018,0
DA:1019,0
DA:1020,0
DA:1021,0
DA:1023,0
DA:1033,0
DA:1034,0
DA:1035,0
DA:1036,0
DA:1037,0
DA:1038,0
DA:1039,0
DA:1040,0
DA:1041,0
DA:1043,0
DA:1053,0
DA:1054,0
DA:1055,0
DA:1056,0
DA:1057,0
DA:1060,0
DA:1061,0
DA:1062,0
DA:1063,0
DA:1064,0
DA:1065,0
DA:1068,0
DA:1075,0
DA:1076,0
DA:1077,0
DA:1083,0
DA:1084,0
DA:1085,0
DA:1090,0
DA:1091,0
DA:1092,0
DA:1093,0
DA:1097,0
DA:1098,0
DA:1099,0
DA:1100,0
DA:1102,0
DA:1103,0
DA:1104,0
DA:1105,0
DA:1106,0
DA:1107,0
DA:1108,0
DA:1109,0
DA:1110,0
DA:1111,0
DA:1112,0
DA:1113,0
DA:1114,0
DA:1115,0
DA:1116,0
DA:1117,0
DA:1118,0
DA:1121,0
DA:1125,0
DA:1135,0
DA:1136,0
DA:1137,0
DA:1138,0
DA:1139,0
DA:1140,0
DA:1141,0
DA:1159,0
DA:1160,0
DA:1161,0
DA:1162,0
DA:1163,0
DA:1166,0
DA:1167,0
DA:1168,0
DA:1169,0
DA:1170,0
DA:1171,0
DA:1174,0
DA:1181,0
DA:1182,0
DA:1183,0
DA:1189,0
DA:1190,0
DA:1191,0
DA:1196,0
DA:1197,0
DA:1198,0
DA:1199,0
DA:1203,0
DA:1204,0
DA:1205,0
DA:1206,0
DA:1208,0
DA:1209,0
DA:1210,0
DA:1211,0
DA:1212,0
DA:1213,0
DA:1214,0
DA:1215,0
DA:1216,0
DA:1217,0
DA:1218,0
DA:1219,0
DA:1220,0
DA:1221,0
DA:1222,0
DA:1225,0
DA:1228,0
DA:1230,0
DA:1240,0
DA:1241,0
DA:1242,0
DA:1243,0
DA:1244,0
DA:1245,0
DA:1246,0
DA:1262,0
DA:1263,0
DA:1264,0
DA:1265,0
DA:1266,0
DA:1269,0
DA:1270,0
DA:1271,0
DA:1272,0
DA:1273,0
DA:1274,0
DA:1277,0
DA:1284,0
DA:1285,0
DA:1286,0
DA:1292,0
DA:1293,0
DA:1294,0
DA:1299,0
DA:1300,0
DA:1301,0
DA:1302,0
DA:1310,8
DA:1334,24
DA:1355,0
DA:1362,0
DA:1364,0
DA:1406,0
DA:1409,12
DA:1430,0
DA:1448,0
DA:1463,0
DA:1478,0
DA:1496,0
DA:1554,0
DA:1569,0
DA:1584,0
DA:1602,0
DA:1618,0
DA:1633,0
DA:1648,0
DA:1666,0
DA:1680,0
DA:1695,0
DA:1711,0
DA:1729,0
DA:1744,0
DA:1756,0
DA:1759,0
DA:1819,0
DA:1834,0
DA:1849,0
DA:1867,0
DA:1883,0
DA:1898,0
DA:1913,0
DA:1932,0
DA:1947,0
DA:1962,0
DA:1978,0
DA:1993,0
DA:1996,0
LF:742
LH:6
BRDA:122,0,0,0
BRDA:122,0,1,0
BRDA:129,1,0,0
BRDA:129,1,1,0
BRDA:149,2,0,0
BRDA:149,2,1,0
BRDA:151,3,0,0
BRDA:151,3,1,0
BRDA:174,4,0,0
BRDA:174,4,1,0
BRDA:199,5,0,0
BRDA:199,5,1,0
BRDA:202,6,0,0
BRDA:202,6,1,0
BRDA:206,7,0,0
BRDA:206,7,1,0
BRDA:210,8,0,0
BRDA:210,8,1,0
BRDA:214,9,0,0
BRDA:214,9,1,0
BRDA:218,10,0,0
BRDA:218,10,1,0
BRDA:222,11,0,0
BRDA:222,11,1,0
BRDA:226,12,0,0
BRDA:226,12,1,0
BRDA:230,13,0,0
BRDA:230,13,1,0
BRDA:234,14,0,0
BRDA:234,14,1,0
BRDA:261,15,0,0
BRDA:261,15,1,0
BRDA:266,16,0,0
BRDA:266,16,1,0
BRDA:267,17,0,0
BRDA:267,17,1,0
BRDA:268,18,0,0
BRDA:268,18,1,0
BRDA:275,19,0,0
BRDA:275,19,1,0
BRDA:276,20,0,0
BRDA:276,20,1,0
BRDA:282,21,0,0
BRDA:282,21,1,0
BRDA:283,22,0,0
BRDA:283,22,1,0
BRDA:289,23,0,0
BRDA:289,23,1,0
BRDA:290,24,0,0
BRDA:290,24,1,0
BRDA:296,25,0,0
BRDA:296,25,1,0
BRDA:297,26,0,0
BRDA:297,26,1,0
BRDA:311,27,0,0
BRDA:311,27,1,0
BRDA:314,28,0,0
BRDA:314,28,1,0
BRDA:318,29,0,0
BRDA:318,29,1,0
BRDA:319,30,0,0
BRDA:319,30,1,0
BRDA:320,31,0,0
BRDA:320,31,1,0
BRDA:326,32,0,0
BRDA:326,32,1,0
BRDA:327,33,0,0
BRDA:327,33,1,0
BRDA:333,34,0,0
BRDA:333,34,1,0
BRDA:337,35,0,0
BRDA:337,35,1,0
BRDA:341,36,0,0
BRDA:341,36,1,0
BRDA:370,37,0,0
BRDA:370,37,1,0
BRDA:371,38,0,0
BRDA:371,38,1,0
BRDA:377,39,0,0
BRDA:377,39,1,0
BRDA:378,40,0,0
BRDA:378,40,1,0
BRDA:383,41,0,0
BRDA:383,41,1,0
BRDA:384,42,0,0
BRDA:384,42,1,0
BRDA:390,43,0,0
BRDA:390,43,1,0
BRDA:391,44,0,0
BRDA:391,44,1,0
BRDA:396,45,0,0
BRDA:396,45,1,0
BRDA:397,46,0,0
BRDA:397,46,1,0
BRDA:403,47,0,0
BRDA:403,47,1,0
BRDA:404,48,0,0
BRDA:404,48,1,0
BRDA:409,49,0,0
BRDA:409,49,1,0
BRDA:410,50,0,0
BRDA:410,50,1,0
BRDA:416,51,0,0
BRDA:416,51,1,0
BRDA:417,52,0,0
BRDA:417,52,1,0
BRDA:423,53,0,0
BRDA:423,53,1,0
BRDA:424,54,0,0
BRDA:424,54,1,0
BRDA:429,55,0,0
BRDA:429,55,1,0
BRDA:429,56,0,0
BRDA:429,56,1,0
BRDA:430,57,0,0
BRDA:430,57,1,0
BRDA:435,58,0,0
BRDA:435,58,1,0
BRDA:436,59,0,0
BRDA:436,59,1,0
BRDA:450,60,0,0
BRDA:450,60,1,0
BRDA:453,61,0,0
BRDA:453,61,1,0
BRDA:454,62,0,0
BRDA:454,62,1,0
BRDA:460,63,0,0
BRDA:460,63,1,0
BRDA:464,64,0,0
BRDA:464,64,1,0
BRDA:468,65,0,0
BRDA:468,65,1,0
BRDA:472,66,0,0
BRDA:472,66,1,0
BRDA:473,67,0,0
BRDA:473,67,1,0
BRDA:474,68,0,0
BRDA:474,68,1,0
BRDA:480,69,0,0
BRDA:480,69,1,0
BRDA:484,70,0,0
BRDA:484,70,1,0
BRDA:488,71,0,0
BRDA:488,71,1,0
BRDA:489,72,0,0
BRDA:489,72,1,0
BRDA:495,73,0,0
BRDA:495,73,1,0
BRDA:499,74,0,0
BRDA:499,74,1,0
BRDA:503,75,0,0
BRDA:503,75,1,0
BRDA:504,76,0,0
BRDA:504,76,1,0
BRDA:505,77,0,0
BRDA:505,77,1,0
BRDA:511,78,0,0
BRDA:511,78,1,0
BRDA:515,79,0,0
BRDA:515,79,1,0
BRDA:519,80,0,0
BRDA:519,80,1,0
BRDA:523,81,0,0
BRDA:523,81,1,0
BRDA:570,82,0,0
BRDA:570,82,1,0
BRDA:571,83,0,0
BRDA:571,83,1,0
BRDA:576,84,0,0
BRDA:576,84,1,0
BRDA:577,85,0,0
BRDA:577,85,1,0
BRDA:583,86,0,0
BRDA:583,86,1,0
BRDA:584,87,0,0
BRDA:584,87,1,0
BRDA:590,88,0,0
BRDA:590,88,1,0
BRDA:591,89,0,0
BRDA:591,89,1,0
BRDA:597,90,0,0
BRDA:597,90,1,0
BRDA:598,91,0,0
BRDA:598,91,1,0
BRDA:604,92,0,0
BRDA:604,92,1,0
BRDA:605,93,0,0
BRDA:605,93,1,0
BRDA:610,94,0,0
BRDA:610,94,1,0
BRDA:611,95,0,0
BRDA:611,95,1,0
BRDA:617,96,0,0
BRDA:617,96,1,0
BRDA:618,97,0,0
BRDA:618,97,1,0
BRDA:623,98,0,0
BRDA:623,98,1,0
BRDA:624,99,0,0
BRDA:624,99,1,0
BRDA:630,100,0,0
BRDA:630,100,1,0
BRDA:631,101,0,0
BRDA:631,101,1,0
BRDA:636,102,0,0
BRDA:636,102,1,0
BRDA:636,103,0,0
BRDA:636,103,1,0
BRDA:637,104,0,0
BRDA:637,104,1,0
BRDA:642,105,0,0
BRDA:642,105,1,0
BRDA:643,106,0,0
BRDA:643,106,1,0
BRDA:649,107,0,0
BRDA:649,107,1,0
BRDA:650,108,0,0
BRDA:650,108,1,0
BRDA:655,109,0,0
BRDA:655,109,1,0
BRDA:656,110,0,0
BRDA:656,110,1,0
BRDA:662,111,0,0
BRDA:662,111,1,0
BRDA:663,112,0,0
BRDA:663,112,1,0
BRDA:668,113,0,0
BRDA:668,113,1,0
BRDA:669,114,0,0
BRDA:669,114,1,0
BRDA:675,115,0,0
BRDA:675,115,1,0
BRDA:676,116,0,0
BRDA:676,116,1,0
BRDA:682,117,0,0
BRDA:682,117,1,0
BRDA:683,118,0,0
BRDA:683,118,1,0
BRDA:688,119,0,0
BRDA:688,119,1,0
BRDA:689,120,0,0
BRDA:689,120,1,0
BRDA:695,121,0,0
BRDA:695,121,1,0
BRDA:696,122,0,0
BRDA:696,122,1,0
BRDA:697,123,0,0
BRDA:697,123,1,0
BRDA:712,124,0,0
BRDA:712,124,1,0
BRDA:715,125,0,0
BRDA:715,125,1,0
BRDA:716,126,0,0
BRDA:716,126,1,0
BRDA:722,127,0,0
BRDA:722,127,1,0
BRDA:726,128,0,0
BRDA:726,128,1,0
BRDA:730,129,0,0
BRDA:730,129,1,0
BRDA:734,130,0,0
BRDA:734,130,1,0
BRDA:735,131,0,0
BRDA:735,131,1,0
BRDA:736,132,0,0
BRDA:736,132,1,0
BRDA:742,133,0,0
BRDA:742,133,1,0
BRDA:746,134,0,0
BRDA:746,134,1,0
BRDA:750,135,0,0
BRDA:750,135,1,0
BRDA:751,136,0,0
BRDA:751,136,1,0
BRDA:752,137,0,0
BRDA:752,137,1,0
BRDA:758,138,0,0
BRDA:758,138,1,0
BRDA:759,139,0,0
BRDA:759,139,1,0
BRDA:765,140,0,0
BRDA:765,140,1,0
BRDA:769,141,0,0
BRDA:769,141,1,0
BRDA:773,142,0,0
BRDA:773,142,1,0
BRDA:777,143,0,0
BRDA:777,143,1,0
BRDA:819,144,0,0
BRDA:819,144,1,0
BRDA:820,145,0,0
BRDA:820,145,1,0
BRDA:825,146,0,0
BRDA:825,146,1,0
BRDA:826,147,0,0
BRDA:826,147,1,0
BRDA:832,148,0,0
BRDA:832,148,1,0
BRDA:833,149,0,0
BRDA:833,149,1,0
BRDA:839,150,0,0
BRDA:839,150,1,0
BRDA:840,151,0,0
BRDA:840,151,1,0
BRDA:846,152,0,0
BRDA:846,152,1,0
BRDA:847,153,0,0
BRDA:847,153,1,0
BRDA:853,154,0,0
BRDA:853,154,1,0
BRDA:854,155,0,0
BRDA:854,155,1,0
BRDA:859,156,0,0
BRDA:859,156,1,0
BRDA:860,157,0,0
BRDA:860,157,1,0
BRDA:866,158,0,0
BRDA:866,158,1,0
BRDA:867,159,0,0
BRDA:867,159,1,0
BRDA:872,160,0,0
BRDA:872,160,1,0
BRDA:873,161,0,0
BRDA:873,161,1,0
BRDA:879,162,0,0
BRDA:879,162,1,0
BRDA:880,163,0,0
BRDA:880,163,1,0
BRDA:885,164,0,0
BRDA:885,164,1,0
BRDA:885,165,0,0
BRDA:885,165,1,0
BRDA:886,166,0,0
BRDA:886,166,1,0
BRDA:891,167,0,0
BRDA:891,167,1,0
BRDA:892,168,0,0
BRDA:892,168,1,0
BRDA:898,169,0,0
BRDA:898,169,1,0
BRDA:899,170,0,0
BRDA:899,170,1,0
BRDA:904,171,0,0
BRDA:904,171,1,0
BRDA:905,172,0,0
BRDA:905,172,1,0
BRDA:911,173,0,0
BRDA:911,173,1,0
BRDA:912,174,0,0
BRDA:912,174,1,0
BRDA:917,175,0,0
BRDA:917,175,1,0
BRDA:918,176,0,0
BRDA:918,176,1,0
BRDA:924,177,0,0
BRDA:924,177,1,0
BRDA:925,178,0,0
BRDA:925,178,1,0
BRDA:926,179,0,0
BRDA:926,179,1,0
BRDA:1012,180,0,0
BRDA:1012,180,1,0
BRDA:1033,181,0,0
BRDA:1033,181,1,0
BRDA:1035,182,0,0
BRDA:1035,182,1,0
BRDA:1040,183,0,0
BRDA:1040,183,1,0
BRDA:1056,184,0,0
BRDA:1056,184,1,0
BRDA:1097,185,0,0
BRDA:1097,185,1,0
BRDA:1117,186,0,0
BRDA:1117,186,1,0
BRDA:1135,187,0,0
BRDA:1135,187,1,0
BRDA:1137,188,0,0
BRDA:1137,188,1,0
BRDA:1162,189,0,0
BRDA:1162,189,1,0
BRDA:1203,190,0,0
BRDA:1203,190,1,0
BRDA:1221,191,0,0
BRDA:1221,191,1,0
BRDA:1240,192,0,0
BRDA:1240,192,1,0
BRDA:1242,193,0,0
BRDA:1242,193,1,0
BRDA:1265,194,0,0
BRDA:1265,194,1,0
BRDA:1340,195,0,8
BRDA:1340,195,1,16
BRDA:1360,196,0,2
BRDA:1360,196,1,6
BRDA:1376,197,0,6
BRDA:1376,197,1,2
BRDA:1528,198,0,1
BRDA:1528,198,1,7
BRDA:1751,199,0,0
BRDA:1751,199,1,1
BRDA:1793,200,0,1
BRDA:1793,200,1,7
BRDA:1988,201,0,0
BRDA:1988,201,1,1
BRF:404
BRH:12
end_of_record
TN:
SF:C:\Users\koushik.a.pal\test-projects\EC-Admin-Acc\web-ui\webui-assets\Maintain/Maintainagentedit.js
FN:5,(anonymous_0)
FN:125,(anonymous_1)
FN:136,(anonymous_2)
FN:138,(anonymous_3)
FN:240,(anonymous_4)
FN:247,(anonymous_5)
FN:256,(anonymous_6)
FN:267,(anonymous_7)
FN:273,(anonymous_8)
FN:292,(anonymous_9)
FN:298,(anonymous_10)
FN:317,(anonymous_11)
FN:323,(anonymous_12)
FN:346,(anonymous_13)
FN:348,(anonymous_14)
FN:368,(anonymous_15)
FN:374,(anonymous_16)
FN:382,(anonymous_17)
FN:387,(anonymous_18)
FN:390,(anonymous_19)
FN:435,(anonymous_20)
FN:437,(anonymous_21)
FN:457,(anonymous_22)
FN:468,(anonymous_23)
FN:473,(anonymous_24)
FN:476,(anonymous_25)
FN:519,(anonymous_26)
FN:521,(anonymous_27)
FN:541,(anonymous_28)
FN:547,(anonymous_29)
FN:555,(anonymous_30)
FN:560,(anonymous_31)
FN:563,(anonymous_32)
FN:570,(anonymous_33)
FN:590,(anonymous_34)
FN:633,(anonymous_35)
FN:729,(anonymous_36)
FN:811,(anonymous_37)
FN:953,(anonymous_38)
FN:1043,(anonymous_39)
FN:1215,(anonymous_40)
FN:1240,(anonymous_41)
FN:1265,(anonymous_42)
FN:1272,(anonymous_43)
FN:1273,(anonymous_44)
FN:1310,(anonymous_45)
FN:1312,(anonymous_46)
FN:1339,(anonymous_47)
FN:1356,(anonymous_48)
FN:1370,(anonymous_49)
FN:1384,(anonymous_50)
FN:1401,(anonymous_51)
FN:1460,(anonymous_52)
FN:1474,(anonymous_53)
FN:1488,(anonymous_54)
FN:1505,(anonymous_55)
FN:1520,(anonymous_56)
FN:1534,(anonymous_57)
FN:1548,(anonymous_58)
FN:1565,(anonymous_59)
FN:1579,(anonymous_60)
FN:1593,(anonymous_61)
FN:1608,(anonymous_62)
FN:1625,(anonymous_63)
FN:1640,(anonymous_64)
FN:1652,(anonymous_65)
FN:1654,(anonymous_66)
FN:1715,(anonymous_67)
FN:1729,(anonymous_68)
FN:1743,(anonymous_69)
FN:1760,(anonymous_70)
FN:1775,(anonymous_71)
FN:1789,(anonymous_72)
FN:1803,(anonymous_73)
FN:1821,(anonymous_74)
FN:1835,(anonymous_75)
FN:1849,(anonymous_76)
FN:1865,(anonymous_77)
FN:1880,(anonymous_78)
FN:1882,(anonymous_79)
FNF:80
FNH:7
FNDA:1,(anonymous_0)
FNDA:1,(anonymous_1)
FNDA:1,(anonymous_2)
FNDA:1,(anonymous_3)
FNDA:0,(anonymous_4)
FNDA:0,(anonymous_5)
FNDA:0,(anonymous_6)
FNDA:0,(anonymous_7)
FNDA:0,(anonymous_8)
FNDA:0,(anonymous_9)
FNDA:0,(anonymous_10)
FNDA:0,(anonymous_11)
FNDA:0,(anonymous_12)
FNDA:0,(anonymous_13)
FNDA:0,(anonymous_14)
FNDA:0,(anonymous_15)
FNDA:0,(anonymous_16)
FNDA:0,(anonymous_17)
FNDA:0,(anonymous_18)
FNDA:0,(anonymous_19)
FNDA:0,(anonymous_20)
FNDA:0,(anonymous_21)
FNDA:0,(anonymous_22)
FNDA:0,(anonymous_23)
FNDA:0,(anonymous_24)
FNDA:0,(anonymous_25)
FNDA:0,(anonymous_26)
FNDA:0,(anonymous_27)
FNDA:0,(anonymous_28)
FNDA:0,(anonymous_29)
FNDA:0,(anonymous_30)
FNDA:0,(anonymous_31)
FNDA:0,(anonymous_32)
FNDA:0,(anonymous_33)
FNDA:0,(anonymous_34)
FNDA:0,(anonymous_35)
FNDA:0,(anonymous_36)
FNDA:0,(anonymous_37)
FNDA:0,(anonymous_38)
FNDA:0,(anonymous_39)
FNDA:4,(anonymous_40)
FNDA:12,(anonymous_41)
FNDA:0,(anonymous_42)
FNDA:0,(anonymous_43)
FNDA:0,(anonymous_44)
FNDA:0,(anonymous_45)
FNDA:6,(anonymous_46)
FNDA:0,(anonymous_47)
FNDA:0,(anonymous_48)
FNDA:0,(anonymous_49)
FNDA:0,(anonymous_50)
FNDA:0,(anonymous_51)
FNDA:0,(anonymous_52)
FNDA:0,(anonymous_53)
FNDA:0,(anonymous_54)
FNDA:0,(anonymous_55)
FNDA:0,(anonymous_56)
FNDA:0,(anonymous_57)
FNDA:0,(anonymous_58)
FNDA:0,(anonymous_59)
FNDA:0,(anonymous_60)
FNDA:0,(anonymous_61)
FNDA:0,(anonymous_62)
FNDA:0,(anonymous_63)
FNDA:0,(anonymous_64)
FNDA:0,(anonymous_65)
FNDA:0,(anonymous_66)
FNDA:0,(anonymous_67)
FNDA:0,(anonymous_68)
FNDA:0,(anonymous_69)
FNDA:0,(anonymous_70)
FNDA:0,(anonymous_71)
FNDA:0,(anonymous_72)
FNDA:0,(anonymous_73)
FNDA:0,(anonymous_74)
FNDA:0,(anonymous_75)
FNDA:0,(anonymous_76)
FNDA:0,(anonymous_77)
FNDA:0,(anonymous_78)
FNDA:0,(anonymous_79)
DA:1,1
DA:6,1
DA:7,1
DA:128,1
DA:137,1
DA:138,1
DA:139,1
DA:160,1
DA:161,0
DA:164,1
DA:171,1
DA:172,1
DA:185,1
DA:202,1
DA:212,1
DA:232,1
DA:239,1
DA:240,1
DA:241,0
DA:242,0
DA:243,0
DA:248,0
DA:249,0
DA:251,0
DA:257,0
DA:258,0
DA:260,0
DA:262,0
DA:266,0
DA:267,0
DA:268,0
DA:270,0
DA:274,0
DA:275,0
DA:277,0
DA:278,0
DA:279,0
DA:280,0
DA:281,0
DA:282,0
DA:283,0
DA:284,0
DA:285,0
DA:287,0
DA:291,0
DA:292,0
DA:293,0
DA:295,0
DA:299,0
DA:300,0
DA:302,0
DA:303,0
DA:304,0
DA:305,0
DA:306,0
DA:307,0
DA:308,0
DA:309,0
DA:310,0
DA:312,0
DA:316,0
DA:317,0
DA:318,0
DA:320,0
DA:324,0
DA:325,0
DA:326,0
DA:327,0
DA:328,0
DA:329,0
DA:330,0
DA:331,0
DA:332,0
DA:333,0
DA:334,0
DA:335,0
DA:337,0
DA:347,0
DA:348,0
DA:349,0
DA:350,0
DA:351,0
DA:353,0
DA:354,0
DA:355,0
DA:356,0
DA:357,0
DA:360,0
DA:361,0
DA:362,0
DA:363,0
DA:364,0
DA:365,0
DA:368,0
DA:369,0
DA:373,0
DA:374,0
DA:375,0
DA:381,0
DA:382,0
DA:383,0
DA:388,0
DA:389,0
DA:390,0
DA:391,0
DA:395,0
DA:396,0
DA:397,0
DA:398,0
DA:399,0
DA:400,0
DA:401,0
DA:402,0
DA:403,0
DA:404,0
DA:405,0
DA:406,0
DA:407,0
DA:408,0
DA:409,0
DA:410,0
DA:411,0
DA:412,0
DA:413,0
DA:414,0
DA:415,0
DA:416,0
DA:417,0
DA:418,0
DA:419,0
DA:422,0
DA:426,0
DA:436,0
DA:437,0
DA:438,0
DA:439,0
DA:440,0
DA:442,0
DA:443,0
DA:444,0
DA:445,0
DA:446,0
DA:449,0
DA:450,0
DA:451,0
DA:452,0
DA:453,0
DA:454,0
DA:457,0
DA:458,0
DA:467,0
DA:468,0
DA:469,0
DA:474,0
DA:475,0
DA:476,0
DA:477,0
DA:481,0
DA:482,0
DA:483,0
DA:484,0
DA:485,0
DA:486,0
DA:487,0
DA:488,0
DA:489,0
DA:491,0
DA:492,0
DA:493,0
DA:494,0
DA:495,0
DA:496,0
DA:497,0
DA:498,0
DA:499,0
DA:500,0
DA:501,0
DA:502,0
DA:505,0
DA:508,0
DA:510,0
DA:520,0
DA:521,0
DA:522,0
DA:523,0
DA:524,0
DA:526,0
DA:527,0
DA:528,0
DA:529,0
DA:530,0
DA:533,0
DA:534,0
DA:535,0
DA:536,0
DA:537,0
DA:538,0
DA:541,0
DA:542,0
DA:546,0
DA:547,0
DA:548,0
DA:554,0
DA:555,0
DA:556,0
DA:561,0
DA:562,0
DA:563,0
DA:564,0
DA:571,0
DA:572,0
DA:573,0
DA:575,0
DA:576,0
DA:577,0
DA:580,0
DA:581,0
DA:582,0
DA:585,0
DA:591,0
DA:592,0
DA:593,0
DA:595,0
DA:596,0
DA:597,0
DA:599,0
DA:600,0
DA:601,0
DA:602,0
DA:604,0
DA:605,0
DA:607,0
DA:608,0
DA:609,0
DA:611,0
DA:612,0
DA:614,0
DA:615,0
DA:616,0
DA:618,0
DA:619,0
DA:620,0
DA:622,0
DA:623,0
DA:624,0
DA:627,0
DA:630,0
DA:634,0
DA:635,0
DA:636,0
DA:637,0
DA:638,0
DA:639,0
DA:640,0
DA:641,0
DA:642,0
DA:643,0
DA:644,0
DA:645,0
DA:646,0
DA:647,0
DA:648,0
DA:649,0
DA:651,0
DA:652,0
DA:653,0
DA:655,0
DA:658,0
DA:659,0
DA:660,0
DA:662,0
DA:664,0
DA:665,0
DA:666,0
DA:668,0
DA:671,0
DA:672,0
DA:673,0
DA:675,0
DA:677,0
DA:678,0
DA:679,0
DA:681,0
DA:684,0
DA:685,0
DA:686,0
DA:688,0
DA:690,0
DA:691,0
DA:692,0
DA:694,0
DA:697,0
DA:698,0
DA:699,0
DA:701,0
DA:704,0
DA:705,0
DA:706,0
DA:708,0
DA:710,0
DA:711,0
DA:712,0
DA:714,0
DA:716,0
DA:717,0
DA:718,0
DA:720,0
DA:723,0
DA:730,0
DA:731,0
DA:732,0
DA:734,0
DA:735,0
DA:736,0
DA:738,0
DA:739,0
DA:741,0
DA:742,0
DA:743,0
DA:745,0
DA:746,0
DA:747,0
DA:749,0
DA:750,0
DA:751,0
DA:753,0
DA:754,0
DA:755,0
DA:756,0
DA:758,0
DA:759,0
DA:761,0
DA:762,0
DA:763,0
DA:765,0
DA:766,0
DA:767,0
DA:769,0
DA:770,0
DA:771,0
DA:772,0
DA:774,0
DA:775,0
DA:777,0
DA:778,0
DA:779,0
DA:781,0
DA:782,0
DA:784,0
DA:785,0
DA:786,0
DA:788,0
DA:789,0
DA:790,0
DA:792,0
DA:793,0
DA:794,0
DA:795,0
DA:796,0
DA:797,0
DA:800,0
DA:801,0
DA:804,0
DA:808,0
DA:812,0
DA:813,0
DA:814,0
DA:815,0
DA:816,0
DA:817,0
DA:818,0
DA:819,0
DA:820,0
DA:821,0
DA:822,0
DA:823,0
DA:824,0
DA:825,0
DA:826,0
DA:827,0
DA:828,0
DA:829,0
DA:830,0
DA:831,0
DA:832,0
DA:833,0
DA:834,0
DA:835,0
DA:836,0
DA:838,0
DA:839,0
DA:840,0
DA:842,0
DA:845,0
DA:846,0
DA:847,0
DA:849,0
DA:852,0
DA:853,0
DA:854,0
DA:856,0
DA:859,0
DA:860,0
DA:861,0
DA:863,0
DA:866,0
DA:867,0
DA:868,0
DA:870,0
DA:873,0
DA:874,0
DA:875,0
DA:877,0
DA:880,0
DA:881,0
DA:882,0
DA:884,0
DA:886,0
DA:887,0
DA:888,0
DA:890,0
DA:893,0
DA:894,0
DA:895,0
DA:897,0
DA:899,0
DA:900,0
DA:901,0
DA:903,0
DA:905,0
DA:906,0
DA:907,0
DA:909,0
DA:912,0
DA:913,0
DA:914,0
DA:916,0
DA:918,0
DA:919,0
DA:920,0
DA:922,0
DA:925,0
DA:926,0
DA:927,0
DA:929,0
DA:931,0
DA:932,0
DA:933,0
DA:935,0
DA:938,0
DA:939,0
DA:940,0
DA:941,0
DA:943,0
DA:947,0
DA:954,0
DA:955,0
DA:956,0
DA:958,0
DA:959,0
DA:960,0
DA:962,0
DA:963,0
DA:965,0
DA:966,0
DA:967,0
DA:969,0
DA:970,0
DA:971,0
DA:973,0
DA:974,0
DA:975,0
DA:977,0
DA:978,0
DA:979,0
DA:980,0
DA:982,0
DA:983,0
DA:985,0
DA:986,0
DA:987,0
DA:989,0
DA:990,0
DA:991,0
DA:993,0
DA:994,0
DA:995,0
DA:997,0
DA:998,0
DA:1000,0
DA:1001,0
DA:1002,0
DA:1004,0
DA:1005,0
DA:1006,0
DA:1008,0
DA:1009,0
DA:1010,0
DA:1011,0
DA:1013,0
DA:1014,0
DA:1016,0
DA:1017,0
DA:1018,0
DA:1020,0
DA:1021,0
DA:1022,0
DA:1024,0
DA:1025,0
DA:1026,0
DA:1027,0
DA:1028,0
DA:1029,0
DA:1032,0
DA:1033,0
DA:1036,0
DA:1040,0
DA:1044,0
DA:1045,0
DA:1046,0
DA:1047,0
DA:1048,0
DA:1049,0
DA:1050,0
DA:1051,0
DA:1052,0
DA:1053,0
DA:1054,0
DA:1055,0
DA:1056,0
DA:1057,0
DA:1058,0
DA:1059,0
DA:1060,0
DA:1061,0
DA:1062,0
DA:1063,0
DA:1064,0
DA:1065,0
DA:1066,0
DA:1067,0
DA:1068,0
DA:1069,0
DA:1070,0
DA:1071,0
DA:1072,0
DA:1073,0
DA:1075,0
DA:1076,0
DA:1077,0
DA:1079,0
DA:1081,0
DA:1082,0
DA:1083,0
DA:1085,0
DA:1088,0
DA:1089,0
DA:1090,0
DA:1092,0
DA:1095,0
DA:1096,0
DA:1097,0
DA:1099,0
DA:1102,0
DA:1103,0
DA:1104,0
DA:1106,0
DA:1109,0
DA:1110,0
DA:1111,0
DA:1113,0
DA:1115,0
DA:1116,0
DA:1117,0
DA:1119,0
DA:1122,0
DA:1123,0
DA:1124,0
DA:1126,0
DA:1128,0
DA:1129,0
DA:1130,0
DA:1132,0
DA:1135,0
DA:1136,0
DA:1137,0
DA:1139,0
DA:1141,0
DA:1142,0
DA:1143,0
DA:1145,0
DA:1147,0
DA:1148,0
DA:1149,0
DA:1151,0
DA:1154,0
DA:1155,0
DA:1156,0
DA:1158,0
DA:1160,0
DA:1161,0
DA:1162,0
DA:1164,0
DA:1167,0
DA:1168,0
DA:1169,0
DA:1171,0
DA:1173,0
DA:1174,0
DA:1175,0
DA:1177,0
DA:1180,0
DA:1181,0
DA:1182,0
DA:1184,0
DA:1187,0
DA:1188,0
DA:1189,0
DA:1191,0
DA:1193,0
DA:1194,0
DA:1195,0
DA:1197,0
DA:1200,0
DA:1201,0
DA:1202,0
DA:1203,0
DA:1205,0
DA:1209,0
DA:1217,4
DA:1241,12
DA:1265,0
DA:1272,0
DA:1274,0
DA:1310,0
DA:1313,6
DA:1339,0
DA:1356,0
DA:1370,0
DA:1384,0
DA:1401,0
DA:1460,0
DA:1474,0
DA:1488,0
DA:1505,0
DA:1520,0
DA:1534,0
DA:1548,0
DA:1565,0
DA:1579,0
DA:1593,0
DA:1608,0
DA:1625,0
DA:1640,0
DA:1652,0
DA:1655,0
DA:1715,0
DA:1729,0
DA:1743,0
DA:1760,0
DA:1775,0
DA:1789,0
DA:1803,0
DA:1821,0
DA:1835,0
DA:1849,0
DA:1865,0
DA:1880,0
DA:1883,0
LF:669
LH:20
BRDA:137,0,0,1
BRDA:137,0,1,0
BRDA:160,1,0,0
BRDA:160,1,1,1
BRDA:326,2,0,0
BRDA:326,2,1,0
BRDA:347,3,0,0
BRDA:347,3,1,0
BRDA:349,4,0,0
BRDA:349,4,1,0
BRDA:356,5,0,0
BRDA:356,5,1,0
BRDA:395,6,0,0
BRDA:395,6,1,0
BRDA:418,7,0,0
BRDA:418,7,1,0
BRDA:436,8,0,0
BRDA:436,8,1,0
BRDA:438,9,0,0
BRDA:438,9,1,0
BRDA:445,10,0,0
BRDA:445,10,1,0
BRDA:481,11,0,0
BRDA:481,11,1,0
BRDA:501,12,0,0
BRDA:501,12,1,0
BRDA:520,13,0,0
BRDA:520,13,1,0
BRDA:522,14,0,0
BRDA:522,14,1,0
BRDA:529,15,0,0
BRDA:529,15,1,0
BRDA:572,16,0,0
BRDA:572,16,1,0
BRDA:575,17,0,0
BRDA:575,17,1,0
BRDA:580,18,0,0
BRDA:580,18,1,0
BRDA:592,19,0,0
BRDA:592,19,1,0
BRDA:595,20,0,0
BRDA:595,20,1,0
BRDA:599,21,0,0
BRDA:599,21,1,0
BRDA:600,22,0,0
BRDA:600,22,1,0
BRDA:601,23,0,0
BRDA:601,23,1,0
BRDA:607,24,0,0
BRDA:607,24,1,0
BRDA:608,25,0,0
BRDA:608,25,1,0
BRDA:614,26,0,0
BRDA:614,26,1,0
BRDA:618,27,0,0
BRDA:618,27,1,0
BRDA:622,28,0,0
BRDA:622,28,1,0
BRDA:651,29,0,0
BRDA:651,29,1,0
BRDA:652,30,0,0
BRDA:652,30,1,0
BRDA:658,31,0,0
BRDA:658,31,1,0
BRDA:659,32,0,0
BRDA:659,32,1,0
BRDA:664,33,0,0
BRDA:664,33,1,0
BRDA:665,34,0,0
BRDA:665,34,1,0
BRDA:671,35,0,0
BRDA:671,35,1,0
BRDA:672,36,0,0
BRDA:672,36,1,0
BRDA:677,37,0,0
BRDA:677,37,1,0
BRDA:678,38,0,0
BRDA:678,38,1,0
BRDA:684,39,0,0
BRDA:684,39,1,0
BRDA:685,40,0,0
BRDA:685,40,1,0
BRDA:690,41,0,0
BRDA:690,41,1,0
BRDA:691,42,0,0
BRDA:691,42,1,0
BRDA:697,43,0,0
BRDA:697,43,1,0
BRDA:698,44,0,0
BRDA:698,44,1,0
BRDA:704,45,0,0
BRDA:704,45,1,0
BRDA:705,46,0,0
BRDA:705,46,1,0
BRDA:710,47,0,0
BRDA:710,47,1,0
BRDA:710,48,0,0
BRDA:710,48,1,0
BRDA:711,49,0,0
BRDA:711,49,1,0
BRDA:716,50,0,0
BRDA:716,50,1,0
BRDA:717,51,0,0
BRDA:717,51,1,0
BRDA:731,52,0,0
BRDA:731,52,1,0
BRDA:734,53,0,0
BRDA:734,53,1,0
BRDA:735,54,0,0
BRDA:735,54,1,0
BRDA:741,55,0,0
BRDA:741,55,1,0
BRDA:745,56,0,0
BRDA:745,56,1,0
BRDA:749,57,0,0
BRDA:749,57,1,0
BRDA:753,58,0,0
BRDA:753,58,1,0
BRDA:754,59,0,0
BRDA:754,59,1,0
BRDA:755,60,0,0
BRDA:755,60,1,0
BRDA:761,61,0,0
BRDA:761,61,1,0
BRDA:765,62,0,0
BRDA:765,62,1,0
BRDA:769,63,0,0
BRDA:769,63,1,0
BRDA:770,64,0,0
BRDA:770,64,1,0
BRDA:771,65,0,0
BRDA:771,65,1,0
BRDA:777,66,0,0
BRDA:777,66,1,0
BRDA:778,67,0,0
BRDA:778,67,1,0
BRDA:784,68,0,0
BRDA:784,68,1,0
BRDA:788,69,0,0
BRDA:788,69,1,0
BRDA:792,70,0,0
BRDA:792,70,1,0
BRDA:796,71,0,0
BRDA:796,71,1,0
BRDA:838,72,0,0
BRDA:838,72,1,0
BRDA:839,73,0,0
BRDA:839,73,1,0
BRDA:845,74,0,0
BRDA:845,74,1,0
BRDA:846,75,0,0
BRDA:846,75,1,0
BRDA:852,76,0,0
BRDA:852,76,1,0
BRDA:853,77,0,0
BRDA:853,77,1,0
BRDA:859,78,0,0
BRDA:859,78,1,0
BRDA:860,79,0,0
BRDA:860,79,1,0
BRDA:866,80,0,0
BRDA:866,80,1,0
BRDA:867,81,0,0
BRDA:867,81,1,0
BRDA:873,82,0,0
BRDA:873,82,1,0
BRDA:874,83,0,0
BRDA:874,83,1,0
BRDA:880,84,0,0
BRDA:880,84,1,0
BRDA:881,85,0,0
BRDA:881,85,1,0
BRDA:886,86,0,0
BRDA:886,86,1,0
BRDA:887,87,0,0
BRDA:887,87,1,0
BRDA:893,88,0,0
BRDA:893,88,1,0
BRDA:894,89,0,0
BRDA:894,89,1,0
BRDA:899,90,0,0
BRDA:899,90,1,0
BRDA:899,91,0,0
BRDA:899,91,1,0
BRDA:900,92,0,0
BRDA:900,92,1,0
BRDA:905,93,0,0
BRDA:905,93,1,0
BRDA:906,94,0,0
BRDA:906,94,1,0
BRDA:912,95,0,0
BRDA:912,95,1,0
BRDA:913,96,0,0
BRDA:913,96,1,0
BRDA:918,97,0,0
BRDA:918,97,1,0
BRDA:919,98,0,0
BRDA:919,98,1,0
BRDA:925,99,0,0
BRDA:925,99,1,0
BRDA:926,100,0,0
BRDA:926,100,1,0
BRDA:931,101,0,0
BRDA:931,101,1,0
BRDA:932,102,0,0
BRDA:932,102,1,0
BRDA:938,103,0,0
BRDA:938,103,1,0
BRDA:939,104,0,0
BRDA:939,104,1,0
BRDA:940,105,0,0
BRDA:940,105,1,0
BRDA:955,106,0,0
BRDA:955,106,1,0
BRDA:958,107,0,0
BRDA:958,107,1,0
BRDA:959,108,0,0
BRDA:959,108,1,0
BRDA:965,109,0,0
BRDA:965,109,1,0
BRDA:969,110,0,0
BRDA:969,110,1,0
BRDA:973,111,0,0
BRDA:973,111,1,0
BRDA:977,112,0,0
BRDA:977,112,1,0
BRDA:978,113,0,0
BRDA:978,113,1,0
BRDA:979,114,0,0
BRDA:979,114,1,0
BRDA:985,115,0,0
BRDA:985,115,1,0
BRDA:989,116,0,0
BRDA:989,116,1,0
BRDA:993,117,0,0
BRDA:993,117,1,0
BRDA:994,118,0,0
BRDA:994,118,1,0
BRDA:1000,119,0,0
BRDA:1000,119,1,0
BRDA:1004,120,0,0
BRDA:1004,120,1,0
BRDA:1008,121,0,0
BRDA:1008,121,1,0
BRDA:1009,122,0,0
BRDA:1009,122,1,0
BRDA:1010,123,0,0
BRDA:1010,123,1,0
BRDA:1016,124,0,0
BRDA:1016,124,1,0
BRDA:1020,125,0,0
BRDA:1020,125,1,0
BRDA:1024,126,0,0
BRDA:1024,126,1,0
BRDA:1028,127,0,0
BRDA:1028,127,1,0
BRDA:1075,128,0,0
BRDA:1075,128,1,0
BRDA:1076,129,0,0
BRDA:1076,129,1,0
BRDA:1081,130,0,0
BRDA:1081,130,1,0
BRDA:1082,131,0,0
BRDA:1082,131,1,0
BRDA:1088,132,0,0
BRDA:1088,132,1,0
BRDA:1089,133,0,0
BRDA:1089,133,1,0
BRDA:1095,134,0,0
BRDA:1095,134,1,0
BRDA:1096,135,0,0
BRDA:1096,135,1,0
BRDA:1102,136,0,0
BRDA:1102,136,1,0
BRDA:1103,137,0,0
BRDA:1103,137,1,0
BRDA:1109,138,0,0
BRDA:1109,138,1,0
BRDA:1110,139,0,0
BRDA:1110,139,1,0
BRDA:1115,140,0,0
BRDA:1115,140,1,0
BRDA:1116,141,0,0
BRDA:1116,141,1,0
BRDA:1122,142,0,0
BRDA:1122,142,1,0
BRDA:1123,143,0,0
BRDA:1123,143,1,0
BRDA:1128,144,0,0
BRDA:1128,144,1,0
BRDA:1129,145,0,0
BRDA:1129,145,1,0
BRDA:1135,146,0,0
BRDA:1135,146,1,0
BRDA:1136,147,0,0
BRDA:1136,147,1,0
BRDA:1141,148,0,0
BRDA:1141,148,1,0
BRDA:1141,149,0,0
BRDA:1141,149,1,0
BRDA:1142,150,0,0
BRDA:1142,150,1,0
BRDA:1147,151,0,0
BRDA:1147,151,1,0
BRDA:1148,152,0,0
BRDA:1148,152,1,0
BRDA:1154,153,0,0
BRDA:1154,153,1,0
BRDA:1155,154,0,0
BRDA:1155,154,1,0
BRDA:1160,155,0,0
BRDA:1160,155,1,0
BRDA:1161,156,0,0
BRDA:1161,156,1,0
BRDA:1167,157,0,0
BRDA:1167,157,1,0
BRDA:1168,158,0,0
BRDA:1168,158,1,0
BRDA:1173,159,0,0
BRDA:1173,159,1,0
BRDA:1174,160,0,0
BRDA:1174,160,1,0
BRDA:1180,161,0,0
BRDA:1180,161,1,0
BRDA:1181,162,0,0
BRDA:1181,162,1,0
BRDA:1187,163,0,0
BRDA:1187,163,1,0
BRDA:1188,164,0,0
BRDA:1188,164,1,0
BRDA:1193,165,0,0
BRDA:1193,165,1,0
BRDA:1194,166,0,0
BRDA:1194,166,1,0
BRDA:1200,167,0,0
BRDA:1200,167,1,0
BRDA:1201,168,0,0
BRDA:1201,168,1,0
BRDA:1202,169,0,0
BRDA:1202,169,1,0
BRDA:1243,170,0,3
BRDA:1243,170,1,9
BRDA:1247,171,0,3
BRDA:1247,171,1,0
BRDA:1270,172,0,1
BRDA:1270,172,1,3
BRDA:1286,173,0,3
BRDA:1286,173,1,1
BRDA:1435,174,0,0
BRDA:1435,174,1,4
BRDA:1647,175,0,0
BRDA:1647,175,1,0
BRDA:1690,176,0,0
BRDA:1690,176,1,4
BRDA:1875,177,0,0
BRDA:1875,177,1,0
BRF:356
BRH:11
end_of_record
TN:
SF:C:\Users\koushik.a.pal\test-projects\EC-Admin-Acc\web-ui\webui-assets\Maintain/Maintainagentupgrade.js
FN:7,(anonymous_0)
FN:19,(anonymous_1)
FN:23,(anonymous_2)
FN:33,(anonymous_3)
FN:35,(anonymous_4)
FN:79,(anonymous_5)
FN:81,(anonymous_6)
FN:125,(anonymous_7)
FN:127,(anonymous_8)
FN:192,(anonymous_9)
FN:284,(anonymous_10)
FN:289,(anonymous_11)
FN:295,(anonymous_12)
FN:299,(anonymous_13)
FN:353,(anonymous_14)
FN:354,(anonymous_15)
FN:355,(anonymous_16)
FN:358,(anonymous_17)
FN:460,(anonymous_18)
FN:465,(anonymous_19)
FN:481,(anonymous_20)
FN:513,(anonymous_21)
FN:515,(anonymous_22)
FN:520,(anonymous_23)
FN:527,(anonymous_24)
FN:536,(anonymous_25)
FN:541,(anonymous_26)
FN:544,(anonymous_27)
FN:551,(anonymous_28)
FN:556,(anonymous_29)
FN:558,(anonymous_30)
FN:561,(anonymous_31)
FN:573,(anonymous_32)
FN:577,(anonymous_33)
FN:583,(anonymous_34)
FN:603,(anonymous_35)
FN:624,(anonymous_36)
FNF:37
FNH:2
FNDA:1,(anonymous_0)
FNDA:0,(anonymous_1)
FNDA:0,(anonymous_2)
FNDA:0,(anonymous_3)
FNDA:0,(anonymous_4)
FNDA:0,(anonymous_5)
FNDA:0,(anonymous_6)
FNDA:0,(anonymous_7)
FNDA:0,(anonymous_8)
FNDA:0,(anonymous_9)
FNDA:0,(anonymous_10)
FNDA:0,(anonymous_11)
FNDA:0,(anonymous_12)
FNDA:0,(anonymous_13)
FNDA:0,(anonymous_14)
FNDA:0,(anonymous_15)
FNDA:0,(anonymous_16)
FNDA:0,(anonymous_17)
FNDA:0,(anonymous_18)
FNDA:0,(anonymous_19)
FNDA:0,(anonymous_20)
FNDA:0,(anonymous_21)
FNDA:0,(anonymous_22)
FNDA:0,(anonymous_23)
FNDA:0,(anonymous_24)
FNDA:0,(anonymous_25)
FNDA:0,(anonymous_26)
FNDA:0,(anonymous_27)
FNDA:0,(anonymous_28)
FNDA:0,(anonymous_29)
FNDA:0,(anonymous_30)
FNDA:0,(anonymous_31)
FNDA:0,(anonymous_32)
FNDA:0,(anonymous_33)
FNDA:1,(anonymous_34)
FNDA:0,(anonymous_35)
FNDA:0,(anonymous_36)
DA:1,1
DA:3,1
DA:8,1
DA:9,1
DA:20,0
DA:24,0
DA:25,0
DA:34,0
DA:35,0
DA:36,0
DA:37,0
DA:38,0
DA:41,0
DA:42,0
DA:43,0
DA:44,0
DA:45,0
DA:46,0
DA:47,0
DA:48,0
DA:49,0
DA:50,0
DA:51,0
DA:52,0
DA:53,0
DA:54,0
DA:55,0
DA:56,0
DA:57,0
DA:58,0
DA:59,0
DA:60,0
DA:61,0
DA:62,0
DA:63,0
DA:64,0
DA:65,0
DA:66,0
DA:67,0
DA:71,0
DA:80,0
DA:81,0
DA:82,0
DA:83,0
DA:84,0
DA:87,0
DA:88,0
DA:89,0
DA:90,0
DA:91,0
DA:92,0
DA:93,0
DA:94,0
DA:95,0
DA:96,0
DA:97,0
DA:98,0
DA:99,0
DA:100,0
DA:101,0
DA:102,0
DA:103,0
DA:104,0
DA:105,0
DA:106,0
DA:107,0
DA:108,0
DA:109,0
DA:110,0
DA:111,0
DA:112,0
DA:113,0
DA:117,0
DA:126,0
DA:127,0
DA:128,0
DA:129,0
DA:130,0
DA:133,0
DA:134,0
DA:135,0
DA:136,0
DA:137,0
DA:138,0
DA:139,0
DA:140,0
DA:141,0
DA:142,0
DA:143,0
DA:144,0
DA:145,0
DA:146,0
DA:147,0
DA:148,0
DA:149,0
DA:150,0
DA:151,0
DA:152,0
DA:153,0
DA:154,0
DA:155,0
DA:156,0
DA:157,0
DA:158,0
DA:160,0
DA:161,0
DA:193,0
DA:194,0
DA:195,0
DA:196,0
DA:197,0
DA:198,0
DA:199,0
DA:200,0
DA:201,0
DA:202,0
DA:203,0
DA:204,0
DA:205,0
DA:206,0
DA:207,0
DA:208,0
DA:209,0
DA:210,0
DA:211,0
DA:212,0
DA:213,0
DA:214,0
DA:215,0
DA:216,0
DA:217,0
DA:220,0
DA:221,0
DA:224,0
DA:225,0
DA:226,0
DA:227,0
DA:230,0
DA:231,0
DA:234,0
DA:235,0
DA:236,0
DA:237,0
DA:240,0
DA:241,0
DA:244,0
DA:245,0
DA:246,0
DA:247,0
DA:250,0
DA:251,0
DA:254,0
DA:255,0
DA:256,0
DA:257,0
DA:260,0
DA:261,0
DA:265,0
DA:266,0
DA:267,0
DA:268,0
DA:271,0
DA:272,0
DA:275,0
DA:278,0
DA:283,0
DA:284,0
DA:285,0
DA:289,0
DA:290,0
DA:300,0
DA:301,0
DA:302,0
DA:303,0
DA:304,0
DA:305,0
DA:306,0
DA:307,0
DA:309,0
DA:310,0
DA:311,0
DA:312,0
DA:313,0
DA:314,0
DA:317,0
DA:318,0
DA:319,0
DA:320,0
DA:321,0
DA:322,0
DA:325,0
DA:326,0
DA:327,0
DA:328,0
DA:329,0
DA:330,0
DA:333,0
DA:334,0
DA:335,0
DA:336,0
DA:337,0
DA:338,0
DA:340,0
DA:341,0
DA:342,0
DA:343,0
DA:344,0
DA:345,0
DA:348,0
DA:354,0
DA:355,0
DA:359,0
DA:360,0
DA:361,0
DA:362,0
DA:363,0
DA:364,0
DA:365,0
DA:366,0
DA:369,0
DA:372,0
DA:373,0
DA:374,0
DA:375,0
DA:376,0
DA:377,0
DA:378,0
DA:379,0
DA:380,0
DA:381,0
DA:382,0
DA:383,0
DA:384,0
DA:385,0
DA:386,0
DA:387,0
DA:388,0
DA:389,0
DA:390,0
DA:391,0
DA:392,0
DA:393,0
DA:394,0
DA:397,0
DA:398,0
DA:401,0
DA:402,0
DA:403,0
DA:404,0
DA:407,0
DA:408,0
DA:411,0
DA:412,0
DA:413,0
DA:414,0
DA:417,0
DA:418,0
DA:421,0
DA:422,0
DA:423,0
DA:424,0
DA:427,0
DA:428,0
DA:431,0
DA:432,0
DA:433,0
DA:434,0
DA:437,0
DA:438,0
DA:442,0
DA:443,0
DA:444,0
DA:445,0
DA:448,0
DA:449,0
DA:452,0
DA:455,0
DA:460,0
DA:461,0
DA:467,0
DA:468,0
DA:469,0
DA:471,0
DA:472,0
DA:474,0
DA:475,0
DA:482,0
DA:483,0
DA:484,0
DA:485,0
DA:486,0
DA:487,0
DA:489,0
DA:490,0
DA:491,0
DA:494,0
DA:495,0
DA:496,0
DA:499,0
DA:500,0
DA:501,0
DA:505,0
DA:514,0
DA:515,0
DA:516,0
DA:517,0
DA:518,0
DA:519,0
DA:520,0
DA:521,0
DA:525,0
DA:526,0
DA:527,0
DA:528,0
DA:534,0
DA:535,0
DA:536,0
DA:537,0
DA:542,0
DA:543,0
DA:544,0
DA:545,0
DA:552,0
DA:553,0
DA:555,0
DA:557,0
DA:558,0
DA:559,0
DA:560,0
DA:561,0
DA:562,0
DA:565,0
DA:574,0
DA:577,0
DA:578,0
DA:585,1
DA:603,0
DA:625,0
LF:338
LH:5
BRDA:34,0,0,0
BRDA:34,0,1,0
BRDA:37,1,0,0
BRDA:37,1,1,0
BRDA:41,2,0,0
BRDA:41,2,1,0
BRDA:80,3,0,0
BRDA:80,3,1,0
BRDA:83,4,0,0
BRDA:83,4,1,0
BRDA:87,5,0,0
BRDA:87,5,1,0
BRDA:126,6,0,0
BRDA:126,6,1,0
BRDA:129,7,0,0
BRDA:129,7,1,0
BRDA:214,8,0,0
BRDA:214,8,1,0
BRDA:224,9,0,0
BRDA:224,9,1,0
BRDA:234,10,0,0
BRDA:234,10,1,0
BRDA:244,11,0,0
BRDA:244,11,1,0
BRDA:254,12,0,0
BRDA:254,12,1,0
BRDA:265,13,0,0
BRDA:265,13,1,0
BRDA:283,14,0,0
BRDA:283,14,1,0
BRDA:302,15,0,0
BRDA:302,15,1,0
BRDA:309,16,0,0
BRDA:309,16,1,0
BRDA:317,17,0,0
BRDA:317,17,1,0
BRDA:325,18,0,0
BRDA:325,18,1,0
BRDA:333,19,0,0
BRDA:333,19,1,0
BRDA:340,20,0,0
BRDA:340,20,1,0
BRDA:365,21,0,0
BRDA:365,21,1,0
BRDA:391,22,0,0
BRDA:391,22,1,0
BRDA:401,23,0,0
BRDA:401,23,1,0
BRDA:411,24,0,0
BRDA:411,24,1,0
BRDA:421,25,0,0
BRDA:421,25,1,0
BRDA:431,26,0,0
BRDA:431,26,1,0
BRDA:442,27,0,0
BRDA:442,27,1,0
BRDA:468,28,0,0
BRDA:468,28,1,0
BRDA:471,29,0,0
BRDA:471,29,1,0
BRDA:486,30,0,0
BRDA:486,30,1,0
BRDA:489,31,0,0
BRDA:489,31,1,0
BRDA:494,32,0,0
BRDA:494,32,1,0
BRDA:499,33,0,0
BRDA:499,33,1,0
BRDA:514,34,0,0
BRDA:514,34,1,0
BRDA:516,35,0,0
BRDA:516,35,1,0
BRDA:553,36,0,0
BRDA:553,36,1,0
BRDA:557,37,0,0
BRDA:557,37,1,0
BRDA:588,38,0,1
BRDA:588,38,1,0
BRDA:610,39,0,0
BRDA:610,39,1,1
BRDA:630,40,0,0
BRDA:630,40,1,0
BRDA:639,41,0,0
BRDA:639,41,1,0
BRDA:647,42,0,0
BRDA:647,42,1,0
BRDA:654,43,0,0
BRDA:654,43,1,0
BRF:88
BRH:2
end_of_record
TN:
SF:C:\Users\koushik.a.pal\test-projects\EC-Admin-Acc\web-ui\webui-assets\Maintain/Maintainagentview.js
FN:149,(anonymous_0)
FN:158,(anonymous_1)
FN:168,(anonymous_2)
FN:170,(anonymous_3)
FN:220,(anonymous_4)
FN:222,(anonymous_5)
FN:287,(anonymous_6)
FN:289,(anonymous_7)
FN:369,(anonymous_8)
FN:373,(anonymous_9)
FN:449,(anonymous_10)
FN:454,(anonymous_11)
FN:508,(anonymous_12)
FN:509,(anonymous_13)
FN:510,(anonymous_14)
FN:605,(anonymous_15)
FN:622,(anonymous_16)
FN:643,(anonymous_17)
FNF:18
FNH:2
FNDA:1,(anonymous_0)
FNDA:0,(anonymous_1)
FNDA:0,(anonymous_2)
FNDA:0,(anonymous_3)
FNDA:0,(anonymous_4)
FNDA:0,(anonymous_5)
FNDA:0,(anonymous_6)
FNDA:0,(anonymous_7)
FNDA:0,(anonymous_8)
FNDA:0,(anonymous_9)
FNDA:0,(anonymous_10)
FNDA:0,(anonymous_11)
FNDA:0,(anonymous_12)
FNDA:0,(anonymous_13)
FNDA:0,(anonymous_14)
FNDA:2,(anonymous_15)
FNDA:0,(anonymous_16)
FNDA:0,(anonymous_17)
DA:1,1
DA:2,1
DA:150,1
DA:151,1
DA:159,0
DA:160,0
DA:169,0
DA:170,0
DA:192,0
DA:193,0
DA:194,0
DA:197,0
DA:198,0
DA:199,0
DA:200,0
DA:201,0
DA:202,0
DA:203,0
DA:204,0
DA:205,0
DA:206,0
DA:207,0
DA:208,0
DA:212,0
DA:221,0
DA:222,0
DA:259,0
DA:260,0
DA:261,0
DA:264,0
DA:265,0
DA:266,0
DA:267,0
DA:268,0
DA:269,0
DA:270,0
DA:271,0
DA:272,0
DA:273,0
DA:274,0
DA:275,0
DA:279,0
DA:288,0
DA:289,0
DA:322,0
DA:323,0
DA:324,0
DA:327,0
DA:328,0
DA:329,0
DA:330,0
DA:331,0
DA:332,0
DA:333,0
DA:334,0
DA:335,0
DA:336,0
DA:337,0
DA:339,0
DA:340,0
DA:374,0
DA:375,0
DA:376,0
DA:377,0
DA:378,0
DA:379,0
DA:380,0
DA:381,0
DA:382,0
DA:383,0
DA:386,0
DA:387,0
DA:390,0
DA:391,0
DA:392,0
DA:393,0
DA:396,0
DA:397,0
DA:400,0
DA:401,0
DA:402,0
DA:403,0
DA:406,0
DA:407,0
DA:410,0
DA:411,0
DA:412,0
DA:413,0
DA:416,0
DA:417,0
DA:420,0
DA:421,0
DA:422,0
DA:423,0
DA:426,0
DA:427,0
DA:431,0
DA:432,0
DA:433,0
DA:434,0
DA:437,0
DA:438,0
DA:441,0
DA:444,0
DA:449,0
DA:450,0
DA:455,0
DA:456,0
DA:457,0
DA:458,0
DA:459,0
DA:460,0
DA:461,0
DA:462,0
DA:464,0
DA:465,0
DA:466,0
DA:467,0
DA:468,0
DA:469,0
DA:472,0
DA:473,0
DA:474,0
DA:475,0
DA:476,0
DA:477,0
DA:480,0
DA:481,0
DA:482,0
DA:483,0
DA:484,0
DA:485,0
DA:488,0
DA:489,0
DA:490,0
DA:491,0
DA:492,0
DA:493,0
DA:495,0
DA:496,0
DA:497,0
DA:498,0
DA:499,0
DA:500,0
DA:503,0
DA:509,0
DA:510,0
DA:607,2
DA:622,0
DA:644,0
LF:150
LH:5
BRDA:169,0,0,0
BRDA:169,0,1,0
BRDA:193,1,0,0
BRDA:193,1,1,0
BRDA:197,2,0,0
BRDA:197,2,1,0
BRDA:221,3,0,0
BRDA:221,3,1,0
BRDA:260,4,0,0
BRDA:260,4,1,0
BRDA:264,5,0,0
BRDA:264,5,1,0
BRDA:288,6,0,0
BRDA:288,6,1,0
BRDA:323,7,0,0
BRDA:323,7,1,0
BRDA:380,8,0,0
BRDA:380,8,1,0
BRDA:390,9,0,0
BRDA:390,9,1,0
BRDA:400,10,0,0
BRDA:400,10,1,0
BRDA:410,11,0,0
BRDA:410,11,1,0
BRDA:420,12,0,0
BRDA:420,12,1,0
BRDA:431,13,0,0
BRDA:431,13,1,0
BRDA:457,14,0,0
BRDA:457,14,1,0
BRDA:464,15,0,0
BRDA:464,15,1,0
BRDA:472,16,0,0
BRDA:472,16,1,0
BRDA:480,17,0,0
BRDA:480,17,1,0
BRDA:488,18,0,0
BRDA:488,18,1,0
BRDA:495,19,0,0
BRDA:495,19,1,0
BRDA:629,20,0,0
BRDA:629,20,1,2
BRDA:649,21,0,0
BRDA:649,21,1,0
BRDA:658,22,0,0
BRDA:658,22,1,0
BRDA:666,23,0,0
BRDA:666,23,1,0
BRDA:673,24,0,0
BRDA:673,24,1,0
BRDA:680,25,0,0
BRDA:680,25,1,0
BRDA:687,26,0,0
BRDA:687,26,1,0
BRF:54
BRH:1
end_of_record
TN:
SF:C:\Users\koushik.a.pal\test-projects\EC-Admin-Acc\web-ui\webui-assets\Maintain/Maintainwatchercreate.js
FN:4,(anonymous_0)
FNF:1
FNH:0
FNDA:0,(anonymous_0)
DA:1,1
DA:6,0
LF:2
LH:1
BRF:0
BRH:0
end_of_record
TN:
SF:C:\Users\koushik.a.pal\test-projects\EC-Admin-Acc\web-ui\webui-assets\Maintain/Maintainwatcherupgrade.js
FN:4,(anonymous_0)
FNF:1
FNH:0
FNDA:0,(anonymous_0)
DA:1,1
DA:6,0
LF:2
LH:1
BRF:0
BRH:0
end_of_record
TN:
SF:C:\Users\koushik.a.pal\test-projects\EC-Admin-Acc\web-ui\webui-assets\Maintain/Maintainwatcherview.js
FN:4,(anonymous_0)
FNF:1
FNH:0
FNDA:0,(anonymous_0)
DA:1,1
DA:6,0
LF:2
LH:1
BRF:0
BRH:0
end_of_record
TN:
SF:C:\Users\koushik.a.pal\test-projects\EC-Admin-Acc\web-ui\webui-assets\Maintain/Subscriptioncreate.js
FN:4,(anonymous_0)
FN:58,(anonymous_1)
FN:62,(anonymous_2)
FN:178,(anonymous_3)
FN:306,(anonymous_4)
FN:346,(anonymous_5)
FN:348,(anonymous_6)
FN:351,(anonymous_7)
FN:390,(anonymous_8)
FN:398,(anonymous_9)
FN:403,(anonymous_10)
FN:406,(anonymous_11)
FN:412,(anonymous_12)
FN:440,(anonymous_13)
FN:458,(anonymous_14)
FN:476,(anonymous_15)
FN:494,(anonymous_16)
FN:515,(anonymous_17)
FN:532,(anonymous_18)
FN:550,(anonymous_19)
FN:568,(anonymous_20)
FN:589,(anonymous_21)
FN:607,(anonymous_22)
FN:625,(anonymous_23)
FN:638,(anonymous_24)
FN:640,(anonymous_25)
FN:666,(anonymous_26)
FN:684,(anonymous_27)
FN:703,(anonymous_28)
FN:716,(anonymous_29)
FN:718,(anonymous_30)
FN:744,(anonymous_31)
FN:757,(anonymous_32)
FN:759,(anonymous_33)
FN:778,(anonymous_34)
FN:780,(anonymous_35)
FN:804,(anonymous_36)
FN:824,(anonymous_37)
FN:842,(anonymous_38)
FN:860,(anonymous_39)
FN:878,(anonymous_40)
FN:898,(anonymous_41)
FN:916,(anonymous_42)
FNF:43
FNH:6
FNDA:2,(anonymous_0)
FNDA:0,(anonymous_1)
FNDA:0,(anonymous_2)
FNDA:0,(anonymous_3)
FNDA:0,(anonymous_4)
FNDA:0,(anonymous_5)
FNDA:0,(anonymous_6)
FNDA:0,(anonymous_7)
FNDA:0,(anonymous_8)
FNDA:0,(anonymous_9)
FNDA:0,(anonymous_10)
FNDA:0,(anonymous_11)
FNDA:4,(anonymous_12)
FNDA:0,(anonymous_13)
FNDA:0,(anonymous_14)
FNDA:0,(anonymous_15)
FNDA:0,(anonymous_16)
FNDA:0,(anonymous_17)
FNDA:0,(anonymous_18)
FNDA:0,(anonymous_19)
FNDA:0,(anonymous_20)
FNDA:0,(anonymous_21)
FNDA:0,(anonymous_22)
FNDA:0,(anonymous_23)
FNDA:0,(anonymous_24)
FNDA:8,(anonymous_25)
FNDA:0,(anonymous_26)
FNDA:0,(anonymous_27)
FNDA:0,(anonymous_28)
FNDA:0,(anonymous_29)
FNDA:16,(anonymous_30)
FNDA:0,(anonymous_31)
FNDA:0,(anonymous_32)
FNDA:8,(anonymous_33)
FNDA:0,(anonymous_34)
FNDA:8,(anonymous_35)
FNDA:0,(anonymous_36)
FNDA:0,(anonymous_37)
FNDA:0,(anonymous_38)
FNDA:0,(anonymous_39)
FNDA:0,(anonymous_40)
FNDA:0,(anonymous_41)
FNDA:0,(anonymous_42)
DA:1,1
DA:5,2
DA:6,2
DA:59,0
DA:63,0
DA:64,0
DA:65,0
DA:67,0
DA:68,0
DA:69,0
DA:71,0
DA:72,0
DA:73,0
DA:75,0
DA:76,0
DA:77,0
DA:79,0
DA:80,0
DA:81,0
DA:83,0
DA:84,0
DA:85,0
DA:87,0
DA:88,0
DA:89,0
DA:91,0
DA:92,0
DA:93,0
DA:95,0
DA:96,0
DA:97,0
DA:99,0
DA:100,0
DA:101,0
DA:103,0
DA:104,0
DA:105,0
DA:107,0
DA:108,0
DA:109,0
DA:111,0
DA:112,0
DA:113,0
DA:115,0
DA:116,0
DA:117,0
DA:119,0
DA:120,0
DA:121,0
DA:123,0
DA:124,0
DA:125,0
DA:127,0
DA:128,0
DA:129,0
DA:131,0
DA:132,0
DA:133,0
DA:135,0
DA:136,0
DA:137,0
DA:139,0
DA:140,0
DA:141,0
DA:143,0
DA:144,0
DA:145,0
DA:147,0
DA:148,0
DA:149,0
DA:151,0
DA:152,0
DA:153,0
DA:155,0
DA:156,0
DA:157,0
DA:159,0
DA:160,0
DA:161,0
DA:163,0
DA:164,0
DA:165,0
DA:167,0
DA:168,0
DA:169,0
DA:172,0
DA:175,0
DA:179,0
DA:180,0
DA:181,0
DA:182,0
DA:183,0
DA:184,0
DA:185,0
DA:186,0
DA:187,0
DA:188,0
DA:189,0
DA:190,0
DA:191,0
DA:192,0
DA:193,0
DA:194,0
DA:195,0
DA:196,0
DA:197,0
DA:198,0
DA:199,0
DA:200,0
DA:201,0
DA:202,0
DA:203,0
DA:204,0
DA:205,0
DA:206,0
DA:207,0
DA:208,0
DA:210,0
DA:211,0
DA:212,0
DA:213,0
DA:216,0
DA:217,0
DA:218,0
DA:219,0
DA:222,0
DA:223,0
DA:224,0
DA:225,0
DA:228,0
DA:229,0
DA:230,0
DA:231,0
DA:233,0
DA:234,0
DA:235,0
DA:237,0
DA:240,0
DA:241,0
DA:242,0
DA:243,0
DA:246,0
DA:247,0
DA:248,0
DA:249,0
DA:252,0
DA:253,0
DA:254,0
DA:255,0
DA:257,0
DA:258,0
DA:259,0
DA:261,0
DA:264,0
DA:265,0
DA:266,0
DA:267,0
DA:270,0
DA:271,0
DA:272,0
DA:273,0
DA:276,0
DA:277,0
DA:278,0
DA:279,0
DA:282,0
DA:283,0
DA:284,0
DA:285,0
DA:288,0
DA:289,0
DA:290,0
DA:291,0
DA:294,0
DA:295,0
DA:296,0
DA:297,0
DA:300,0
DA:307,0
DA:308,0
DA:310,0
DA:311,0
DA:312,0
DA:313,0
DA:314,0
DA:315,0
DA:316,0
DA:317,0
DA:318,0
DA:319,0
DA:320,0
DA:321,0
DA:322,0
DA:323,0
DA:324,0
DA:325,0
DA:326,0
DA:327,0
DA:328,0
DA:329,0
DA:330,0
DA:331,0
DA:332,0
DA:333,0
DA:334,0
DA:335,0
DA:337,0
DA:347,0
DA:348,0
DA:349,0
DA:350,0
DA:351,0
DA:352,0
DA:353,0
DA:382,0
DA:389,0
DA:390,0
DA:391,0
DA:397,0
DA:398,0
DA:399,0
DA:404,0
DA:405,0
DA:406,0
DA:407,0
DA:414,4
DA:440,0
DA:458,0
DA:476,0
DA:494,0
DA:515,0
DA:532,0
DA:550,0
DA:568,0
DA:589,0
DA:607,0
DA:625,0
DA:638,0
DA:641,8
DA:666,0
DA:684,0
DA:703,0
DA:716,0
DA:719,16
DA:744,0
DA:757,0
DA:760,8
DA:778,0
DA:781,8
DA:804,0
DA:824,0
DA:842,0
DA:860,0
DA:878,0
DA:898,0
DA:916,0
LF:256
LH:8
BRDA:64,0,0,0
BRDA:64,0,1,0
BRDA:67,1,0,0
BRDA:67,1,1,0
BRDA:71,2,0,0
BRDA:71,2,1,0
BRDA:75,3,0,0
BRDA:75,3,1,0
BRDA:79,4,0,0
BRDA:79,4,1,0
BRDA:83,5,0,0
BRDA:83,5,1,0
BRDA:87,6,0,0
BRDA:87,6,1,0
BRDA:91,7,0,0
BRDA:91,7,1,0
BRDA:95,8,0,0
BRDA:95,8,1,0
BRDA:99,9,0,0
BRDA:99,9,1,0
BRDA:103,10,0,0
BRDA:103,10,1,0
BRDA:107,11,0,0
BRDA:107,11,1,0
BRDA:111,12,0,0
BRDA:111,12,1,0
BRDA:115,13,0,0
BRDA:115,13,1,0
BRDA:119,14,0,0
BRDA:119,14,1,0
BRDA:123,15,0,0
BRDA:123,15,1,0
BRDA:127,16,0,0
BRDA:127,16,1,0
BRDA:131,17,0,0
BRDA:131,17,1,0
BRDA:135,18,0,0
BRDA:135,18,1,0
BRDA:139,19,0,0
BRDA:139,19,1,0
BRDA:143,20,0,0
BRDA:143,20,1,0
BRDA:147,21,0,0
BRDA:147,21,1,0
BRDA:151,22,0,0
BRDA:151,22,1,0
BRDA:155,23,0,0
BRDA:155,23,1,0
BRDA:159,24,0,0
BRDA:159,24,1,0
BRDA:163,25,0,0
BRDA:163,25,1,0
BRDA:167,26,0,0
BRDA:167,26,1,0
BRDA:210,27,0,0
BRDA:210,27,1,0
BRDA:211,28,0,0
BRDA:211,28,1,0
BRDA:216,29,0,0
BRDA:216,29,1,0
BRDA:217,30,0,0
BRDA:217,30,1,0
BRDA:222,31,0,0
BRDA:222,31,1,0
BRDA:223,32,0,0
BRDA:223,32,1,0
BRDA:228,33,0,0
BRDA:228,33,1,0
BRDA:229,34,0,0
BRDA:229,34,1,0
BRDA:233,35,0,0
BRDA:233,35,1,0
BRDA:234,36,0,0
BRDA:234,36,1,0
BRDA:240,37,0,0
BRDA:240,37,1,0
BRDA:241,38,0,0
BRDA:241,38,1,0
BRDA:246,39,0,0
BRDA:246,39,1,0
BRDA:247,40,0,0
BRDA:247,40,1,0
BRDA:252,41,0,0
BRDA:252,41,1,0
BRDA:253,42,0,0
BRDA:253,42,1,0
BRDA:257,43,0,0
BRDA:257,43,1,0
BRDA:258,44,0,0
BRDA:258,44,1,0
BRDA:264,45,0,0
BRDA:264,45,1,0
BRDA:265,46,0,0
BRDA:265,46,1,0
BRDA:270,47,0,0
BRDA:270,47,1,0
BRDA:271,48,0,0
BRDA:271,48,1,0
BRDA:276,49,0,0
BRDA:276,49,1,0
BRDA:277,50,0,0
BRDA:277,50,1,0
BRDA:282,51,0,0
BRDA:282,51,1,0
BRDA:283,52,0,0
BRDA:283,52,1,0
BRDA:288,53,0,0
BRDA:288,53,1,0
BRDA:289,54,0,0
BRDA:289,54,1,0
BRDA:294,55,0,0
BRDA:294,55,1,0
BRDA:295,56,0,0
BRDA:295,56,1,0
BRDA:347,57,0,0
BRDA:347,57,1,0
BRDA:349,58,0,0
BRDA:349,58,1,0
BRF:118
BRH:0
end_of_record
TN:
SF:C:\Users\koushik.a.pal\test-projects\EC-Admin-Acc\web-ui\webui-assets\Maintain/Subscriptionedit.js
FN:5,(anonymous_0)
FN:60,(anonymous_1)
FN:98,(anonymous_2)
FN:103,(anonymous_3)
FN:144,(anonymous_4)
FN:146,(anonymous_5)
FN:150,(anonymous_6)
FN:156,(anonymous_7)
FN:164,(anonymous_8)
FN:169,(anonymous_9)
FN:172,(anonymous_10)
FN:178,(anonymous_11)
FN:306,(anonymous_12)
FN:422,(anonymous_13)
FN:450,(anonymous_14)
FN:468,(anonymous_15)
FN:487,(anonymous_16)
FN:505,(anonymous_17)
FN:526,(anonymous_18)
FN:543,(anonymous_19)
FN:561,(anonymous_20)
FN:579,(anonymous_21)
FN:600,(anonymous_22)
FN:618,(anonymous_23)
FN:636,(anonymous_24)
FN:649,(anonymous_25)
FN:651,(anonymous_26)
FN:677,(anonymous_27)
FN:695,(anonymous_28)
FN:714,(anonymous_29)
FN:727,(anonymous_30)
FN:729,(anonymous_31)
FN:755,(anonymous_32)
FN:768,(anonymous_33)
FN:770,(anonymous_34)
FN:789,(anonymous_35)
FN:791,(anonymous_36)
FN:815,(anonymous_37)
FN:835,(anonymous_38)
FN:853,(anonymous_39)
FN:871,(anonymous_40)
FN:889,(anonymous_41)
FN:909,(anonymous_42)
FN:927,(anonymous_43)
FNF:44
FNH:6
FNDA:2,(anonymous_0)
FNDA:0,(anonymous_1)
FNDA:0,(anonymous_2)
FNDA:0,(anonymous_3)
FNDA:0,(anonymous_4)
FNDA:0,(anonymous_5)
FNDA:0,(anonymous_6)
FNDA:0,(anonymous_7)
FNDA:0,(anonymous_8)
FNDA:0,(anonymous_9)
FNDA:0,(anonymous_10)
FNDA:0,(anonymous_11)
FNDA:0,(anonymous_12)
FNDA:4,(anonymous_13)
FNDA:0,(anonymous_14)
FNDA:0,(anonymous_15)
FNDA:0,(anonymous_16)
FNDA:0,(anonymous_17)
FNDA:0,(anonymous_18)
FNDA:0,(anonymous_19)
FNDA:0,(anonymous_20)
FNDA:0,(anonymous_21)
FNDA:0,(anonymous_22)
FNDA:0,(anonymous_23)
FNDA:0,(anonymous_24)
FNDA:0,(anonymous_25)
FNDA:8,(anonymous_26)
FNDA:0,(anonymous_27)
FNDA:0,(anonymous_28)
FNDA:0,(anonymous_29)
FNDA:0,(anonymous_30)
FNDA:16,(anonymous_31)
FNDA:0,(anonymous_32)
FNDA:0,(anonymous_33)
FNDA:8,(anonymous_34)
FNDA:0,(anonymous_35)
FNDA:8,(anonymous_36)
FNDA:0,(anonymous_37)
FNDA:0,(anonymous_38)
FNDA:0,(anonymous_39)
FNDA:0,(anonymous_40)
FNDA:0,(anonymous_41)
FNDA:0,(anonymous_42)
FNDA:0,(anonymous_43)
DA:1,1
DA:6,2
DA:7,2
DA:61,0
DA:62,0
DA:92,0
DA:95,0
DA:97,0
DA:98,0
DA:99,0
DA:104,0
DA:105,0
DA:107,0
DA:108,0
DA:109,0
DA:110,0
DA:111,0
DA:112,0
DA:113,0
DA:114,0
DA:115,0
DA:116,0
DA:117,0
DA:118,0
DA:119,0
DA:120,0
DA:121,0
DA:122,0
DA:123,0
DA:124,0
DA:125,0
DA:126,0
DA:127,0
DA:128,0
DA:129,0
DA:130,0
DA:131,0
DA:132,0
DA:133,0
DA:135,0
DA:145,0
DA:146,0
DA:147,0
DA:148,0
DA:149,0
DA:150,0
DA:151,0
DA:155,0
DA:156,0
DA:157,0
DA:163,0
DA:164,0
DA:165,0
DA:170,0
DA:171,0
DA:172,0
DA:173,0
DA:179,0
DA:180,0
DA:181,0
DA:182,0
DA:183,0
DA:184,0
DA:185,0
DA:186,0
DA:187,0
DA:188,0
DA:189,0
DA:190,0
DA:191,0
DA:192,0
DA:193,0
DA:194,0
DA:195,0
DA:196,0
DA:197,0
DA:198,0
DA:199,0
DA:200,0
DA:201,0
DA:202,0
DA:203,0
DA:204,0
DA:205,0
DA:206,0
DA:207,0
DA:208,0
DA:210,0
DA:211,0
DA:212,0
DA:213,0
DA:216,0
DA:217,0
DA:218,0
DA:219,0
DA:222,0
DA:223,0
DA:224,0
DA:225,0
DA:228,0
DA:229,0
DA:230,0
DA:231,0
DA:233,0
DA:234,0
DA:235,0
DA:237,0
DA:240,0
DA:241,0
DA:242,0
DA:243,0
DA:246,0
DA:247,0
DA:248,0
DA:249,0
DA:252,0
DA:253,0
DA:254,0
DA:255,0
DA:257,0
DA:258,0
DA:259,0
DA:261,0
DA:264,0
DA:265,0
DA:266,0
DA:267,0
DA:270,0
DA:271,0
DA:272,0
DA:273,0
DA:276,0
DA:277,0
DA:278,0
DA:279,0
DA:282,0
DA:283,0
DA:284,0
DA:285,0
DA:288,0
DA:289,0
DA:290,0
DA:291,0
DA:294,0
DA:295,0
DA:296,0
DA:297,0
DA:300,0
DA:307,0
DA:308,0
DA:309,0
DA:311,0
DA:312,0
DA:313,0
DA:315,0
DA:316,0
DA:317,0
DA:319,0
DA:320,0
DA:321,0
DA:323,0
DA:324,0
DA:325,0
DA:327,0
DA:328,0
DA:329,0
DA:331,0
DA:332,0
DA:333,0
DA:335,0
DA:336,0
DA:337,0
DA:339,0
DA:340,0
DA:341,0
DA:343,0
DA:344,0
DA:345,0
DA:347,0
DA:348,0
DA:349,0
DA:351,0
DA:352,0
DA:353,0
DA:355,0
DA:356,0
DA:357,0
DA:359,0
DA:360,0
DA:361,0
DA:363,0
DA:364,0
DA:365,0
DA:367,0
DA:368,0
DA:369,0
DA:371,0
DA:372,0
DA:373,0
DA:375,0
DA:376,0
DA:377,0
DA:379,0
DA:380,0
DA:381,0
DA:383,0
DA:384,0
DA:385,0
DA:387,0
DA:388,0
DA:389,0
DA:391,0
DA:392,0
DA:393,0
DA:395,0
DA:396,0
DA:397,0
DA:399,0
DA:400,0
DA:401,0
DA:403,0
DA:404,0
DA:405,0
DA:407,0
DA:408,0
DA:409,0
DA:411,0
DA:412,0
DA:413,0
DA:416,0
DA:419,0
DA:424,4
DA:450,0
DA:468,0
DA:487,0
DA:505,0
DA:526,0
DA:543,0
DA:561,0
DA:579,0
DA:600,0
DA:618,0
DA:636,0
DA:649,0
DA:652,8
DA:677,0
DA:695,0
DA:714,0
DA:727,0
DA:730,16
DA:755,0
DA:768,0
DA:771,8
DA:789,0
DA:792,8
DA:815,0
DA:835,0
DA:853,0
DA:871,0
DA:889,0
DA:909,0
DA:927,0
LF:262
LH:8
BRDA:145,0,0,0
BRDA:145,0,1,0
BRDA:147,1,0,0
BRDA:147,1,1,0
BRDA:210,2,0,0
BRDA:210,2,1,0
BRDA:211,3,0,0
BRDA:211,3,1,0
BRDA:216,4,0,0
BRDA:216,4,1,0
BRDA:217,5,0,0
BRDA:217,5,1,0
BRDA:222,6,0,0
BRDA:222,6,1,0
BRDA:223,7,0,0
BRDA:223,7,1,0
BRDA:228,8,0,0
BRDA:228,8,1,0
BRDA:229,9,0,0
BRDA:229,9,1,0
BRDA:233,10,0,0
BRDA:233,10,1,0
BRDA:234,11,0,0
BRDA:234,11,1,0
BRDA:240,12,0,0
BRDA:240,12,1,0
BRDA:241,13,0,0
BRDA:241,13,1,0
BRDA:246,14,0,0
BRDA:246,14,1,0
BRDA:247,15,0,0
BRDA:247,15,1,0
BRDA:252,16,0,0
BRDA:252,16,1,0
BRDA:253,17,0,0
BRDA:253,17,1,0
BRDA:257,18,0,0
BRDA:257,18,1,0
BRDA:258,19,0,0
BRDA:258,19,1,0
BRDA:264,20,0,0
BRDA:264,20,1,0
BRDA:265,21,0,0
BRDA:265,21,1,0
BRDA:270,22,0,0
BRDA:270,22,1,0
BRDA:271,23,0,0
BRDA:271,23,1,0
BRDA:276,24,0,0
BRDA:276,24,1,0
BRDA:277,25,0,0
BRDA:277,25,1,0
BRDA:282,26,0,0
BRDA:282,26,1,0
BRDA:283,27,0,0
BRDA:283,27,1,0
BRDA:288,28,0,0
BRDA:288,28,1,0
BRDA:289,29,0,0
BRDA:289,29,1,0
BRDA:294,30,0,0
BRDA:294,30,1,0
BRDA:295,31,0,0
BRDA:295,31,1,0
BRDA:308,32,0,0
BRDA:308,32,1,0
BRDA:311,33,0,0
BRDA:311,33,1,0
BRDA:315,34,0,0
BRDA:315,34,1,0
BRDA:319,35,0,0
BRDA:319,35,1,0
BRDA:323,36,0,0
BRDA:323,36,1,0
BRDA:327,37,0,0
BRDA:327,37,1,0
BRDA:331,38,0,0
BRDA:331,38,1,0
BRDA:335,39,0,0
BRDA:335,39,1,0
BRDA:339,40,0,0
BRDA:339,40,1,0
BRDA:343,41,0,0
BRDA:343,41,1,0
BRDA:347,42,0,0
BRDA:347,42,1,0
BRDA:351,43,0,0
BRDA:351,43,1,0
BRDA:355,44,0,0
BRDA:355,44,1,0
BRDA:359,45,0,0
BRDA:359,45,1,0
BRDA:363,46,0,0
BRDA:363,46,1,0
BRDA:367,47,0,0
BRDA:367,47,1,0
BRDA:371,48,0,0
BRDA:371,48,1,0
BRDA:375,49,0,0
BRDA:375,49,1,0
BRDA:379,50,0,0
BRDA:379,50,1,0
BRDA:383,51,0,0
BRDA:383,51,1,0
BRDA:387,52,0,0
BRDA:387,52,1,0
BRDA:391,53,0,0
BRDA:391,53,1,0
BRDA:395,54,0,0
BRDA:395,54,1,0
BRDA:399,55,0,0
BRDA:399,55,1,0
BRDA:403,56,0,0
BRDA:403,56,1,0
BRDA:407,57,0,0
BRDA:407,57,1,0
BRDA:411,58,0,0
BRDA:411,58,1,0
BRF:118
BRH:0
end_of_record
TN:
SF:C:\Users\koushik.a.pal\test-projects\EC-Admin-Acc\web-ui\webui-assets\Maintain/Subscriptionupgrade.js
FN:7,(anonymous_0)
FN:19,(anonymous_1)
FN:23,(anonymous_2)
FN:33,(anonymous_3)
FN:35,(anonymous_4)
FN:252,(anonymous_5)
FN:257,(anonymous_6)
FN:260,(anonymous_7)
FN:268,(anonymous_8)
FN:354,(anonymous_9)
FN:359,(anonymous_10)
FN:366,(anonymous_11)
FN:422,(anonymous_12)
FN:432,(anonymous_13)
FN:529,(anonymous_14)
FN:534,(anonymous_15)
FN:558,(anonymous_16)
FN:574,(anonymous_17)
FN:576,(anonymous_18)
FN:581,(anonymous_19)
FN:587,(anonymous_20)
FN:596,(anonymous_21)
FN:601,(anonymous_22)
FN:604,(anonymous_23)
FN:611,(anonymous_24)
FN:615,(anonymous_25)
FN:621,(anonymous_26)
FN:641,(anonymous_27)
FN:662,(anonymous_28)
FNF:29
FNH:2
FNDA:1,(anonymous_0)
FNDA:0,(anonymous_1)
FNDA:0,(anonymous_2)
FNDA:0,(anonymous_3)
FNDA:0,(anonymous_4)
FNDA:0,(anonymous_5)
FNDA:0,(anonymous_6)
FNDA:0,(anonymous_7)
FNDA:0,(anonymous_8)
FNDA:0,(anonymous_9)
FNDA:0,(anonymous_10)
FNDA:0,(anonymous_11)
FNDA:0,(anonymous_12)
FNDA:0,(anonymous_13)
FNDA:0,(anonymous_14)
FNDA:0,(anonymous_15)
FNDA:0,(anonymous_16)
FNDA:0,(anonymous_17)
FNDA:0,(anonymous_18)
FNDA:0,(anonymous_19)
FNDA:0,(anonymous_20)
FNDA:0,(anonymous_21)
FNDA:0,(anonymous_22)
FNDA:0,(anonymous_23)
FNDA:0,(anonymous_24)
FNDA:0,(anonymous_25)
FNDA:1,(anonymous_26)
FNDA:0,(anonymous_27)
FNDA:0,(anonymous_28)
DA:1,1
DA:3,1
DA:8,1
DA:9,1
DA:20,0
DA:24,0
DA:25,0
DA:34,0
DA:35,0
DA:36,0
DA:235,0
DA:236,0
DA:239,0
DA:240,0
DA:241,0
DA:243,0
DA:244,0
DA:251,0
DA:252,0
DA:253,0
DA:258,0
DA:259,0
DA:260,0
DA:261,0
DA:269,0
DA:270,0
DA:271,0
DA:272,0
DA:273,0
DA:274,0
DA:275,0
DA:276,0
DA:277,0
DA:278,0
DA:279,0
DA:280,0
DA:281,0
DA:282,0
DA:283,0
DA:284,0
DA:285,0
DA:286,0
DA:287,0
DA:288,0
DA:289,0
DA:290,0
DA:291,0
DA:292,0
DA:293,0
DA:294,0
DA:295,0
DA:296,0
DA:297,0
DA:298,0
DA:301,0
DA:302,0
DA:305,0
DA:306,0
DA:307,0
DA:308,0
DA:311,0
DA:312,0
DA:315,0
DA:316,0
DA:317,0
DA:318,0
DA:321,0
DA:322,0
DA:325,0
DA:326,0
DA:327,0
DA:328,0
DA:331,0
DA:332,0
DA:335,0
DA:336,0
DA:337,0
DA:338,0
DA:341,0
DA:342,0
DA:345,0
DA:348,0
DA:353,0
DA:354,0
DA:355,0
DA:359,0
DA:360,0
DA:367,0
DA:368,0
DA:369,0
DA:370,0
DA:371,0
DA:372,0
DA:373,0
DA:374,0
DA:376,0
DA:377,0
DA:378,0
DA:379,0
DA:380,0
DA:381,0
DA:384,0
DA:385,0
DA:386,0
DA:387,0
DA:388,0
DA:389,0
DA:392,0
DA:393,0
DA:394,0
DA:395,0
DA:396,0
DA:397,0
DA:400,0
DA:401,0
DA:402,0
DA:403,0
DA:404,0
DA:405,0
DA:408,0
DA:423,0
DA:424,0
DA:425,0
DA:426,0
DA:429,0
DA:433,0
DA:434,0
DA:435,0
DA:436,0
DA:437,0
DA:438,0
DA:439,0
DA:440,0
DA:444,0
DA:447,0
DA:448,0
DA:449,0
DA:450,0
DA:451,0
DA:452,0
DA:453,0
DA:454,0
DA:455,0
DA:456,0
DA:457,0
DA:458,0
DA:459,0
DA:460,0
DA:461,0
DA:462,0
DA:463,0
DA:464,0
DA:465,0
DA:466,0
DA:467,0
DA:468,0
DA:469,0
DA:470,0
DA:471,0
DA:472,0
DA:473,0
DA:474,0
DA:477,0
DA:478,0
DA:481,0
DA:482,0
DA:483,0
DA:484,0
DA:487,0
DA:488,0
DA:491,0
DA:492,0
DA:493,0
DA:494,0
DA:497,0
DA:498,0
DA:501,0
DA:502,0
DA:503,0
DA:504,0
DA:507,0
DA:508,0
DA:511,0
DA:512,0
DA:513,0
DA:514,0
DA:517,0
DA:518,0
DA:521,0
DA:524,0
DA:529,0
DA:530,0
DA:535,0
DA:536,0
DA:537,0
DA:539,0
DA:540,0
DA:542,0
DA:543,0
DA:545,0
DA:546,0
DA:548,0
DA:549,0
DA:551,0
DA:552,0
DA:559,0
DA:560,0
DA:561,0
DA:562,0
DA:563,0
DA:565,0
DA:566,0
DA:575,0
DA:576,0
DA:577,0
DA:578,0
DA:579,0
DA:580,0
DA:581,0
DA:582,0
DA:586,0
DA:587,0
DA:588,0
DA:594,0
DA:595,0
DA:596,0
DA:597,0
DA:602,0
DA:603,0
DA:604,0
DA:605,0
DA:612,0
DA:615,0
DA:616,0
DA:623,1
DA:641,0
DA:663,0
LF:237
LH:5
BRDA:34,0,0,0
BRDA:34,0,1,0
BRDA:235,1,0,0
BRDA:235,1,1,0
BRDA:239,2,0,0
BRDA:239,2,1,0
BRDA:295,3,0,0
BRDA:295,3,1,0
BRDA:305,4,0,0
BRDA:305,4,1,0
BRDA:315,5,0,0
BRDA:315,5,1,0
BRDA:325,6,0,0
BRDA:325,6,1,0
BRDA:335,7,0,0
BRDA:335,7,1,0
BRDA:353,8,0,0
BRDA:353,8,1,0
BRDA:369,9,0,0
BRDA:369,9,1,0
BRDA:376,10,0,0
BRDA:376,10,1,0
BRDA:384,11,0,0
BRDA:384,11,1,0
BRDA:392,12,0,0
BRDA:392,12,1,0
BRDA:400,13,0,0
BRDA:400,13,1,0
BRDA:425,14,0,0
BRDA:425,14,1,0
BRDA:425,15,0,0
BRDA:425,15,1,0
BRDA:425,15,2,0
BRDA:425,15,3,0
BRDA:425,15,4,0
BRDA:425,15,5,0
BRDA:439,16,0,0
BRDA:439,16,1,0
BRDA:471,17,0,0
BRDA:471,17,1,0
BRDA:481,18,0,0
BRDA:481,18,1,0
BRDA:491,19,0,0
BRDA:491,19,1,0
BRDA:501,20,0,0
BRDA:501,20,1,0
BRDA:511,21,0,0
BRDA:511,21,1,0
BRDA:536,22,0,0
BRDA:536,22,1,0
BRDA:539,23,0,0
BRDA:539,23,1,0
BRDA:542,24,0,0
BRDA:542,24,1,0
BRDA:545,25,0,0
BRDA:545,25,1,0
BRDA:548,26,0,0
BRDA:548,26,1,0
BRDA:560,27,0,0
BRDA:560,27,1,0
BRDA:562,28,0,0
BRDA:562,28,1,0
BRDA:575,29,0,0
BRDA:575,29,1,0
BRDA:577,30,0,0
BRDA:577,30,1,0
BRDA:626,31,0,1
BRDA:626,31,1,0
BRDA:648,32,0,0
BRDA:648,32,1,1
BRDA:668,33,0,0
BRDA:668,33,1,0
BRDA:675,34,0,0
BRDA:675,34,1,0
BRDA:682,35,0,0
BRDA:682,35,1,0
BRDA:689,36,0,0
BRDA:689,36,1,0
BRDA:699,37,0,0
BRDA:699,37,1,0
BRF:80
BRH:2
end_of_record
TN:
SF:C:\Users\koushik.a.pal\test-projects\EC-Admin-Acc\web-ui\webui-assets\Monitor/Alert.js
FN:4,(anonymous_0)
FNF:1
FNH:0
FNDA:0,(anonymous_0)
DA:1,1
DA:6,0
LF:2
LH:1
BRF:0
BRH:0
end_of_record
TN:
SF:C:\Users\koushik.a.pal\test-projects\EC-Admin-Acc\web-ui\webui-assets\Monitor/Healthstatus.js
FN:4,(anonymous_0)
FN:52,(anonymous_1)
FN:58,(anonymous_2)
FN:60,(anonymous_3)
FN:203,(anonymous_4)
FN:226,(anonymous_5)
FN:229,(anonymous_6)
FN:242,(anonymous_7)
FN:244,(anonymous_8)
FN:686,(anonymous_9)
FN:688,(anonymous_10)
FN:715,(anonymous_11)
FN:717,(anonymous_12)
FN:769,(anonymous_13)
FN:773,(anonymous_14)
FN:780,(anonymous_15)
FN:787,(anonymous_16)
FN:804,(anonymous_17)
FN:808,(anonymous_18)
FN:822,(anonymous_19)
FNF:20
FNH:0
FNDA:0,(anonymous_0)
FNDA:0,(anonymous_1)
FNDA:0,(anonymous_2)
FNDA:0,(anonymous_3)
FNDA:0,(anonymous_4)
FNDA:0,(anonymous_5)
FNDA:0,(anonymous_6)
FNDA:0,(anonymous_7)
FNDA:0,(anonymous_8)
FNDA:0,(anonymous_9)
FNDA:0,(anonymous_10)
FNDA:0,(anonymous_11)
FNDA:0,(anonymous_12)
FNDA:0,(anonymous_13)
FNDA:0,(anonymous_14)
FNDA:0,(anonymous_15)
FNDA:0,(anonymous_16)
FNDA:0,(anonymous_17)
FNDA:0,(anonymous_18)
FNDA:0,(anonymous_19)
DA:1,1
DA:5,0
DA:6,0
DA:55,0
DA:59,0
DA:60,0
DA:61,0
DA:71,0
DA:204,0
DA:206,0
DA:207,0
DA:208,0
DA:212,0
DA:213,0
DA:214,0
DA:218,0
DA:219,0
DA:220,0
DA:227,0
DA:228,0
DA:229,0
DA:230,0
DA:231,0
DA:232,0
DA:233,0
DA:234,0
DA:235,0
DA:238,0
DA:239,0
DA:240,0
DA:241,0
DA:243,0
DA:244,0
DA:245,0
DA:246,0
DA:247,0
DA:672,0
DA:673,0
DA:674,0
DA:675,0
DA:676,0
DA:677,0
DA:678,0
DA:680,0
DA:685,0
DA:687,0
DA:688,0
DA:689,0
DA:699,0
DA:700,0
DA:701,0
DA:702,0
DA:703,0
DA:704,0
DA:705,0
DA:706,0
DA:707,0
DA:709,0
DA:714,0
DA:716,0
DA:717,0
DA:718,0
DA:738,0
DA:739,0
DA:740,0
DA:741,0
DA:742,0
DA:743,0
DA:744,0
DA:745,0
DA:746,0
DA:747,0
DA:748,0
DA:749,0
DA:750,0
DA:751,0
DA:752,0
DA:753,0
DA:754,0
DA:755,0
DA:756,0
DA:758,0
DA:761,0
DA:762,0
DA:770,0
DA:771,0
DA:772,0
DA:773,0
DA:774,0
DA:781,0
DA:782,0
DA:789,0
DA:805,0
DA:809,0
DA:822,0
LF:95
LH:1
BRDA:59,0,0,0
BRDA:59,0,1,0
BRDA:206,1,0,0
BRDA:206,1,1,0
BRDA:212,2,0,0
BRDA:212,2,1,0
BRDA:218,3,0,0
BRDA:218,3,1,0
BRDA:232,4,0,0
BRDA:232,4,1,0
BRDA:243,5,0,0
BRDA:243,5,1,0
BRDA:672,6,0,0
BRDA:672,6,1,0
BRDA:687,7,0,0
BRDA:687,7,1,0
BRDA:699,8,0,0
BRDA:699,8,1,0
BRDA:716,9,0,0
BRDA:716,9,1,0
BRDA:738,10,0,0
BRDA:738,10,1,0
BRDA:820,11,0,0
BRDA:820,11,1,0
BRF:24
BRH:0
end_of_record
TN:
SF:C:\Users\koushik.a.pal\test-projects\EC-Admin-Acc\web-ui\webui-assets\Monitor/Monitor.js
FN:4,(anonymous_0)
FNF:1
FNH:0
FNDA:0,(anonymous_0)
DA:1,1
DA:6,0
LF:2
LH:1
BRF:0
BRH:0
end_of_record
TN:
SF:C:\Users\koushik.a.pal\test-projects\EC-Admin-Acc\web-ui\webui-assets\Monitor/Notification.js
FN:147,(anonymous_0)
FN:161,(anonymous_1)
FN:162,(anonymous_2)
FN:167,(anonymous_3)
FN:178,(anonymous_4)
FN:198,(anonymous_5)
FNF:6
FNH:0
FNDA:0,(anonymous_0)
FNDA:0,(anonymous_1)
FNDA:0,(anonymous_2)
FNDA:0,(anonymous_3)
FNDA:0,(anonymous_4)
FNDA:0,(anonymous_5)
DA:1,1
DA:3,1
DA:148,0
DA:149,0
DA:162,0
DA:163,0
DA:169,0
DA:178,0
DA:199,0
LF:9
LH:2
BRDA:172,0,0,0
BRDA:172,0,1,0
BRDA:206,1,0,0
BRDA:206,1,1,0
BRDA:218,2,0,0
BRDA:218,2,1,0
BRF:6
BRH:0
end_of_record
TN:
SF:C:\Users\koushik.a.pal\test-projects\EC-Admin-Acc\web-ui\webui-assets\Navbar/Navbar.js
FN:5,(anonymous_0)
FN:9,(anonymous_1)
FNF:2
FNH:0
FNDA:0,(anonymous_0)
FNDA:0,(anonymous_1)
DA:1,1
DA:2,1
DA:6,0
DA:11,0
LF:4
LH:2
BRDA:19,0,0,0
BRDA:19,0,1,0
BRDA:25,1,0,0
BRDA:25,1,1,0
BRDA:31,2,0,0
BRDA:31,2,1,0
BRDA:31,3,0,0
BRDA:31,3,1,0
BRDA:31,3,2,0
BRDA:31,3,3,0
BRDA:31,3,4,0
BRDA:31,3,5,0
BRDA:31,3,6,0
BRDA:31,3,7,0
BRDA:31,3,8,0
BRDA:84,4,0,0
BRDA:84,4,1,0
BRDA:84,5,0,0
BRDA:84,5,1,0
BRDA:84,5,2,0
BRDA:107,6,0,0
BRDA:107,6,1,0
BRDA:113,7,0,0
BRDA:113,7,1,0
BRDA:126,8,0,0
BRDA:126,8,1,0
BRF:26
BRH:0
end_of_record
TN:
SF:C:\Users\koushik.a.pal\test-projects\EC-Admin-Acc\web-ui\webui-assets\Report/Report.js
FN:4,(anonymous_0)
FNF:1
FNH:0
FNDA:0,(anonymous_0)
DA:1,1
DA:6,0
LF:2
LH:1
BRF:0
BRH:0
end_of_record
TN:
SF:C:\Users\koushik.a.pal\test-projects\EC-Admin-Acc\web-ui\webui-assets\Settings/Usermanagement.js
FN:6,(anonymous_0)
FN:36,(anonymous_1)
FN:37,(anonymous_2)
FN:38,(anonymous_3)
FN:47,(anonymous_4)
FN:60,(anonymous_5)
FN:62,(anonymous_6)
FN:99,(anonymous_7)
FN:101,(anonymous_8)
FN:127,(anonymous_9)
FN:220,(anonymous_10)
FN:232,(anonymous_11)
FN:236,(anonymous_12)
FN:260,(anonymous_13)
FN:265,(anonymous_14)
FN:321,(anonymous_15)
FN:323,(anonymous_16)
FN:325,(anonymous_17)
FN:339,(anonymous_18)
FN:340,(anonymous_19)
FN:341,(anonymous_20)
FN:354,(anonymous_21)
FN:355,(anonymous_22)
FN:356,(anonymous_23)
FN:368,(anonymous_24)
FN:369,(anonymous_25)
FN:370,(anonymous_26)
FN:383,(anonymous_27)
FN:384,(anonymous_28)
FN:385,(anonymous_29)
FN:396,(anonymous_30)
FN:397,(anonymous_31)
FN:398,(anonymous_32)
FN:408,(anonymous_33)
FN:443,(anonymous_34)
FN:456,(anonymous_35)
FN:469,(anonymous_36)
FN:485,(anonymous_37)
FN:498,(anonymous_38)
FN:507,(anonymous_39)
FNF:40
FNH:0
FNDA:0,(anonymous_0)
FNDA:0,(anonymous_1)
FNDA:0,(anonymous_2)
FNDA:0,(anonymous_3)
FNDA:0,(anonymous_4)
FNDA:0,(anonymous_5)
FNDA:0,(anonymous_6)
FNDA:0,(anonymous_7)
FNDA:0,(anonymous_8)
FNDA:0,(anonymous_9)
FNDA:0,(anonymous_10)
FNDA:0,(anonymous_11)
FNDA:0,(anonymous_12)
FNDA:0,(anonymous_13)
FNDA:0,(anonymous_14)
FNDA:0,(anonymous_15)
FNDA:0,(anonymous_16)
FNDA:0,(anonymous_17)
FNDA:0,(anonymous_18)
FNDA:0,(anonymous_19)
FNDA:0,(anonymous_20)
FNDA:0,(anonymous_21)
FNDA:0,(anonymous_22)
FNDA:0,(anonymous_23)
FNDA:0,(anonymous_24)
FNDA:0,(anonymous_25)
FNDA:0,(anonymous_26)
FNDA:0,(anonymous_27)
FNDA:0,(anonymous_28)
FNDA:0,(anonymous_29)
FNDA:0,(anonymous_30)
FNDA:0,(anonymous_31)
FNDA:0,(anonymous_32)
FNDA:0,(anonymous_33)
FNDA:0,(anonymous_34)
FNDA:0,(anonymous_35)
FNDA:0,(anonymous_36)
FNDA:0,(anonymous_37)
FNDA:0,(anonymous_38)
FNDA:0,(anonymous_39)
DA:1,1
DA:7,0
DA:8,0
DA:37,0
DA:38,0
DA:39,0
DA:40,0
DA:41,0
DA:42,0
DA:44,0
DA:47,0
DA:48,0
DA:49,0
DA:50,0
DA:52,0
DA:57,0
DA:61,0
DA:62,0
DA:63,0
DA:71,0
DA:72,0
DA:73,0
DA:74,0
DA:75,0
DA:76,0
DA:77,0
DA:78,0
DA:79,0
DA:80,0
DA:81,0
DA:82,0
DA:83,0
DA:84,0
DA:85,0
DA:86,0
DA:87,0
DA:88,0
DA:89,0
DA:90,0
DA:91,0
DA:96,0
DA:100,0
DA:101,0
DA:102,0
DA:110,0
DA:111,0
DA:112,0
DA:113,0
DA:114,0
DA:115,0
DA:116,0
DA:128,0
DA:129,0
DA:130,0
DA:131,0
DA:132,0
DA:133,0
DA:134,0
DA:135,0
DA:138,0
DA:142,0
DA:145,0
DA:146,0
DA:147,0
DA:148,0
DA:152,0
DA:156,0
DA:159,0
DA:160,0
DA:161,0
DA:162,0
DA:166,0
DA:171,0
DA:174,0
DA:175,0
DA:176,0
DA:177,0
DA:180,0
DA:184,0
DA:187,0
DA:188,0
DA:189,0
DA:190,0
DA:193,0
DA:197,0
DA:200,0
DA:201,0
DA:202,0
DA:203,0
DA:207,0
DA:212,0
DA:215,0
DA:218,0
DA:221,0
DA:222,0
DA:223,0
DA:226,0
DA:228,0
DA:233,0
DA:234,0
DA:237,0
DA:238,0
DA:239,0
DA:240,0
DA:241,0
DA:243,0
DA:244,0
DA:246,0
DA:247,0
DA:249,0
DA:250,0
DA:252,0
DA:253,0
DA:255,0
DA:258,0
DA:262,0
DA:267,0
DA:321,0
DA:323,0
DA:325,0
DA:339,0
DA:340,0
DA:341,0
DA:354,0
DA:355,0
DA:356,0
DA:368,0
DA:369,0
DA:370,0
DA:383,0
DA:384,0
DA:385,0
DA:396,0
DA:397,0
DA:398,0
DA:408,0
DA:443,0
DA:456,0
DA:469,0
DA:485,0
DA:498,0
DA:507,0
LF:142
LH:1
BRDA:41,0,0,0
BRDA:41,0,1,0
BRDA:49,1,0,0
BRDA:49,1,1,0
BRDA:61,2,0,0
BRDA:61,2,1,0
BRDA:100,3,0,0
BRDA:100,3,1,0
BRDA:132,4,0,0
BRDA:132,4,1,0
BRDA:134,5,0,0
BRDA:134,5,1,0
BRDA:145,6,0,0
BRDA:145,6,1,0
BRDA:147,7,0,0
BRDA:147,7,1,0
BRDA:159,8,0,0
BRDA:159,8,1,0
BRDA:161,9,0,0
BRDA:161,9,1,0
BRDA:174,10,0,0
BRDA:174,10,1,0
BRDA:176,11,0,0
BRDA:176,11,1,0
BRDA:187,12,0,0
BRDA:187,12,1,0
BRDA:189,13,0,0
BRDA:189,13,1,0
BRDA:200,14,0,0
BRDA:200,14,1,0
BRDA:202,15,0,0
BRDA:202,15,1,0
BRDA:223,16,0,0
BRDA:223,16,1,0
BRDA:223,17,0,0
BRDA:223,17,1,0
BRDA:223,17,2,0
BRDA:223,17,3,0
BRDA:223,17,4,0
BRDA:223,17,5,0
BRDA:237,18,0,0
BRDA:237,18,1,0
BRDA:240,19,0,0
BRDA:240,19,1,0
BRDA:243,20,0,0
BRDA:243,20,1,0
BRDA:246,21,0,0
BRDA:246,21,1,0
BRDA:249,22,0,0
BRDA:249,22,1,0
BRDA:252,23,0,0
BRDA:252,23,1,0
BRDA:327,24,0,0
BRDA:327,24,1,0
BRDA:332,25,0,0
BRDA:332,25,1,0
BRDA:342,26,0,0
BRDA:342,26,1,0
BRDA:345,27,0,0
BRDA:345,27,1,0
BRDA:358,28,0,0
BRDA:358,28,1,0
BRDA:361,29,0,0
BRDA:361,29,1,0
BRDA:371,30,0,0
BRDA:371,30,1,0
BRDA:374,31,0,0
BRDA:374,31,1,0
BRDA:386,32,0,0
BRDA:386,32,1,0
BRDA:389,33,0,0
BRDA:389,33,1,0
BRDA:399,34,0,0
BRDA:399,34,1,0
BRDA:402,35,0,0
BRDA:402,35,1,0
BRF:76
BRH:0
end_of_record
TN:
SF:C:\Users\koushik.a.pal\test-projects\EC-Admin-Acc\web-ui\webui-assets\Support/Support.js
FN:5,(anonymous_0)
FNF:1
FNH:0
FNDA:0,(anonymous_0)
DA:1,1
DA:2,1
DA:7,0
LF:3
LH:2
BRF:0
BRH:0
end_of_record
TN:
SF:C:\Users\koushik.a.pal\test-projects\EC-Admin-Acc\web-ui\webui-assets\Topologygraph/Topologygraph.js
FN:5,(anonymous_0)
FN:9,(anonymous_1)
FN:13,(anonymous_2)
FN:17,(anonymous_3)
FNF:4
FNH:3
FNDA:2,(anonymous_0)
FNDA:2,(anonymous_1)
FNDA:0,(anonymous_2)
FNDA:2,(anonymous_3)
DA:1,1
DA:6,2
DA:10,2
DA:14,0
DA:19,2
LF:5
LH:4
BRF:0
BRH:0
end_of_record
TN:
SF:C:\Users\koushik.a.pal\test-projects\EC-Admin-Acc\web-ui\webui-assets\Treelist/Treelist.js
FN:6,(anonymous_0)
FN:10,(anonymous_1)
FN:12,(anonymous_2)
FN:24,(anonymous_3)
FN:28,(anonymous_4)
FN:42,(anonymous_5)
FN:59,(anonymous_6)
FN:64,(anonymous_7)
FNF:8
FNH:4
FNDA:2,(anonymous_0)
FNDA:2,(anonymous_1)
FNDA:2,(anonymous_2)
FNDA:0,(anonymous_3)
FNDA:0,(anonymous_4)
FNDA:0,(anonymous_5)
FNDA:2,(anonymous_6)
FNDA:0,(anonymous_7)
DA:1,1
DA:2,1
DA:7,2
DA:11,2
DA:12,2
DA:13,2
DA:14,2
DA:15,0
DA:16,0
DA:17,0
DA:18,0
DA:29,0
DA:31,0
DA:43,0
DA:52,0
DA:61,2
DA:65,0
LF:17
LH:8
BRDA:14,0,0,0
BRDA:14,0,1,2
BRDA:17,1,0,0
BRDA:17,1,1,0
BRDA:29,2,0,0
BRDA:29,2,1,0
BRDA:64,3,0,0
BRDA:64,3,1,2
BRF:8
BRH:2
end_of_record
TN:
SF:C:\Users\koushik.a.pal\test-projects\EC-Admin-Acc\web-ui\webui-assets\View/Businessview.js
FN:10,(anonymous_0)
FN:35,(anonymous_1)
FN:124,(anonymous_2)
FN:160,(anonymous_3)
FNF:4
FNH:3
FNDA:3,(anonymous_0)
FNDA:3,(anonymous_1)
FNDA:0,(anonymous_2)
FNDA:6,(anonymous_3)
DA:1,1
DA:2,1
DA:4,1
DA:5,1
DA:6,1
DA:11,3
DA:12,3
DA:36,3
DA:94,3
DA:95,3
DA:96,3
DA:97,3
DA:98,3
DA:99,3
DA:100,3
DA:101,3
DA:102,3
DA:103,3
DA:104,15
DA:105,15
DA:106,15
DA:107,15
DA:109,15
DA:110,15
DA:115,3
DA:125,0
DA:126,0
DA:127,0
DA:128,0
DA:129,0
DA:130,0
DA:131,0
DA:132,0
DA:133,0
DA:134,0
DA:135,0
DA:136,0
DA:137,0
DA:138,0
DA:139,0
DA:140,0
DA:141,0
DA:142,0
DA:143,0
DA:145,0
DA:146,0
DA:147,0
DA:148,0
DA:152,0
DA:162,6
LF:50
LH:26
BRDA:96,0,0,3
BRDA:96,0,1,0
BRDA:102,1,0,3
BRDA:102,1,1,0
BRDA:134,2,0,0
BRDA:134,2,1,0
BRDA:228,3,0,0
BRDA:228,3,1,6
BRF:8
BRH:3
end_of_record
TN:
SF:C:\Users\koushik.a.pal\test-projects\EC-Admin-Acc\web-ui\webui-assets\View/Customsearch.js
FN:5,(anonymous_0)
FN:24,(anonymous_1)
FN:51,(anonymous_2)
FN:68,(anonymous_3)
FN:75,(anonymous_4)
FN:82,(anonymous_5)
FN:84,(anonymous_6)
FN:86,(anonymous_7)
FN:89,(anonymous_8)
FN:97,(anonymous_9)
FN:113,(anonymous_10)
FN:140,(anonymous_11)
FN:156,(anonymous_12)
FN:183,(anonymous_13)
FN:197,(anonymous_14)
FN:200,(anonymous_15)
FN:207,(anonymous_16)
FN:210,(anonymous_17)
FN:233,(anonymous_18)
FN:263,(anonymous_19)
FN:269,(anonymous_20)
FN:275,(anonymous_21)
FN:293,(anonymous_22)
FN:311,(anonymous_23)
FN:317,(anonymous_24)
FN:318,(anonymous_25)
FN:328,(anonymous_26)
FN:329,(anonymous_27)
FN:335,(anonymous_28)
FN:336,(anonymous_29)
FN:342,(anonymous_30)
FN:373,(anonymous_31)
FN:374,(anonymous_32)
FN:395,(anonymous_33)
FN:398,(anonymous_34)
FNF:35
FNH:7
FNDA:5,(anonymous_0)
FNDA:5,(anonymous_1)
FNDA:0,(anonymous_2)
FNDA:0,(anonymous_3)
FNDA:0,(anonymous_4)
FNDA:0,(anonymous_5)
FNDA:0,(anonymous_6)
FNDA:0,(anonymous_7)
FNDA:0,(anonymous_8)
FNDA:0,(anonymous_9)
FNDA:0,(anonymous_10)
FNDA:0,(anonymous_11)
FNDA:0,(anonymous_12)
FNDA:0,(anonymous_13)
FNDA:0,(anonymous_14)
FNDA:0,(anonymous_15)
FNDA:0,(anonymous_16)
FNDA:0,(anonymous_17)
FNDA:0,(anonymous_18)
FNDA:0,(anonymous_19)
FNDA:0,(anonymous_20)
FNDA:0,(anonymous_21)
FNDA:10,(anonymous_22)
FNDA:5,(anonymous_23)
FNDA:0,(anonymous_24)
FNDA:0,(anonymous_25)
FNDA:0,(anonymous_26)
FNDA:5,(anonymous_27)
FNDA:0,(anonymous_28)
FNDA:20,(anonymous_29)
FNDA:0,(anonymous_30)
FNDA:0,(anonymous_31)
FNDA:5,(anonymous_32)
FNDA:0,(anonymous_33)
FNDA:0,(anonymous_34)
DA:1,1
DA:6,5
DA:7,5
DA:26,5
DA:27,5
DA:29,5
DA:33,5
DA:39,5
DA:49,5
DA:50,5
DA:51,0
DA:52,0
DA:56,5
DA:69,0
DA:76,0
DA:83,0
DA:84,0
DA:85,0
DA:86,0
DA:90,0
DA:91,0
DA:92,0
DA:94,0
DA:98,0
DA:99,0
DA:100,0
DA:101,0
DA:102,0
DA:105,0
DA:107,0
DA:114,0
DA:115,0
DA:116,0
DA:117,0
DA:118,0
DA:119,0
DA:120,0
DA:121,0
DA:122,0
DA:123,0
DA:124,0
DA:125,0
DA:126,0
DA:127,0
DA:129,0
DA:141,0
DA:142,0
DA:143,0
DA:144,0
DA:145,0
DA:148,0
DA:150,0
DA:157,0
DA:158,0
DA:159,0
DA:160,0
DA:161,0
DA:162,0
DA:163,0
DA:164,0
DA:165,0
DA:166,0
DA:167,0
DA:168,0
DA:169,0
DA:170,0
DA:172,0
DA:184,0
DA:185,0
DA:192,0
DA:194,0
DA:197,0
DA:201,0
DA:202,0
DA:204,0
DA:207,0
DA:211,0
DA:212,0
DA:214,0
DA:215,0
DA:216,0
DA:217,0
DA:218,0
DA:219,0
DA:223,0
DA:224,0
DA:227,0
DA:234,0
DA:235,0
DA:236,0
DA:237,0
DA:238,0
DA:239,0
DA:240,0
DA:241,0
DA:244,0
DA:247,0
DA:248,0
DA:250,0
DA:251,0
DA:253,0
DA:254,0
DA:257,0
DA:260,0
DA:264,0
DA:267,0
DA:268,0
DA:269,0
DA:270,0
DA:271,0
DA:276,0
DA:286,0
DA:295,10
DA:312,5
DA:317,0
DA:319,0
DA:328,0
DA:330,5
DA:335,0
DA:337,20
DA:342,0
DA:373,0
DA:375,5
DA:395,0
DA:399,0
LF:125
LH:16
BRDA:91,0,0,0
BRDA:91,0,1,0
BRDA:100,1,0,0
BRDA:100,1,1,0
BRDA:115,2,0,0
BRDA:115,2,1,0
BRDA:126,3,0,0
BRDA:126,3,1,0
BRDA:143,4,0,0
BRDA:143,4,1,0
BRDA:158,5,0,0
BRDA:158,5,1,0
BRDA:169,6,0,0
BRDA:169,6,1,0
BRDA:216,7,0,0
BRDA:216,7,1,0
BRDA:217,8,0,0
BRDA:217,8,1,0
BRDA:223,9,0,0
BRDA:223,9,1,0
BRDA:237,10,0,0
BRDA:237,10,1,0
BRDA:240,11,0,0
BRDA:240,11,1,0
BRDA:247,12,0,0
BRDA:247,12,1,0
BRDA:250,13,0,0
BRDA:250,13,1,0
BRDA:253,14,0,0
BRDA:253,14,1,0
BRDA:315,15,0,0
BRDA:315,15,1,5
BRDA:343,16,0,0
BRDA:343,16,1,5
BRDA:380,17,0,0
BRDA:380,17,1,5
BRDA:398,18,0,0
BRDA:398,18,1,10
BRDA:404,19,0,0
BRDA:404,19,1,0
BRDA:418,20,0,0
BRDA:418,20,1,10
BRDA:418,21,0,10
BRDA:418,21,1,10
BRF:44
BRH:7
end_of_record
TN:
SF:C:\Users\koushik.a.pal\test-projects\EC-Admin-Acc\web-ui\webui-assets\View/Technicalview.js
FN:10,(anonymous_0)
FN:28,(anonymous_1)
FN:45,(anonymous_2)
FN:47,(anonymous_3)
FN:60,(anonymous_4)
FN:101,(anonymous_5)
FN:104,(anonymous_6)
FN:138,(anonymous_7)
FN:140,(anonymous_8)
FN:151,(anonymous_9)
FN:181,(anonymous_10)
FN:235,(anonymous_11)
FN:250,(anonymous_12)
FN:326,(anonymous_13)
FN:387,(anonymous_14)
FN:388,(anonymous_15)
FN:389,(anonymous_16)
FN:393,(anonymous_17)
FNF:18
FNH:2
FNDA:3,(anonymous_0)
FNDA:0,(anonymous_1)
FNDA:0,(anonymous_2)
FNDA:0,(anonymous_3)
FNDA:0,(anonymous_4)
FNDA:0,(anonymous_5)
FNDA:0,(anonymous_6)
FNDA:0,(anonymous_7)
FNDA:0,(anonymous_8)
FNDA:0,(anonymous_9)
FNDA:0,(anonymous_10)
FNDA:0,(anonymous_11)
FNDA:0,(anonymous_12)
FNDA:0,(anonymous_13)
FNDA:0,(anonymous_14)
FNDA:0,(anonymous_15)
FNDA:0,(anonymous_16)
FNDA:5,(anonymous_17)
DA:1,1
DA:2,1
DA:4,1
DA:5,1
DA:6,1
DA:11,3
DA:12,3
DA:30,0
DA:37,0
DA:46,0
DA:47,0
DA:49,0
DA:50,0
DA:51,0
DA:52,0
DA:55,0
DA:56,0
DA:57,0
DA:58,0
DA:59,0
DA:60,0
DA:61,0
DA:64,0
DA:68,0
DA:69,0
DA:70,0
DA:71,0
DA:72,0
DA:73,0
DA:74,0
DA:75,0
DA:76,0
DA:77,0
DA:78,0
DA:79,0
DA:80,0
DA:82,0
DA:83,0
DA:85,0
DA:86,0
DA:89,0
DA:92,0
DA:93,0
DA:102,0
DA:103,0
DA:104,0
DA:105,0
DA:106,0
DA:107,0
DA:109,0
DA:110,0
DA:111,0
DA:112,0
DA:113,0
DA:114,0
DA:115,0
DA:116,0
DA:117,0
DA:118,0
DA:120,0
DA:121,0
DA:123,0
DA:124,0
DA:127,0
DA:130,0
DA:139,0
DA:140,0
DA:141,0
DA:142,0
DA:143,0
DA:144,0
DA:145,0
DA:146,0
DA:147,0
DA:148,0
DA:150,0
DA:151,0
DA:152,0
DA:154,0
DA:158,0
DA:159,0
DA:160,0
DA:161,0
DA:162,0
DA:163,0
DA:164,0
DA:165,0
DA:166,0
DA:168,0
DA:169,0
DA:171,0
DA:172,0
DA:175,0
DA:180,0
DA:181,0
DA:182,0
DA:184,0
DA:186,0
DA:187,0
DA:189,0
DA:190,0
DA:200,0
DA:203,0
DA:204,0
DA:205,0
DA:206,0
DA:207,0
DA:208,0
DA:210,0
DA:211,0
DA:213,0
DA:214,0
DA:215,0
DA:218,0
DA:223,0
DA:224,0
DA:227,0
DA:233,0
DA:234,0
DA:235,0
DA:236,0
DA:239,0
DA:248,0
DA:249,0
DA:250,0
DA:251,0
DA:254,0
DA:262,0
DA:267,0
DA:268,0
DA:269,0
DA:270,0
DA:271,0
DA:272,0
DA:273,0
DA:274,0
DA:275,0
DA:282,0
DA:283,0
DA:284,0
DA:285,0
DA:286,0
DA:287,0
DA:288,0
DA:289,0
DA:290,0
DA:292,0
DA:293,0
DA:295,0
DA:296,0
DA:298,0
DA:299,0
DA:305,0
DA:307,0
DA:308,0
DA:313,0
DA:327,0
DA:328,0
DA:329,0
DA:330,0
DA:331,0
DA:332,0
DA:333,0
DA:334,0
DA:335,0
DA:336,0
DA:337,0
DA:338,0
DA:339,0
DA:340,0
DA:341,0
DA:342,0
DA:343,0
DA:344,0
DA:345,0
DA:346,0
DA:347,0
DA:348,0
DA:349,0
DA:350,0
DA:351,0
DA:352,0
DA:353,0
DA:354,0
DA:355,0
DA:356,0
DA:357,0
DA:358,0
DA:360,0
DA:361,0
DA:362,0
DA:364,0
DA:365,0
DA:366,0
DA:368,0
DA:369,0
DA:370,0
DA:372,0
DA:373,0
DA:374,0
DA:375,0
DA:379,0
DA:388,0
DA:389,0
DA:395,5
LF:205
LH:8
BRDA:46,0,0,0
BRDA:46,0,1,0
BRDA:49,1,0,0
BRDA:49,1,1,0
BRDA:51,2,0,0
BRDA:51,2,1,0
BRDA:58,3,0,0
BRDA:58,3,1,0
BRDA:77,4,0,0
BRDA:77,4,1,0
BRDA:85,5,0,0
BRDA:85,5,1,0
BRDA:92,6,0,0
BRDA:92,6,1,0
BRDA:102,7,0,0
BRDA:102,7,1,0
BRDA:105,8,0,0
BRDA:105,8,1,0
BRDA:115,9,0,0
BRDA:115,9,1,0
BRDA:123,10,0,0
BRDA:123,10,1,0
BRDA:139,11,0,0
BRDA:139,11,1,0
BRDA:142,12,0,0
BRDA:142,12,1,0
BRDA:150,13,0,0
BRDA:150,13,1,0
BRDA:152,14,0,0
BRDA:152,14,1,0
BRDA:158,15,0,0
BRDA:158,15,1,0
BRDA:171,16,0,0
BRDA:171,16,1,0
BRDA:180,17,0,0
BRDA:180,17,1,0
BRDA:182,18,0,0
BRDA:182,18,1,0
BRDA:186,19,0,0
BRDA:186,19,1,0
BRDA:189,20,0,0
BRDA:189,20,1,0
BRDA:213,21,0,0
BRDA:213,21,1,0
BRDA:214,22,0,0
BRDA:214,22,1,0
BRDA:223,23,0,0
BRDA:223,23,1,0
BRDA:233,24,0,0
BRDA:233,24,1,0
BRDA:248,25,0,0
BRDA:248,25,1,0
BRDA:269,26,0,0
BRDA:269,26,1,0
BRDA:283,27,0,0
BRDA:283,27,1,0
BRDA:289,28,0,0
BRDA:289,28,1,0
BRDA:292,29,0,0
BRDA:292,29,1,0
BRDA:292,30,0,0
BRDA:292,30,1,0
BRDA:295,31,0,0
BRDA:295,31,1,0
BRDA:342,32,0,0
BRDA:342,32,1,0
BRDA:356,33,0,0
BRDA:356,33,1,0
BRDA:360,34,0,0
BRDA:360,34,1,0
BRDA:360,35,0,0
BRDA:360,35,1,0
BRDA:364,36,0,0
BRDA:364,36,1,0
BRDA:411,37,0,0
BRDA:411,37,1,5
BRDA:427,38,0,2
BRDA:427,38,1,3
BRDA:436,39,0,2
BRDA:436,39,1,3
BRF:80
BRH:5
end_of_record
TN:
SF:C:\Users\koushik.a.pal\test-projects\EC-Admin-Acc\web-ui\webui-assets\View/View.js
FN:9,(anonymous_0)
FN:24,(anonymous_1)
FN:34,(anonymous_2)
FN:36,(anonymous_3)
FN:85,(anonymous_4)
FN:87,(anonymous_5)
FN:153,(anonymous_6)
FN:155,(anonymous_7)
FN:235,(anonymous_8)
FN:280,(anonymous_9)
FN:281,(anonymous_10)
FN:286,(anonymous_11)
FN:302,(anonymous_12)
FN:308,(anonymous_13)
FN:314,(anonymous_14)
FN:326,(anonymous_15)
FN:345,(anonymous_16)
FN:350,(anonymous_17)
FN:355,(anonymous_18)
FN:360,(anonymous_19)
FN:373,(anonymous_20)
FN:378,(anonymous_21)
FN:383,(anonymous_22)
FN:388,(anonymous_23)
FN:408,(anonymous_24)
FN:453,(anonymous_25)
FNF:26
FNH:3
FNDA:3,(anonymous_0)
FNDA:0,(anonymous_1)
FNDA:0,(anonymous_2)
FNDA:0,(anonymous_3)
FNDA:0,(anonymous_4)
FNDA:0,(anonymous_5)
FNDA:0,(anonymous_6)
FNDA:0,(anonymous_7)
FNDA:0,(anonymous_8)
FNDA:0,(anonymous_9)
FNDA:0,(anonymous_10)
FNDA:0,(anonymous_11)
FNDA:0,(anonymous_12)
FNDA:0,(anonymous_13)
FNDA:5,(anonymous_14)
FNDA:0,(anonymous_15)
FNDA:0,(anonymous_16)
FNDA:0,(anonymous_17)
FNDA:0,(anonymous_18)
FNDA:0,(anonymous_19)
FNDA:0,(anonymous_20)
FNDA:0,(anonymous_21)
FNDA:0,(anonymous_22)
FNDA:0,(anonymous_23)
FNDA:0,(anonymous_24)
FNDA:5,(anonymous_25)
DA:1,1
DA:3,1
DA:4,1
DA:5,1
DA:10,3
DA:11,3
DA:25,0
DA:26,0
DA:35,0
DA:36,0
DA:58,0
DA:59,0
DA:60,0
DA:63,0
DA:64,0
DA:65,0
DA:66,0
DA:67,0
DA:68,0
DA:69,0
DA:70,0
DA:71,0
DA:72,0
DA:73,0
DA:77,0
DA:86,0
DA:87,0
DA:89,0
DA:127,0
DA:128,0
DA:131,0
DA:132,0
DA:133,0
DA:134,0
DA:135,0
DA:136,0
DA:137,0
DA:138,0
DA:139,0
DA:140,0
DA:141,0
DA:145,0
DA:154,0
DA:155,0
DA:156,0
DA:190,0
DA:191,0
DA:194,0
DA:195,0
DA:196,0
DA:197,0
DA:198,0
DA:199,0
DA:200,0
DA:201,0
DA:202,0
DA:203,0
DA:205,0
DA:206,0
DA:236,0
DA:237,0
DA:238,0
DA:239,0
DA:240,0
DA:241,0
DA:242,0
DA:243,0
DA:244,0
DA:245,0
DA:246,0
DA:247,0
DA:250,0
DA:251,0
DA:252,0
DA:253,0
DA:254,0
DA:255,0
DA:256,0
DA:257,0
DA:258,0
DA:261,0
DA:263,0
DA:264,0
DA:266,0
DA:270,0
DA:281,0
DA:282,0
DA:287,0
DA:288,0
DA:289,0
DA:290,0
DA:291,0
DA:292,0
DA:293,0
DA:294,0
DA:303,0
DA:309,0
DA:315,5
DA:316,5
DA:318,4
DA:322,1
DA:328,0
DA:329,0
DA:330,0
DA:331,0
DA:332,0
DA:333,0
DA:334,0
DA:335,0
DA:337,0
DA:338,0
DA:342,0
DA:343,0
DA:344,0
DA:345,0
DA:346,0
DA:349,0
DA:350,0
DA:351,0
DA:354,0
DA:355,0
DA:356,0
DA:359,0
DA:360,0
DA:361,0
DA:367,0
DA:368,0
DA:369,0
DA:370,0
DA:371,0
DA:372,0
DA:373,0
DA:374,0
DA:377,0
DA:378,0
DA:379,0
DA:382,0
DA:383,0
DA:384,0
DA:387,0
DA:388,0
DA:389,0
DA:393,0
DA:394,0
DA:395,0
DA:400,0
DA:401,0
DA:402,0
DA:407,0
DA:408,0
DA:409,0
DA:410,0
DA:411,0
DA:412,0
DA:417,0
DA:420,0
DA:421,0
DA:422,0
DA:423,0
DA:425,0
DA:426,0
DA:427,0
DA:428,0
DA:429,0
DA:430,0
DA:431,0
DA:432,0
DA:433,0
DA:436,0
DA:438,0
DA:439,0
DA:441,0
DA:444,0
DA:455,5
LF:174
LH:11
BRDA:35,0,0,0
BRDA:35,0,1,0
BRDA:59,1,0,0
BRDA:59,1,1,0
BRDA:63,2,0,0
BRDA:63,2,1,0
BRDA:86,3,0,0
BRDA:86,3,1,0
BRDA:127,4,0,0
BRDA:127,4,1,0
BRDA:131,5,0,0
BRDA:131,5,1,0
BRDA:154,6,0,0
BRDA:154,6,1,0
BRDA:190,7,0,0
BRDA:190,7,1,0
BRDA:240,8,0,0
BRDA:240,8,1,0
BRDA:255,9,0,0
BRDA:255,9,1,0
BRDA:316,10,0,4
BRDA:316,10,1,1
BRDA:334,11,0,0
BRDA:334,11,1,0
BRDA:334,12,0,0
BRDA:334,12,1,0
BRDA:337,13,0,0
BRDA:337,13,1,0
BRDA:337,14,0,0
BRDA:337,14,1,0
BRDA:342,15,0,0
BRDA:342,15,1,0
BRDA:344,16,0,0
BRDA:344,16,1,0
BRDA:349,17,0,0
BRDA:349,17,1,0
BRDA:354,18,0,0
BRDA:354,18,1,0
BRDA:359,19,0,0
BRDA:359,19,1,0
BRDA:367,20,0,0
BRDA:367,20,1,0
BRDA:372,21,0,0
BRDA:372,21,1,0
BRDA:377,22,0,0
BRDA:377,22,1,0
BRDA:382,23,0,0
BRDA:382,23,1,0
BRDA:387,24,0,0
BRDA:387,24,1,0
BRDA:393,25,0,0
BRDA:393,25,1,0
BRDA:400,26,0,0
BRDA:400,26,1,0
BRDA:407,27,0,0
BRDA:407,27,1,0
BRDA:410,28,0,0
BRDA:410,28,1,0
BRDA:430,29,0,0
BRDA:430,29,1,0
BRDA:458,30,0,5
BRDA:458,30,1,0
BRF:62
BRH:3
end_of_record
TN:
SF:C:\Users\koushik.a.pal\test-projects\EC-Admin-Acc\web-ui\webui-assets\Viewtable/Viewtable.js
FN:5,(anonymous_0)
FN:8,(anonymous_1)
FN:12,(anonymous_2)
FN:18,(anonymous_3)
FN:24,(anonymous_4)
FN:27,(anonymous_5)
FNF:6
FNH:0
FNDA:0,(anonymous_0)
FNDA:0,(anonymous_1)
FNDA:0,(anonymous_2)
FNDA:0,(anonymous_3)
FNDA:0,(anonymous_4)
FNDA:0,(anonymous_5)
DA:1,1
DA:9,0
DA:14,0
DA:19,0
DA:25,0
DA:28,0
LF:6
LH:1
BRDA:33,0,0,0
BRDA:33,0,1,0
BRDA:32,1,0,0
BRDA:32,1,1,0
BRDA:32,1,2,0
BRF:5
BRH:0
end_of_record
TN:
SF:C:\Users\koushik.a.pal\test-projects\EC-Admin-Acc\web-ui\webui-assets\static\helpText/helpText.js
FNF:0
FNH:0
DA:2,1
LF:1
LH:1
BRF:0
BRH:0
end_of_record
